#
# A fatal error has been detected by the Java Runtime Environment:
#
#  EXCEPTION_ACCESS_VIOLATION (0xc0000005) at pc=0x000002a7a2703e5d, pid=1740, tid=27920
#
# JRE version: OpenJDK Runtime Environment Zulu21.28+85-CA (21.0+35) (build 21+35)
# Java VM: OpenJDK 64-Bit Server VM Zulu21.28+85-CA (21+35, mixed mode, sharing, tiered, compressed oops, compressed class ptrs, g1 gc, windows-amd64)
# Problematic frame:
# J 726 c2 sun.misc.Unsafe.putLong(Ljava/lang/Object;JJ)V jdk.unsupported@21 (11 bytes) @ 0x000002a7a2703e5d [0x000002a7a2703e20+0x000000000000003d]
#
# No core dump will be written. Minidumps are not enabled by default on client versions of Windows
#
# If you would like to submit a bug report, please visit:
#   http://www.azul.com/support/
#

---------------  S U M M A R Y ------------

Command Line: -Dfile.encoding=windows-1252 -Duser.country=DK -Duser.language=da -Duser.variant org.example.Main

Host: Intel(R) Core(TM) i9-9900K CPU @ 3.60GHz, 16 cores, 15G,  Windows 10 , 64 bit Build 19041 (10.0.19041.5438)
Time: Wed Mar 12 10:17:09 2025 Rom, normaltid elapsed time: 0.783899 seconds (0d 0h 0m 0s)

---------------  T H R E A D  ---------------

Current thread (0x000002a790301580):  JavaThread "main"             [_thread_in_Java, id=27920, stack(0x000000e099100000,0x000000e099200000) (1024K)]

Stack: [0x000000e099100000,0x000000e099200000],  sp=0x000000e0991ff060,  free space=1020k
Native frames: (J=compiled Java code, j=interpreted, Vv=VM code, C=native code)
C  0x000002a7a2703e5d

The last pc belongs to nmethod (printed below).

siginfo: EXCEPTION_ACCESS_VIOLATION (0xc0000005), writing address 0x0000000000000010


Registers:
RAX=0x000002a7f4144440, RBX=0x000002a7f4144440, RCX=0x00000007108db068, RDX=0x00000007108db068
RSP=0x000000e0991ff060, RBP=0x000000e0991ff0f8, RSI=0x000000000000030a, RDI=0x000000003f800000
R8 =0x0000000000000000, R9 =0x0000000000000010, R10=0x0000000000000000, R11=0x000002a7a2703e40
R12=0x0000000000000000, R13=0x000000e0991ff080, R14=0x000000e0991ff120, R15=0x000002a790301580
RIP=0x000002a7a2703e5d, EFLAGS=0x0000000000010246


Register to memory mapping:

RAX={method} {0x000002a7f4144448} 'putLong' '(Ljava/lang/Object;JJ)V' in 'sun/misc/Unsafe'
RBX={method} {0x000002a7f4144448} 'putLong' '(Ljava/lang/Object;JJ)V' in 'sun/misc/Unsafe'
RCX=0x00000007108db068 is an oop: sun.misc.Unsafe 
{0x00000007108db068} - klass: 'sun/misc/Unsafe'
 - ---- fields (total size 2 words):
RDX=0x00000007108db068 is an oop: sun.misc.Unsafe 
{0x00000007108db068} - klass: 'sun/misc/Unsafe'
 - ---- fields (total size 2 words):
RSP=0x000000e0991ff060 is pointing into the stack for thread: 0x000002a790301580
RBP=0x000000e0991ff0f8 is pointing into the stack for thread: 0x000002a790301580
RSI=0x000000000000030a is an unknown value
RDI=0x000000003f800000 is an unknown value
R8 =0x0 is null
R9 =0x0000000000000010 is an unknown value
R10=0x0 is null
R11=0x000002a7a2703e40 is at entry_point+32 in (nmethod*)0x000002a7a2703c90
Compiled method (c2)     806  726       4       sun.misc.Unsafe::putLong (11 bytes)
 total in heap  [0x000002a7a2703c90,0x000002a7a2703ee0] = 592
 relocation     [0x000002a7a2703df0,0x000002a7a2703e08] = 24
 main code      [0x000002a7a2703e20,0x000002a7a2703e98] = 120
 stub code      [0x000002a7a2703e98,0x000002a7a2703eb0] = 24
 scopes data    [0x000002a7a2703eb0,0x000002a7a2703eb8] = 8
 scopes pcs     [0x000002a7a2703eb8,0x000002a7a2703ed8] = 32
 dependencies   [0x000002a7a2703ed8,0x000002a7a2703ee0] = 8
R12=0x0 is null
R13=0x000000e0991ff080 is pointing into the stack for thread: 0x000002a790301580
R14=0x000000e0991ff120 is pointing into the stack for thread: 0x000002a790301580
R15=0x000002a790301580 is a thread

Top of Stack: (sp=0x000000e0991ff060)
0x000000e0991ff060:   000000e0991ff0f8 000000000000030a
0x000000e0991ff070:   000000e0991ff0f8 000002a7a1f88846
0x000000e0991ff080:   000000003f800000 0000000000000000
0x000000e0991ff090:   0000000000000010 0000000000000000
0x000000e0991ff0a0:   0000000000000000 00000007108db068
0x000000e0991ff0b0:   000000e0991ff0b0 000002a7f46cbde9
0x000000e0991ff0c0:   0000000000000005 000002a7f46f0000
0x000000e0991ff0d0:   0000000000000000 0000000710384520
0x000000e0991ff0e0:   000002a7f46cbe28 000000e0991ff080
0x000000e0991ff0f0:   000000e0991ff110 000000e0991ff170
0x000000e0991ff100:   000002a7a1f88846 0000000000000000
0x000000e0991ff110:   0000000000000010 0000000000000000
0x000000e0991ff120:   000000071026dd88 000000e0991ff128
0x000000e0991ff130:   000002a7f46d2866 0000000000000005
0x000000e0991ff140:   000002a7f46f0000 0000000000000000
0x000000e0991ff150:   0000000710384520 000002a7f46d28b0
0x000000e0991ff160:   000000e0991ff110 000000e0991ff180
0x000000e0991ff170:   000000e0991ff1e8 000002a7a1f88846
0x000000e0991ff180:   0000000710313638 0000000000000000
0x000000e0991ff190:   000000071026dd88 00000007101e7ac8
0x000000e0991ff1a0:   000000e0991ff1a0 000002a7f4649c49
0x000000e0991ff1b0:   0000000000000003 000002a7f467a7d0
0x000000e0991ff1c0:   0000000000000000 000000071026dc78
0x000000e0991ff1d0:   000002a7f4649c70 000000e0991ff180
0x000000e0991ff1e0:   000000e0991ff1f8 000000e0991ff250
0x000000e0991ff1f0:   000002a7a1f889b8 0000000710313638
0x000000e0991ff200:   000000071026dd88 000000e0991ff208
0x000000e0991ff210:   000002a7f457aff3 0000000000000006
0x000000e0991ff220:   000002a7f45579a0 0000000000000000
0x000000e0991ff230:   00000007104ff6e8 000002a7f457b048
0x000000e0991ff240:   000000e0991ff1f8 000000e0991ff270
0x000000e0991ff250:   000000e0991ff2d0 000002a7a1f88846 

Instructions: (pc=0x000002a7a2703e5d)
0x000002a7a2703d5d:   00 00 00 00 00 00 00 00 00 00 00 00 00 00 00 00
0x000002a7a2703d6d:   00 00 00 20 3e 70 a2 a7 02 00 00 40 3e 70 a2 a7
0x000002a7a2703d7d:   02 00 00 20 3e 70 a2 a7 02 00 00 00 00 00 00 00
0x000002a7a2703d8d:   00 00 00 ff ff ff ff 08 02 00 00 ff ff ff ff 90
0x000002a7a2703d9d:   01 00 00 08 02 00 00 20 02 00 00 20 02 00 00 00
0x000002a7a2703dad:   00 00 00 28 02 00 00 48 02 00 00 50 02 00 00 50
0x000002a7a2703dbd:   02 00 00 50 02 00 00 50 02 00 00 50 02 00 00 00
0x000002a7a2703dcd:   00 00 00 d6 02 00 00 02 00 00 00 ff ff ff ff ff
0x000002a7a2703ddd:   ff ff ff 04 02 00 00 00 00 00 00 00 00 00 00 00
0x000002a7a2703ded:   00 00 00 14 30 32 58 0e 78 0e 40 11 31 05 31 0e
0x000002a7a2703dfd:   00 00 31 0f 31 00 00 00 00 00 00 00 00 00 00 00
0x000002a7a2703e0d:   00 00 00 00 00 00 00 00 00 00 00 00 00 00 00 00
0x000002a7a2703e1d:   00 00 00 44 8b 52 08 49 bb 00 00 00 b3 a7 02 00
0x000002a7a2703e2d:   00 4d 03 d3 49 3b c2 0f 85 46 a9 8c ff 66 90 0f
0x000002a7a2703e3d:   1f 40 00 48 81 ec 18 00 00 00 48 89 6c 24 10 41
0x000002a7a2703e4d:   81 7f 20 01 00 00 00 0f 85 30 00 00 00 4d 8b d0
0x000002a7a2703e5d:   4b 89 3c 0a 48 83 c4 10 5d 49 3b a7 50 04 00 00
0x000002a7a2703e6d:   0f 87 01 00 00 00 c3 49 ba 66 3e 70 a2 a7 02 00
0x000002a7a2703e7d:   00 4d 89 97 68 04 00 00 e9 76 18 8d ff e8 d1 0e
0x000002a7a2703e8d:   8b ff e9 c6 ff ff ff f4 f4 f4 f4 e9 e3 85 99 ff
0x000002a7a2703e9d:   e8 00 00 00 00 48 83 2c 24 05 e9 f4 0a 8d ff f4
0x000002a7a2703ead:   f4 f4 f4 ff 00 00 00 00 00 00 00 ff ff ff ff 00
0x000002a7a2703ebd:   00 00 00 00 00 00 00 00 00 00 00 91 00 00 00 00
0x000002a7a2703ecd:   00 00 00 00 00 00 00 00 00 00 00 00 00 00 00 00
0x000002a7a2703edd:   00 00 00 00 00 00 00 00 00 00 00 00 00 00 00 00
0x000002a7a2703eed:   00 00 00 00 00 00 00 00 00 00 00 00 00 00 00 00
0x000002a7a2703efd:   00 00 00 00 00 00 00 00 00 00 00 00 00 00 00 00
0x000002a7a2703f0d:   00 00 00 00 00 00 00 00 00 00 00 00 00 00 00 00
0x000002a7a2703f1d:   00 00 00 00 00 00 00 00 00 00 00 00 00 00 00 00
0x000002a7a2703f2d:   00 00 00 00 00 00 00 00 00 00 00 00 00 00 00 00
0x000002a7a2703f3d:   00 00 00 00 00 00 00 00 00 00 00 00 00 00 00 00
0x000002a7a2703f4d:   00 00 00 00 00 00 00 00 00 00 00 00 00 00 00 00 


Stack slot to memory mapping:

stack at sp + 0 slots: 0x000000e0991ff0f8 is pointing into the stack for thread: 0x000002a790301580
stack at sp + 1 slots: 0x000000000000030a is an unknown value
stack at sp + 2 slots: 0x000000e0991ff0f8 is pointing into the stack for thread: 0x000002a790301580
stack at sp + 3 slots: 0x000002a7a1f88846 is at code_begin+1158 in an Interpreter codelet
return entry points  [0x000002a7a1f883c0, 0x000002a7a1f88f18]  2904 bytes
stack at sp + 4 slots: 0x000000003f800000 is an unknown value
stack at sp + 5 slots: 0x0 is null
stack at sp + 6 slots: 0x0000000000000010 is an unknown value
stack at sp + 7 slots: 0x0 is null


Compiled method (c2)     826  726       4       sun.misc.Unsafe::putLong (11 bytes)
 total in heap  [0x000002a7a2703c90,0x000002a7a2703ee0] = 592
 relocation     [0x000002a7a2703df0,0x000002a7a2703e08] = 24
 main code      [0x000002a7a2703e20,0x000002a7a2703e98] = 120
 stub code      [0x000002a7a2703e98,0x000002a7a2703eb0] = 24
 scopes data    [0x000002a7a2703eb0,0x000002a7a2703eb8] = 8
 scopes pcs     [0x000002a7a2703eb8,0x000002a7a2703ed8] = 32
 dependencies   [0x000002a7a2703ed8,0x000002a7a2703ee0] = 8

[Constant Pool (empty)]

[MachCode]
[Entry Point]
  # {method} {0x000002a7f4144448} 'putLong' '(Ljava/lang/Object;JJ)V' in 'sun/misc/Unsafe'
  # this:     rdx:rdx   = 'sun/misc/Unsafe'
  # parm0:    r8:r8     = 'java/lang/Object'
  # parm1:    r9:r9     = long
  # parm2:    rdi:rdi   = long
  #           [sp+0x20]  (sp of caller)
  0x000002a7a2703e20: 448b 5208 | 49bb 0000 | 00b3 a702 | 0000 4d03 | d349 3bc2 

  0x000002a7a2703e34: ;   {runtime_call ic_miss_stub}
  0x000002a7a2703e34: 0f85 46a9 | 8cff 6690 | 0f1f 4000 
[Verified Entry Point]
  0x000002a7a2703e40: 4881 ec18 | 0000 0048 | 896c 2410 | 4181 7f20 | 0100 0000 | 0f85 3000 | 0000 4d8b | d04b 893c 
  0x000002a7a2703e60: 0a48 83c4 

  0x000002a7a2703e64: ;   {poll_return}
  0x000002a7a2703e64: 105d 493b | a750 0400 | 000f 8701 | 0000 00c3 

  0x000002a7a2703e74: ;   {internal_word}
  0x000002a7a2703e74: 49ba 663e | 70a2 a702 | 0000 4d89 | 9768 0400 

  0x000002a7a2703e84: ;   {runtime_call SafepointBlob}
  0x000002a7a2703e84: 00e9 7618 

  0x000002a7a2703e88: ;   {runtime_call StubRoutines (final stubs)}
  0x000002a7a2703e88: 8dff e8d1 | 0e8b ffe9 | c6ff ffff | f4f4 f4f4 
[Exception Handler]
  0x000002a7a2703e98: ;   {no_reloc}
  0x000002a7a2703e98: e9e3 8599 | ffe8 0000 | 0000 4883 

  0x000002a7a2703ea4: ;   {runtime_call DeoptimizationBlob}
  0x000002a7a2703ea4: 2c24 05e9 | f40a 8dff | f4f4 f4f4 
[/MachCode]


---------------  P R O C E S S  ---------------

Threads class SMR info:
_java_thread_list=0x000002a7f865f130, length=14, elements={
0x000002a790301580, 0x000002a7b23198a0, 0x000002a7b231a7c0, 0x000002a7b231c590,
0x000002a7b2323480, 0x000002a7b2322030, 0x000002a7b2324160, 0x000002a7b2324b00,
0x000002a7b23275b0, 0x000002a7b2507830, 0x000002a7b261e640, 0x000002a7b261f0c0,
0x000002a7f80a0560, 0x000002a7f8135150
}

Java Threads: ( => current thread )
=>0x000002a790301580 JavaThread "main"                              [_thread_in_Java, id=27920, stack(0x000000e099100000,0x000000e099200000) (1024K)]
  0x000002a7b23198a0 JavaThread "Reference Handler"          daemon [_thread_blocked, id=26084, stack(0x000000e099900000,0x000000e099a00000) (1024K)]
  0x000002a7b231a7c0 JavaThread "Finalizer"                  daemon [_thread_blocked, id=26144, stack(0x000000e099a00000,0x000000e099b00000) (1024K)]
  0x000002a7b231c590 JavaThread "Signal Dispatcher"          daemon [_thread_blocked, id=7644, stack(0x000000e099b00000,0x000000e099c00000) (1024K)]
  0x000002a7b2323480 JavaThread "Attach Listener"            daemon [_thread_blocked, id=37972, stack(0x000000e099c00000,0x000000e099d00000) (1024K)]
  0x000002a7b2322030 JavaThread "Service Thread"             daemon [_thread_blocked, id=39044, stack(0x000000e099d00000,0x000000e099e00000) (1024K)]
  0x000002a7b2324160 JavaThread "Monitor Deflation Thread"   daemon [_thread_blocked, id=1568, stack(0x000000e099e00000,0x000000e099f00000) (1024K)]
  0x000002a7b2324b00 JavaThread "C2 CompilerThread0"         daemon [_thread_blocked, id=37844, stack(0x000000e099f00000,0x000000e09a000000) (1024K)]
  0x000002a7b23275b0 JavaThread "C1 CompilerThread0"         daemon [_thread_blocked, id=9364, stack(0x000000e09a000000,0x000000e09a100000) (1024K)]
  0x000002a7b2507830 JavaThread "C1 CompilerThread1"         daemon [_thread_blocked, id=15164, stack(0x000000e09a100000,0x000000e09a200000) (1024K)]
  0x000002a7b261e640 JavaThread "Notification Thread"        daemon [_thread_blocked, id=16048, stack(0x000000e09a200000,0x000000e09a300000) (1024K)]
  0x000002a7b261f0c0 JavaThread "Common-Cleaner"             daemon [_thread_blocked, id=7392, stack(0x000000e09a300000,0x000000e09a400000) (1024K)]
  0x000002a7f80a0560 JavaThread "C1 CompilerThread2"         daemon [_thread_blocked, id=8428, stack(0x000000e09a500000,0x000000e09a600000) (1024K)]
  0x000002a7f8135150 JavaThread "C1 CompilerThread3"         daemon [_thread_blocked, id=32464, stack(0x000000e09a600000,0x000000e09a700000) (1024K)]
Total: 14

Other Threads:
  0x000002a7b22f9920 VMThread "VM Thread"                           [id=18544, stack(0x000000e099800000,0x000000e099900000) (1024K)]
  0x000002a7b22e1c60 WatcherThread "VM Periodic Task Thread"        [id=17664, stack(0x000000e099700000,0x000000e099800000) (1024K)]
  0x000002a7924c5830 WorkerThread "GC Thread#0"                     [id=13860, stack(0x000000e099200000,0x000000e099300000) (1024K)]
  0x000002a7924d78e0 ConcurrentGCThread "G1 Main Marker"            [id=10388, stack(0x000000e099300000,0x000000e099400000) (1024K)]
  0x000002a7924d8b80 WorkerThread "G1 Conc#0"                       [id=36140, stack(0x000000e099400000,0x000000e099500000) (1024K)]
  0x000002a79252e700 ConcurrentGCThread "G1 Refine#0"               [id=16344, stack(0x000000e099500000,0x000000e099600000) (1024K)]
  0x000002a7b21a14c0 ConcurrentGCThread "G1 Service"                [id=40056, stack(0x000000e099600000,0x000000e099700000) (1024K)]
Total: 7

Threads with active compile tasks:
Total: 0

VM state: not at safepoint (normal execution)

VM Mutex/Monitor currently owned by a thread: None

Heap address: 0x0000000700e00000, size: 4082 MB, Compressed Oops mode: Zero based, Oop shift amount: 3

CDS archive(s) mapped at: [0x000002a7b3000000-0x000002a7b3c90000-0x000002a7b3c90000), size 13172736, SharedBaseAddress: 0x000002a7b3000000, ArchiveRelocationMode: 1.
Compressed class space mapped at: 0x000002a7b4000000-0x000002a7f4000000, reserved size: 1073741824
Narrow klass base: 0x000002a7b3000000, Narrow klass shift: 0, Narrow klass range: 0x100000000

GC Precious Log:
 CardTable entry size: 512
 Card Set container configuration: InlinePtr #cards 4 size 8 Array Of Cards #cards 16 size 48 Howl #buckets 8 coarsen threshold 3686 Howl Bitmap #cards 512 size 80 coarsen threshold 460 Card regions per heap region 1 cards per card region 4096
 CPUs: 16 total, 16 available
 Memory: 16321M
 Large Page Support: Disabled
 NUMA Support: Disabled
 Compressed Oops: Enabled (Zero based)
 Heap Region Size: 2M
 Heap Min Capacity: 8M
 Heap Initial Capacity: 256M
 Heap Max Capacity: 4082M
 Pre-touch: Disabled
 Parallel Workers: 13
 Concurrent Workers: 3
 Concurrent Refinement Workers: 13
 Periodic GC: Disabled

Heap:
 garbage-first heap   total 262144K, used 12288K [0x0000000700e00000, 0x0000000800000000)
  region size 2048K, 7 young (14336K), 0 survivors (0K)
 Metaspace       used 6148K, committed 6400K, reserved 1114112K
  class space    used 306K, committed 448K, reserved 1048576K

Heap Regions: E=young(eden), S=young(survivor), O=old, HS=humongous(starts), HC=humongous(continues), CS=collection set, F=free, TAMS=top-at-mark-start, PB=parsable bottom
|   0|0x0000000700e00000, 0x0000000700e00000, 0x0000000701000000|  0%| F|  |TAMS 0x0000000700e00000| PB 0x0000000700e00000| Untracked 
|   1|0x0000000701000000, 0x0000000701000000, 0x0000000701200000|  0%| F|  |TAMS 0x0000000701000000| PB 0x0000000701000000| Untracked 
|   2|0x0000000701200000, 0x0000000701200000, 0x0000000701400000|  0%| F|  |TAMS 0x0000000701200000| PB 0x0000000701200000| Untracked 
|   3|0x0000000701400000, 0x0000000701400000, 0x0000000701600000|  0%| F|  |TAMS 0x0000000701400000| PB 0x0000000701400000| Untracked 
|   4|0x0000000701600000, 0x0000000701600000, 0x0000000701800000|  0%| F|  |TAMS 0x0000000701600000| PB 0x0000000701600000| Untracked 
|   5|0x0000000701800000, 0x0000000701800000, 0x0000000701a00000|  0%| F|  |TAMS 0x0000000701800000| PB 0x0000000701800000| Untracked 
|   6|0x0000000701a00000, 0x0000000701a00000, 0x0000000701c00000|  0%| F|  |TAMS 0x0000000701a00000| PB 0x0000000701a00000| Untracked 
|   7|0x0000000701c00000, 0x0000000701c00000, 0x0000000701e00000|  0%| F|  |TAMS 0x0000000701c00000| PB 0x0000000701c00000| Untracked 
|   8|0x0000000701e00000, 0x0000000701e00000, 0x0000000702000000|  0%| F|  |TAMS 0x0000000701e00000| PB 0x0000000701e00000| Untracked 
|   9|0x0000000702000000, 0x0000000702000000, 0x0000000702200000|  0%| F|  |TAMS 0x0000000702000000| PB 0x0000000702000000| Untracked 
|  10|0x0000000702200000, 0x0000000702200000, 0x0000000702400000|  0%| F|  |TAMS 0x0000000702200000| PB 0x0000000702200000| Untracked 
|  11|0x0000000702400000, 0x0000000702400000, 0x0000000702600000|  0%| F|  |TAMS 0x0000000702400000| PB 0x0000000702400000| Untracked 
|  12|0x0000000702600000, 0x0000000702600000, 0x0000000702800000|  0%| F|  |TAMS 0x0000000702600000| PB 0x0000000702600000| Untracked 
|  13|0x0000000702800000, 0x0000000702800000, 0x0000000702a00000|  0%| F|  |TAMS 0x0000000702800000| PB 0x0000000702800000| Untracked 
|  14|0x0000000702a00000, 0x0000000702a00000, 0x0000000702c00000|  0%| F|  |TAMS 0x0000000702a00000| PB 0x0000000702a00000| Untracked 
|  15|0x0000000702c00000, 0x0000000702c00000, 0x0000000702e00000|  0%| F|  |TAMS 0x0000000702c00000| PB 0x0000000702c00000| Untracked 
|  16|0x0000000702e00000, 0x0000000702e00000, 0x0000000703000000|  0%| F|  |TAMS 0x0000000702e00000| PB 0x0000000702e00000| Untracked 
|  17|0x0000000703000000, 0x0000000703000000, 0x0000000703200000|  0%| F|  |TAMS 0x0000000703000000| PB 0x0000000703000000| Untracked 
|  18|0x0000000703200000, 0x0000000703200000, 0x0000000703400000|  0%| F|  |TAMS 0x0000000703200000| PB 0x0000000703200000| Untracked 
|  19|0x0000000703400000, 0x0000000703400000, 0x0000000703600000|  0%| F|  |TAMS 0x0000000703400000| PB 0x0000000703400000| Untracked 
|  20|0x0000000703600000, 0x0000000703600000, 0x0000000703800000|  0%| F|  |TAMS 0x0000000703600000| PB 0x0000000703600000| Untracked 
|  21|0x0000000703800000, 0x0000000703800000, 0x0000000703a00000|  0%| F|  |TAMS 0x0000000703800000| PB 0x0000000703800000| Untracked 
|  22|0x0000000703a00000, 0x0000000703a00000, 0x0000000703c00000|  0%| F|  |TAMS 0x0000000703a00000| PB 0x0000000703a00000| Untracked 
|  23|0x0000000703c00000, 0x0000000703c00000, 0x0000000703e00000|  0%| F|  |TAMS 0x0000000703c00000| PB 0x0000000703c00000| Untracked 
|  24|0x0000000703e00000, 0x0000000703e00000, 0x0000000704000000|  0%| F|  |TAMS 0x0000000703e00000| PB 0x0000000703e00000| Untracked 
|  25|0x0000000704000000, 0x0000000704000000, 0x0000000704200000|  0%| F|  |TAMS 0x0000000704000000| PB 0x0000000704000000| Untracked 
|  26|0x0000000704200000, 0x0000000704200000, 0x0000000704400000|  0%| F|  |TAMS 0x0000000704200000| PB 0x0000000704200000| Untracked 
|  27|0x0000000704400000, 0x0000000704400000, 0x0000000704600000|  0%| F|  |TAMS 0x0000000704400000| PB 0x0000000704400000| Untracked 
|  28|0x0000000704600000, 0x0000000704600000, 0x0000000704800000|  0%| F|  |TAMS 0x0000000704600000| PB 0x0000000704600000| Untracked 
|  29|0x0000000704800000, 0x0000000704800000, 0x0000000704a00000|  0%| F|  |TAMS 0x0000000704800000| PB 0x0000000704800000| Untracked 
|  30|0x0000000704a00000, 0x0000000704a00000, 0x0000000704c00000|  0%| F|  |TAMS 0x0000000704a00000| PB 0x0000000704a00000| Untracked 
|  31|0x0000000704c00000, 0x0000000704c00000, 0x0000000704e00000|  0%| F|  |TAMS 0x0000000704c00000| PB 0x0000000704c00000| Untracked 
|  32|0x0000000704e00000, 0x0000000704e00000, 0x0000000705000000|  0%| F|  |TAMS 0x0000000704e00000| PB 0x0000000704e00000| Untracked 
|  33|0x0000000705000000, 0x0000000705000000, 0x0000000705200000|  0%| F|  |TAMS 0x0000000705000000| PB 0x0000000705000000| Untracked 
|  34|0x0000000705200000, 0x0000000705200000, 0x0000000705400000|  0%| F|  |TAMS 0x0000000705200000| PB 0x0000000705200000| Untracked 
|  35|0x0000000705400000, 0x0000000705400000, 0x0000000705600000|  0%| F|  |TAMS 0x0000000705400000| PB 0x0000000705400000| Untracked 
|  36|0x0000000705600000, 0x0000000705600000, 0x0000000705800000|  0%| F|  |TAMS 0x0000000705600000| PB 0x0000000705600000| Untracked 
|  37|0x0000000705800000, 0x0000000705800000, 0x0000000705a00000|  0%| F|  |TAMS 0x0000000705800000| PB 0x0000000705800000| Untracked 
|  38|0x0000000705a00000, 0x0000000705a00000, 0x0000000705c00000|  0%| F|  |TAMS 0x0000000705a00000| PB 0x0000000705a00000| Untracked 
|  39|0x0000000705c00000, 0x0000000705c00000, 0x0000000705e00000|  0%| F|  |TAMS 0x0000000705c00000| PB 0x0000000705c00000| Untracked 
|  40|0x0000000705e00000, 0x0000000705e00000, 0x0000000706000000|  0%| F|  |TAMS 0x0000000705e00000| PB 0x0000000705e00000| Untracked 
|  41|0x0000000706000000, 0x0000000706000000, 0x0000000706200000|  0%| F|  |TAMS 0x0000000706000000| PB 0x0000000706000000| Untracked 
|  42|0x0000000706200000, 0x0000000706200000, 0x0000000706400000|  0%| F|  |TAMS 0x0000000706200000| PB 0x0000000706200000| Untracked 
|  43|0x0000000706400000, 0x0000000706400000, 0x0000000706600000|  0%| F|  |TAMS 0x0000000706400000| PB 0x0000000706400000| Untracked 
|  44|0x0000000706600000, 0x0000000706600000, 0x0000000706800000|  0%| F|  |TAMS 0x0000000706600000| PB 0x0000000706600000| Untracked 
|  45|0x0000000706800000, 0x0000000706800000, 0x0000000706a00000|  0%| F|  |TAMS 0x0000000706800000| PB 0x0000000706800000| Untracked 
|  46|0x0000000706a00000, 0x0000000706a00000, 0x0000000706c00000|  0%| F|  |TAMS 0x0000000706a00000| PB 0x0000000706a00000| Untracked 
|  47|0x0000000706c00000, 0x0000000706c00000, 0x0000000706e00000|  0%| F|  |TAMS 0x0000000706c00000| PB 0x0000000706c00000| Untracked 
|  48|0x0000000706e00000, 0x0000000706e00000, 0x0000000707000000|  0%| F|  |TAMS 0x0000000706e00000| PB 0x0000000706e00000| Untracked 
|  49|0x0000000707000000, 0x0000000707000000, 0x0000000707200000|  0%| F|  |TAMS 0x0000000707000000| PB 0x0000000707000000| Untracked 
|  50|0x0000000707200000, 0x0000000707200000, 0x0000000707400000|  0%| F|  |TAMS 0x0000000707200000| PB 0x0000000707200000| Untracked 
|  51|0x0000000707400000, 0x0000000707400000, 0x0000000707600000|  0%| F|  |TAMS 0x0000000707400000| PB 0x0000000707400000| Untracked 
|  52|0x0000000707600000, 0x0000000707600000, 0x0000000707800000|  0%| F|  |TAMS 0x0000000707600000| PB 0x0000000707600000| Untracked 
|  53|0x0000000707800000, 0x0000000707800000, 0x0000000707a00000|  0%| F|  |TAMS 0x0000000707800000| PB 0x0000000707800000| Untracked 
|  54|0x0000000707a00000, 0x0000000707a00000, 0x0000000707c00000|  0%| F|  |TAMS 0x0000000707a00000| PB 0x0000000707a00000| Untracked 
|  55|0x0000000707c00000, 0x0000000707c00000, 0x0000000707e00000|  0%| F|  |TAMS 0x0000000707c00000| PB 0x0000000707c00000| Untracked 
|  56|0x0000000707e00000, 0x0000000707e00000, 0x0000000708000000|  0%| F|  |TAMS 0x0000000707e00000| PB 0x0000000707e00000| Untracked 
|  57|0x0000000708000000, 0x0000000708000000, 0x0000000708200000|  0%| F|  |TAMS 0x0000000708000000| PB 0x0000000708000000| Untracked 
|  58|0x0000000708200000, 0x0000000708200000, 0x0000000708400000|  0%| F|  |TAMS 0x0000000708200000| PB 0x0000000708200000| Untracked 
|  59|0x0000000708400000, 0x0000000708400000, 0x0000000708600000|  0%| F|  |TAMS 0x0000000708400000| PB 0x0000000708400000| Untracked 
|  60|0x0000000708600000, 0x0000000708600000, 0x0000000708800000|  0%| F|  |TAMS 0x0000000708600000| PB 0x0000000708600000| Untracked 
|  61|0x0000000708800000, 0x0000000708800000, 0x0000000708a00000|  0%| F|  |TAMS 0x0000000708800000| PB 0x0000000708800000| Untracked 
|  62|0x0000000708a00000, 0x0000000708a00000, 0x0000000708c00000|  0%| F|  |TAMS 0x0000000708a00000| PB 0x0000000708a00000| Untracked 
|  63|0x0000000708c00000, 0x0000000708c00000, 0x0000000708e00000|  0%| F|  |TAMS 0x0000000708c00000| PB 0x0000000708c00000| Untracked 
|  64|0x0000000708e00000, 0x0000000708e00000, 0x0000000709000000|  0%| F|  |TAMS 0x0000000708e00000| PB 0x0000000708e00000| Untracked 
|  65|0x0000000709000000, 0x0000000709000000, 0x0000000709200000|  0%| F|  |TAMS 0x0000000709000000| PB 0x0000000709000000| Untracked 
|  66|0x0000000709200000, 0x0000000709200000, 0x0000000709400000|  0%| F|  |TAMS 0x0000000709200000| PB 0x0000000709200000| Untracked 
|  67|0x0000000709400000, 0x0000000709400000, 0x0000000709600000|  0%| F|  |TAMS 0x0000000709400000| PB 0x0000000709400000| Untracked 
|  68|0x0000000709600000, 0x0000000709600000, 0x0000000709800000|  0%| F|  |TAMS 0x0000000709600000| PB 0x0000000709600000| Untracked 
|  69|0x0000000709800000, 0x0000000709800000, 0x0000000709a00000|  0%| F|  |TAMS 0x0000000709800000| PB 0x0000000709800000| Untracked 
|  70|0x0000000709a00000, 0x0000000709a00000, 0x0000000709c00000|  0%| F|  |TAMS 0x0000000709a00000| PB 0x0000000709a00000| Untracked 
|  71|0x0000000709c00000, 0x0000000709c00000, 0x0000000709e00000|  0%| F|  |TAMS 0x0000000709c00000| PB 0x0000000709c00000| Untracked 
|  72|0x0000000709e00000, 0x0000000709e00000, 0x000000070a000000|  0%| F|  |TAMS 0x0000000709e00000| PB 0x0000000709e00000| Untracked 
|  73|0x000000070a000000, 0x000000070a000000, 0x000000070a200000|  0%| F|  |TAMS 0x000000070a000000| PB 0x000000070a000000| Untracked 
|  74|0x000000070a200000, 0x000000070a200000, 0x000000070a400000|  0%| F|  |TAMS 0x000000070a200000| PB 0x000000070a200000| Untracked 
|  75|0x000000070a400000, 0x000000070a400000, 0x000000070a600000|  0%| F|  |TAMS 0x000000070a400000| PB 0x000000070a400000| Untracked 
|  76|0x000000070a600000, 0x000000070a600000, 0x000000070a800000|  0%| F|  |TAMS 0x000000070a600000| PB 0x000000070a600000| Untracked 
|  77|0x000000070a800000, 0x000000070a800000, 0x000000070aa00000|  0%| F|  |TAMS 0x000000070a800000| PB 0x000000070a800000| Untracked 
|  78|0x000000070aa00000, 0x000000070aa00000, 0x000000070ac00000|  0%| F|  |TAMS 0x000000070aa00000| PB 0x000000070aa00000| Untracked 
|  79|0x000000070ac00000, 0x000000070ac00000, 0x000000070ae00000|  0%| F|  |TAMS 0x000000070ac00000| PB 0x000000070ac00000| Untracked 
|  80|0x000000070ae00000, 0x000000070ae00000, 0x000000070b000000|  0%| F|  |TAMS 0x000000070ae00000| PB 0x000000070ae00000| Untracked 
|  81|0x000000070b000000, 0x000000070b000000, 0x000000070b200000|  0%| F|  |TAMS 0x000000070b000000| PB 0x000000070b000000| Untracked 
|  82|0x000000070b200000, 0x000000070b200000, 0x000000070b400000|  0%| F|  |TAMS 0x000000070b200000| PB 0x000000070b200000| Untracked 
|  83|0x000000070b400000, 0x000000070b400000, 0x000000070b600000|  0%| F|  |TAMS 0x000000070b400000| PB 0x000000070b400000| Untracked 
|  84|0x000000070b600000, 0x000000070b600000, 0x000000070b800000|  0%| F|  |TAMS 0x000000070b600000| PB 0x000000070b600000| Untracked 
|  85|0x000000070b800000, 0x000000070b800000, 0x000000070ba00000|  0%| F|  |TAMS 0x000000070b800000| PB 0x000000070b800000| Untracked 
|  86|0x000000070ba00000, 0x000000070ba00000, 0x000000070bc00000|  0%| F|  |TAMS 0x000000070ba00000| PB 0x000000070ba00000| Untracked 
|  87|0x000000070bc00000, 0x000000070bc00000, 0x000000070be00000|  0%| F|  |TAMS 0x000000070bc00000| PB 0x000000070bc00000| Untracked 
|  88|0x000000070be00000, 0x000000070be00000, 0x000000070c000000|  0%| F|  |TAMS 0x000000070be00000| PB 0x000000070be00000| Untracked 
|  89|0x000000070c000000, 0x000000070c000000, 0x000000070c200000|  0%| F|  |TAMS 0x000000070c000000| PB 0x000000070c000000| Untracked 
|  90|0x000000070c200000, 0x000000070c200000, 0x000000070c400000|  0%| F|  |TAMS 0x000000070c200000| PB 0x000000070c200000| Untracked 
|  91|0x000000070c400000, 0x000000070c400000, 0x000000070c600000|  0%| F|  |TAMS 0x000000070c400000| PB 0x000000070c400000| Untracked 
|  92|0x000000070c600000, 0x000000070c600000, 0x000000070c800000|  0%| F|  |TAMS 0x000000070c600000| PB 0x000000070c600000| Untracked 
|  93|0x000000070c800000, 0x000000070c800000, 0x000000070ca00000|  0%| F|  |TAMS 0x000000070c800000| PB 0x000000070c800000| Untracked 
|  94|0x000000070ca00000, 0x000000070ca00000, 0x000000070cc00000|  0%| F|  |TAMS 0x000000070ca00000| PB 0x000000070ca00000| Untracked 
|  95|0x000000070cc00000, 0x000000070cc00000, 0x000000070ce00000|  0%| F|  |TAMS 0x000000070cc00000| PB 0x000000070cc00000| Untracked 
|  96|0x000000070ce00000, 0x000000070ce00000, 0x000000070d000000|  0%| F|  |TAMS 0x000000070ce00000| PB 0x000000070ce00000| Untracked 
|  97|0x000000070d000000, 0x000000070d000000, 0x000000070d200000|  0%| F|  |TAMS 0x000000070d000000| PB 0x000000070d000000| Untracked 
|  98|0x000000070d200000, 0x000000070d200000, 0x000000070d400000|  0%| F|  |TAMS 0x000000070d200000| PB 0x000000070d200000| Untracked 
|  99|0x000000070d400000, 0x000000070d400000, 0x000000070d600000|  0%| F|  |TAMS 0x000000070d400000| PB 0x000000070d400000| Untracked 
| 100|0x000000070d600000, 0x000000070d600000, 0x000000070d800000|  0%| F|  |TAMS 0x000000070d600000| PB 0x000000070d600000| Untracked 
| 101|0x000000070d800000, 0x000000070d800000, 0x000000070da00000|  0%| F|  |TAMS 0x000000070d800000| PB 0x000000070d800000| Untracked 
| 102|0x000000070da00000, 0x000000070da00000, 0x000000070dc00000|  0%| F|  |TAMS 0x000000070da00000| PB 0x000000070da00000| Untracked 
| 103|0x000000070dc00000, 0x000000070dc00000, 0x000000070de00000|  0%| F|  |TAMS 0x000000070dc00000| PB 0x000000070dc00000| Untracked 
| 104|0x000000070de00000, 0x000000070de00000, 0x000000070e000000|  0%| F|  |TAMS 0x000000070de00000| PB 0x000000070de00000| Untracked 
| 105|0x000000070e000000, 0x000000070e000000, 0x000000070e200000|  0%| F|  |TAMS 0x000000070e000000| PB 0x000000070e000000| Untracked 
| 106|0x000000070e200000, 0x000000070e200000, 0x000000070e400000|  0%| F|  |TAMS 0x000000070e200000| PB 0x000000070e200000| Untracked 
| 107|0x000000070e400000, 0x000000070e400000, 0x000000070e600000|  0%| F|  |TAMS 0x000000070e400000| PB 0x000000070e400000| Untracked 
| 108|0x000000070e600000, 0x000000070e600000, 0x000000070e800000|  0%| F|  |TAMS 0x000000070e600000| PB 0x000000070e600000| Untracked 
| 109|0x000000070e800000, 0x000000070e800000, 0x000000070ea00000|  0%| F|  |TAMS 0x000000070e800000| PB 0x000000070e800000| Untracked 
| 110|0x000000070ea00000, 0x000000070ea00000, 0x000000070ec00000|  0%| F|  |TAMS 0x000000070ea00000| PB 0x000000070ea00000| Untracked 
| 111|0x000000070ec00000, 0x000000070ec00000, 0x000000070ee00000|  0%| F|  |TAMS 0x000000070ec00000| PB 0x000000070ec00000| Untracked 
| 112|0x000000070ee00000, 0x000000070ee00000, 0x000000070f000000|  0%| F|  |TAMS 0x000000070ee00000| PB 0x000000070ee00000| Untracked 
| 113|0x000000070f000000, 0x000000070f000000, 0x000000070f200000|  0%| F|  |TAMS 0x000000070f000000| PB 0x000000070f000000| Untracked 
| 114|0x000000070f200000, 0x000000070f200000, 0x000000070f400000|  0%| F|  |TAMS 0x000000070f200000| PB 0x000000070f200000| Untracked 
| 115|0x000000070f400000, 0x000000070f400000, 0x000000070f600000|  0%| F|  |TAMS 0x000000070f400000| PB 0x000000070f400000| Untracked 
| 116|0x000000070f600000, 0x000000070f600000, 0x000000070f800000|  0%| F|  |TAMS 0x000000070f600000| PB 0x000000070f600000| Untracked 
| 117|0x000000070f800000, 0x000000070f800000, 0x000000070fa00000|  0%| F|  |TAMS 0x000000070f800000| PB 0x000000070f800000| Untracked 
| 118|0x000000070fa00000, 0x000000070fa00000, 0x000000070fc00000|  0%| F|  |TAMS 0x000000070fa00000| PB 0x000000070fa00000| Untracked 
| 119|0x000000070fc00000, 0x000000070fc00000, 0x000000070fe00000|  0%| F|  |TAMS 0x000000070fc00000| PB 0x000000070fc00000| Untracked 
| 120|0x000000070fe00000, 0x000000070fe00000, 0x0000000710000000|  0%| F|  |TAMS 0x000000070fe00000| PB 0x000000070fe00000| Untracked 
| 121|0x0000000710000000, 0x0000000710200000, 0x0000000710200000|100%| E|  |TAMS 0x0000000710000000| PB 0x0000000710000000| Complete 
| 122|0x0000000710200000, 0x0000000710400000, 0x0000000710400000|100%| E|CS|TAMS 0x0000000710200000| PB 0x0000000710200000| Complete 
| 123|0x0000000710400000, 0x0000000710600000, 0x0000000710600000|100%| E|CS|TAMS 0x0000000710400000| PB 0x0000000710400000| Complete 
| 124|0x0000000710600000, 0x0000000710800000, 0x0000000710800000|100%| E|CS|TAMS 0x0000000710600000| PB 0x0000000710600000| Complete 
| 125|0x0000000710800000, 0x0000000710a00000, 0x0000000710a00000|100%| E|CS|TAMS 0x0000000710800000| PB 0x0000000710800000| Complete 
| 126|0x0000000710a00000, 0x0000000710c00000, 0x0000000710c00000|100%| E|CS|TAMS 0x0000000710a00000| PB 0x0000000710a00000| Complete 
| 127|0x0000000710c00000, 0x0000000710e00000, 0x0000000710e00000|100%| E|CS|TAMS 0x0000000710c00000| PB 0x0000000710c00000| Complete 

Card table byte_map: [0x000002a7aabb0000,0x000002a7ab3b0000] _byte_map_base: 0x000002a7a73a9000

Marking Bits: (CMBitMap*) 0x000002a7924c5f30
 Bits: [0x000002a7ab3b0000, 0x000002a7af378000)

Polling page: 0x000002a790400000

Metaspace:

Usage:
  Non-class:      5.71 MB used.
      Class:    306.02 KB used.
       Both:      6.00 MB used.

Virtual space:
  Non-class space:       64.00 MB reserved,       5.81 MB (  9%) committed,  1 nodes.
      Class space:        1.00 GB reserved,     448.00 KB ( <1%) committed,  1 nodes.
             Both:        1.06 GB reserved,       6.25 MB ( <1%) committed. 

Chunk freelists:
   Non-Class:  7.89 MB
       Class:  15.54 MB
        Both:  23.43 MB

MaxMetaspaceSize: unlimited
CompressedClassSpaceSize: 1.00 GB
Initial GC threshold: 21.00 MB
Current GC threshold: 21.00 MB
CDS: on
 - commit_granule_bytes: 65536.
 - commit_granule_words: 8192.
 - virtual_space_node_default_size: 8388608.
 - enlarge_chunks_in_place: 1.
 - use_allocation_guard: 0.


Internal statistics:

num_allocs_failed_limit: 0.
num_arena_births: 108.
num_arena_deaths: 0.
num_vsnodes_births: 2.
num_vsnodes_deaths: 0.
num_space_committed: 98.
num_space_uncommitted: 0.
num_chunks_returned_to_freelist: 0.
num_chunks_taken_from_freelist: 283.
num_chunk_merges: 0.
num_chunk_splits: 203.
num_chunks_enlarged: 149.
num_inconsistent_stats: 0.

CodeHeap 'non-profiled nmethods': size=119168Kb used=262Kb max_used=262Kb free=118905Kb
 bounds [0x000002a7a26d0000, 0x000002a7a2940000, 0x000002a7a9b30000]
CodeHeap 'profiled nmethods': size=119104Kb used=1449Kb max_used=1449Kb free=117654Kb
 bounds [0x000002a79ab30000, 0x000002a79ada0000, 0x000002a7a1f80000]
CodeHeap 'non-nmethods': size=7488Kb used=3902Kb max_used=3908Kb free=3585Kb
 bounds [0x000002a7a1f80000, 0x000002a7a2360000, 0x000002a7a26d0000]
 total_blobs=2059 nmethods=895 adapters=1066
 compilation: enabled
              stopped_count=0, restarted_count=0
 full_count=0

Compilation events (20 events):
Event: 0.772 Thread 0x000002a7f8135150 nmethod 885 0x000002a79ac95110 code [0x000002a79ac952e0, 0x000002a79ac954b0]
Event: 0.772 Thread 0x000002a7f80a0560 nmethod 884 0x000002a79ac95590 code [0x000002a79ac95760, 0x000002a79ac95980]
Event: 0.772 Thread 0x000002a7b23275b0 nmethod 882 0x000002a79ac95a90 code [0x000002a79ac95d60, 0x000002a79ac96d38]
Event: 0.774 Thread 0x000002a7b2324b00 nmethod 881 0x000002a7a2710310 code [0x000002a7a27104e0, 0x000002a7a2710b50]
Event: 0.776 Thread 0x000002a7b23275b0  888       1       java.util.jar.Manifest::getEntries (5 bytes)
Event: 0.776 Thread 0x000002a7f80a0560  889       1       java.util.jar.Manifest::getMainAttributes (5 bytes)
Event: 0.776 Thread 0x000002a7f8135150  890       1       java.util.zip.ZipEntry::getCrc (5 bytes)
Event: 0.776 Thread 0x000002a7b23275b0 nmethod 888 0x000002a7a2710f10 code [0x000002a7a27110a0, 0x000002a7a2711170]
Event: 0.776 Thread 0x000002a7f80a0560 nmethod 889 0x000002a7a2711210 code [0x000002a7a27113a0, 0x000002a7a2711470]
Event: 0.776 Thread 0x000002a7f8135150 nmethod 890 0x000002a7a2711510 code [0x000002a7a27116a0, 0x000002a7a2711768]
Event: 0.777 Thread 0x000002a7f8135150  891       3       java.io.WinNTFileSystem::prefixLength (91 bytes)
Event: 0.777 Thread 0x000002a7f80a0560  892       3       java.lang.ref.Cleaner::register (25 bytes)
Event: 0.777 Thread 0x000002a7b2507830  893       3       jdk.internal.ref.CleanerImpl$PhantomCleanableRef::<init> (12 bytes)
Event: 0.777 Thread 0x000002a7b2507830 nmethod 893 0x000002a79ac97390 code [0x000002a79ac97540, 0x000002a79ac976f0]
Event: 0.777 Thread 0x000002a7f80a0560 nmethod 892 0x000002a79ac97790 code [0x000002a79ac97980, 0x000002a79ac97ee8]
Event: 0.777 Thread 0x000002a7f8135150 nmethod 891 0x000002a79ac98110 code [0x000002a79ac98420, 0x000002a79ac99850]
Event: 0.780 Thread 0x000002a7f8135150  894       3       java.io.File::isInvalid (47 bytes)
Event: 0.780 Thread 0x000002a7f8135150 nmethod 894 0x000002a79ac99f10 code [0x000002a79ac9a0e0, 0x000002a79ac9a3a8]
Event: 0.783 Thread 0x000002a7b23275b0  895       1       java.lang.reflect.Method::getName (5 bytes)
Event: 0.783 Thread 0x000002a7b23275b0 nmethod 895 0x000002a7a2711810 code [0x000002a7a27119a0, 0x000002a7a2711a70]

GC Heap History (0 events):
No events

Dll operation events (9 events):
Event: 0.005 Loaded shared library C:\Program Files\Zulu\zulu-21\bin\java.dll
Event: 0.027 Loaded shared library C:\Program Files\Zulu\zulu-21\bin\jsvml.dll
Event: 0.051 Loaded shared library C:\Program Files\Zulu\zulu-21\bin\net.dll
Event: 0.052 Loaded shared library C:\Program Files\Zulu\zulu-21\bin\nio.dll
Event: 0.055 Loaded shared library C:\Program Files\Zulu\zulu-21\bin\zip.dll
Event: 0.098 Loaded shared library C:\Program Files\Zulu\zulu-21\bin\jimage.dll
Event: 0.113 Loaded shared library C:\Users\gabi0\AppData\Local\Temp\lwjgl_gabi0\3.3.6+1\x64\lwjgl.dll
Event: 0.424 Loaded shared library C:\Users\gabi0\AppData\Local\Temp\lwjgl_gabi0\3.3.6+1\x64\lwjgl_opengl.dll
Event: 0.679 Loaded shared library C:\Program Files\Zulu\zulu-21\bin\verify.dll

Deoptimization events (20 events):
Event: 0.198 Thread 0x000002a790301580 DEOPT PACKING pc=0x000002a79abd906a sp=0x000000e0991fdee0
Event: 0.198 Thread 0x000002a790301580 DEOPT UNPACKING pc=0x000002a7a1fd4e42 sp=0x000000e0991fd378 mode 0
Event: 0.198 Thread 0x000002a790301580 DEOPT PACKING pc=0x000002a79abd906a sp=0x000000e0991fdee0
Event: 0.198 Thread 0x000002a790301580 DEOPT UNPACKING pc=0x000002a7a1fd4e42 sp=0x000000e0991fd378 mode 0
Event: 0.198 Thread 0x000002a790301580 DEOPT PACKING pc=0x000002a79abd906a sp=0x000000e0991fdee0
Event: 0.198 Thread 0x000002a790301580 DEOPT UNPACKING pc=0x000002a7a1fd4e42 sp=0x000000e0991fd378 mode 0
Event: 0.198 Thread 0x000002a790301580 DEOPT PACKING pc=0x000002a79abd906a sp=0x000000e0991fdee0
Event: 0.198 Thread 0x000002a790301580 DEOPT UNPACKING pc=0x000002a7a1fd4e42 sp=0x000000e0991fd378 mode 0
Event: 0.199 Thread 0x000002a790301580 DEOPT PACKING pc=0x000002a79abd906a sp=0x000000e0991fdee0
Event: 0.199 Thread 0x000002a790301580 DEOPT UNPACKING pc=0x000002a7a1fd4e42 sp=0x000000e0991fd378 mode 0
Event: 0.199 Thread 0x000002a790301580 DEOPT PACKING pc=0x000002a79abd906a sp=0x000000e0991fdee0
Event: 0.199 Thread 0x000002a790301580 DEOPT UNPACKING pc=0x000002a7a1fd4e42 sp=0x000000e0991fd378 mode 0
Event: 0.431 Thread 0x000002a790301580 Uncommon trap: trap_request=0xffffff54 fr.pc=0x000002a7a2703210 relative=0x0000000000000070
Event: 0.431 Thread 0x000002a790301580 Uncommon trap: reason=speculate_null_assert action=make_not_entrant pc=0x000002a7a2703210 method=sun.misc.Unsafe.putLong(Ljava/lang/Object;JJ)V @ 7 c2
Event: 0.431 Thread 0x000002a790301580 DEOPT PACKING pc=0x000002a7a2703210 sp=0x000000e0991fef30
Event: 0.431 Thread 0x000002a790301580 DEOPT UNPACKING pc=0x000002a7a1fd46a2 sp=0x000000e0991feea8 mode 2
Event: 0.520 Thread 0x000002a790301580 Uncommon trap: trap_request=0xffffff54 fr.pc=0x000002a7a270488c relative=0x000000000000006c
Event: 0.520 Thread 0x000002a790301580 Uncommon trap: reason=speculate_null_assert action=make_not_entrant pc=0x000002a7a270488c method=sun.misc.Unsafe.getLong(Ljava/lang/Object;J)J @ 5 c2
Event: 0.520 Thread 0x000002a790301580 DEOPT PACKING pc=0x000002a7a270488c sp=0x000000e0991feeb0
Event: 0.520 Thread 0x000002a790301580 DEOPT UNPACKING pc=0x000002a7a1fd46a2 sp=0x000000e0991fee38 mode 2

Classes loaded (20 events):
Event: 0.199 Loading class jdk/internal/reflect/MethodHandleIntegerFieldAccessorImpl
Event: 0.199 Loading class jdk/internal/reflect/MethodHandleIntegerFieldAccessorImpl done
Event: 0.676 Loading class java/io/Externalizable
Event: 0.676 Loading class java/io/Externalizable done
Event: 0.705 Loading class java/nio/HeapFloatBuffer
Event: 0.705 Loading class java/nio/HeapFloatBuffer done
Event: 0.710 Loading class jdk/internal/module/ModulePatcher$PatchedModuleReader
Event: 0.711 Loading class jdk/internal/module/ModulePatcher$PatchedModuleReader done
Event: 0.711 Loading class sun/net/www/protocol/jrt/Handler
Event: 0.711 Loading class sun/net/www/protocol/jrt/Handler done
Event: 0.713 Loading class sun/util/resources/LocaleData$CommonResourceBundleProvider
Event: 0.713 Loading class sun/util/resources/LocaleData$LocaleDataResourceBundleProvider
Event: 0.713 Loading class java/util/spi/ResourceBundleProvider
Event: 0.713 Loading class java/util/spi/ResourceBundleProvider done
Event: 0.713 Loading class sun/util/resources/LocaleData$LocaleDataResourceBundleProvider done
Event: 0.713 Loading class sun/util/resources/LocaleData$CommonResourceBundleProvider done
Event: 0.714 Loading class sun/util/resources/Bundles$2
Event: 0.714 Loading class sun/util/resources/Bundles$2 done
Event: 0.726 Loading class java/lang/SecurityException
Event: 0.726 Loading class java/lang/SecurityException done

Classes unloaded (0 events):
No events

Classes redefined (0 events):
No events

Internal exceptions (20 events):
Event: 0.117 Thread 0x000002a790301580 Exception <a 'sun/nio/fs/WindowsException'{0x0000000710832e20}> (0x0000000710832e20) 
thrown [s\src\hotspot\share\prims\jni.cpp, line 520]
Event: 0.165 Thread 0x000002a790301580 Exception <a 'java/lang/NoSuchMethodError'{0x00000007109731f8}: 'int java.lang.invoke.DirectMethodHandle$Holder.invokeStaticInit(java.lang.Object, java.lang.Object, int, long)'> (0x00000007109731f8) 
thrown [s\src\hotspot\share\interpreter\linkResolver.cpp, line 773]
Event: 0.166 Thread 0x000002a790301580 Exception <a 'java/lang/NoSuchMethodError'{0x00000007109784d0}: 'java.lang.Object java.lang.invoke.DirectMethodHandle$Holder.newInvokeSpecial(java.lang.Object, java.lang.Object, int)'> (0x00000007109784d0) 
thrown [s\src\hotspot\share\interpreter\linkResolver.cpp, line 773]
Event: 0.168 Thread 0x000002a790301580 Exception <a 'java/lang/NoSuchMethodError'{0x0000000710987378}: 'int java.lang.invoke.DirectMethodHandle$Holder.invokeStaticInit(java.lang.Object, java.lang.Object, long, long)'> (0x0000000710987378) 
thrown [s\src\hotspot\share\interpreter\linkResolver.cpp, line 773]
Event: 0.169 Thread 0x000002a790301580 Exception <a 'java/lang/NoSuchMethodError'{0x000000071098c858}: 'java.lang.Object java.lang.invoke.DirectMethodHandle$Holder.newInvokeSpecial(java.lang.Object, java.lang.Object, long)'> (0x000000071098c858) 
thrown [s\src\hotspot\share\interpreter\linkResolver.cpp, line 773]
Event: 0.169 Thread 0x000002a790301580 Exception <a 'java/lang/NoSuchMethodError'{0x0000000710990150}: 'java.lang.Object java.lang.invoke.Invokers$Holder.linkToTargetMethod(java.lang.Object, long, java.lang.Object)'> (0x0000000710990150) 
thrown [s\src\hotspot\share\interpreter\linkResolver.cpp, line 773]
Event: 0.169 Thread 0x000002a790301580 Exception <a 'java/lang/NoSuchMethodError'{0x00000007109970a8}: 'int java.lang.invoke.DirectMethodHandle$Holder.invokeStaticInit(java.lang.Object, java.lang.Object, java.lang.Object, long)'> (0x00000007109970a8) 
thrown [s\src\hotspot\share\interpreter\linkResolver.cpp, line 773]
Event: 0.186 Thread 0x000002a790301580 Exception <a 'sun/nio/fs/WindowsException'{0x0000000710647f58}> (0x0000000710647f58) 
thrown [s\src\hotspot\share\prims\jni.cpp, line 520]
Event: 0.186 Thread 0x000002a790301580 Exception <a 'sun/nio/fs/WindowsException'{0x00000007106482b8}> (0x00000007106482b8) 
thrown [s\src\hotspot\share\prims\jni.cpp, line 520]
Event: 0.199 Thread 0x000002a790301580 Exception <a 'java/lang/NoSuchMethodError'{0x000000071065cf88}: 'int java.lang.invoke.Invokers$Holder.invokeExact_MT(java.lang.Object, java.lang.Object)'> (0x000000071065cf88) 
thrown [s\src\hotspot\share\interpreter\linkResolver.cpp, line 773]
Event: 0.384 Thread 0x000002a790301580 Exception <a 'java/lang/NoSuchMethodError'{0x00000007106b2140}: 'void java.lang.invoke.DirectMethodHandle$Holder.invokeStaticInit(java.lang.Object, long, int, int, int)'> (0x00000007106b2140) 
thrown [s\src\hotspot\share\interpreter\linkResolver.cpp, line 773]
Event: 0.386 Thread 0x000002a790301580 Exception <a 'java/lang/NoSuchMethodError'{0x00000007106bfcb8}: 'void java.lang.invoke.DirectMethodHandle$Holder.invokeStaticInit(java.lang.Object, long, double, double)'> (0x00000007106bfcb8) 
thrown [s\src\hotspot\share\interpreter\linkResolver.cpp, line 773]
Event: 0.390 Thread 0x000002a790301580 Exception <a 'java/lang/NoSuchMethodError'{0x00000007106d5780}: 'void java.lang.invoke.DirectMethodHandle$Holder.invokeStaticInit(java.lang.Object, long, int, int, int, int)'> (0x00000007106d5780) 
thrown [s\src\hotspot\share\interpreter\linkResolver.cpp, line 773]
Event: 0.418 Thread 0x000002a790301580 Exception <a 'java/lang/NoSuchMethodError'{0x0000000710700168}: 'void java.lang.System.load(java.lang.String, java.lang.Class)'> (0x0000000710700168) 
thrown [s\src\hotspot\share\interpreter\linkResolver.cpp, line 773]
Event: 0.418 Thread 0x000002a790301580 Exception <a 'java/lang/NoSuchMethodError'{0x0000000710702b08}: 'void java.lang.System.loadLibrary(java.lang.String, java.lang.Class)'> (0x0000000710702b08) 
thrown [s\src\hotspot\share\interpreter\linkResolver.cpp, line 773]
Event: 0.422 Thread 0x000002a790301580 Exception <a 'sun/nio/fs/WindowsException'{0x0000000710711958}> (0x0000000710711958) 
thrown [s\src\hotspot\share\prims\jni.cpp, line 520]
Event: 0.422 Thread 0x000002a790301580 Exception <a 'sun/nio/fs/WindowsException'{0x0000000710711cf8}> (0x0000000710711cf8) 
thrown [s\src\hotspot\share\prims\jni.cpp, line 520]
Event: 0.429 Thread 0x000002a790301580 Exception <a 'sun/nio/fs/WindowsException'{0x00000007107fe1a0}> (0x00000007107fe1a0) 
thrown [s\src\hotspot\share\prims\jni.cpp, line 520]
Event: 0.429 Thread 0x000002a790301580 Exception <a 'sun/nio/fs/WindowsException'{0x00000007107fe470}> (0x00000007107fe470) 
thrown [s\src\hotspot\share\prims\jni.cpp, line 520]
Event: 0.783 Thread 0x000002a790301580 Implicit null exception at 0x000002a7a2703e5d to 0x0000000000000000

ZGC Phase Switch (0 events):
No events

VM Operations (4 events):
Event: 0.055 Executing VM operation: HandshakeAllThreads (Deoptimize)
Event: 0.055 Executing VM operation: HandshakeAllThreads (Deoptimize) done
Event: 0.708 Executing VM operation: HandshakeAllThreads (Deoptimize)
Event: 0.708 Executing VM operation: HandshakeAllThreads (Deoptimize) done

Events (16 events):
Event: 0.016 Thread 0x000002a790301580 Thread added: 0x000002a790301580
Event: 0.025 Thread 0x000002a7b23198a0 Thread added: 0x000002a7b23198a0
Event: 0.026 Thread 0x000002a7b231a7c0 Thread added: 0x000002a7b231a7c0
Event: 0.026 Thread 0x000002a7b231c590 Thread added: 0x000002a7b231c590
Event: 0.026 Thread 0x000002a7b2323480 Thread added: 0x000002a7b2323480
Event: 0.026 Thread 0x000002a7b2322030 Thread added: 0x000002a7b2322030
Event: 0.026 Thread 0x000002a7b2324160 Thread added: 0x000002a7b2324160
Event: 0.026 Thread 0x000002a7b2324b00 Thread added: 0x000002a7b2324b00
Event: 0.026 Thread 0x000002a7b23275b0 Thread added: 0x000002a7b23275b0
Event: 0.030 Thread 0x000002a7b2507830 Thread added: 0x000002a7b2507830
Event: 0.045 Thread 0x000002a7b261e640 Thread added: 0x000002a7b261e640
Event: 0.046 Thread 0x000002a7b261f0c0 Thread added: 0x000002a7b261f0c0
Event: 0.161 Thread 0x000002a7b285a760 Thread added: 0x000002a7b285a760
Event: 0.203 Thread 0x000002a7f80a0560 Thread added: 0x000002a7f80a0560
Event: 0.203 Thread 0x000002a7f8135150 Thread added: 0x000002a7f8135150
Event: 0.383 Thread 0x000002a7b285a760 Thread exited: 0x000002a7b285a760


Dynamic libraries:
0x00007ff75cd80000 - 0x00007ff75cd8e000 	C:\Program Files\Zulu\zulu-21\bin\java.exe
0x00007fff6fe10000 - 0x00007fff70008000 	C:\WINDOWS\SYSTEM32\ntdll.dll
0x00007fff6eee0000 - 0x00007fff6efa2000 	C:\WINDOWS\System32\KERNEL32.DLL
0x00007fff6d9c0000 - 0x00007fff6dcbf000 	C:\WINDOWS\System32\KERNELBASE.dll
0x00007fff6dcc0000 - 0x00007fff6ddc0000 	C:\WINDOWS\System32\ucrtbase.dll
0x00007fff4d880000 - 0x00007fff4d89b000 	C:\Program Files\Zulu\zulu-21\bin\VCRUNTIME140.dll
0x00007fff5a380000 - 0x00007fff5a398000 	C:\Program Files\Zulu\zulu-21\bin\jli.dll
0x00007fff6e110000 - 0x00007fff6e2ad000 	C:\WINDOWS\System32\USER32.dll
0x00007fff5ff00000 - 0x00007fff6019a000 	C:\WINDOWS\WinSxS\amd64_microsoft.windows.common-controls_6595b64144ccf1df_6.0.19041.4355_none_60b8b9eb71f62e16\COMCTL32.dll
0x00007fff6fb20000 - 0x00007fff6fbbe000 	C:\WINDOWS\System32\msvcrt.dll
0x00007fff6d8e0000 - 0x00007fff6d902000 	C:\WINDOWS\System32\win32u.dll
0x00007fff6f9f0000 - 0x00007fff6fa1b000 	C:\WINDOWS\System32\GDI32.dll
0x00007fff6d550000 - 0x00007fff6d66a000 	C:\WINDOWS\System32\gdi32full.dll
0x00007fff6d4b0000 - 0x00007fff6d54d000 	C:\WINDOWS\System32\msvcp_win.dll
0x00007fff6f240000 - 0x00007fff6f26f000 	C:\WINDOWS\System32\IMM32.DLL
0x00007fff5db20000 - 0x00007fff5db2c000 	C:\Program Files\Zulu\zulu-21\bin\vcruntime140_1.dll
0x00007fff3f8b0000 - 0x00007fff3f93e000 	C:\Program Files\Zulu\zulu-21\bin\msvcp140.dll
0x00007ffed2c90000 - 0x00007ffed3a1b000 	C:\Program Files\Zulu\zulu-21\bin\server\jvm.dll
0x00007fff6e610000 - 0x00007fff6e6bf000 	C:\WINDOWS\System32\ADVAPI32.dll
0x00007fff6f270000 - 0x00007fff6f30f000 	C:\WINDOWS\System32\sechost.dll
0x00007fff6de30000 - 0x00007fff6df53000 	C:\WINDOWS\System32\RPCRT4.dll
0x00007fff6d670000 - 0x00007fff6d697000 	C:\WINDOWS\System32\bcrypt.dll
0x00007fff6f1d0000 - 0x00007fff6f23b000 	C:\WINDOWS\System32\WS2_32.dll
0x00007fff6ca00000 - 0x00007fff6ca4b000 	C:\WINDOWS\SYSTEM32\POWRPROF.dll
0x00007fff686b0000 - 0x00007fff686ba000 	C:\WINDOWS\SYSTEM32\VERSION.dll
0x00007fff64a20000 - 0x00007fff64a47000 	C:\WINDOWS\SYSTEM32\WINMM.dll
0x00007fff6c870000 - 0x00007fff6c882000 	C:\WINDOWS\SYSTEM32\UMPDC.dll
0x00007fff6bca0000 - 0x00007fff6bcb2000 	C:\WINDOWS\SYSTEM32\kernel.appcore.dll
0x00007fff59ee0000 - 0x00007fff59eea000 	C:\Program Files\Zulu\zulu-21\bin\jimage.dll
0x00007fff6b160000 - 0x00007fff6b344000 	C:\WINDOWS\SYSTEM32\DBGHELP.DLL
0x00007fff5ef50000 - 0x00007fff5ef84000 	C:\WINDOWS\SYSTEM32\dbgcore.DLL
0x00007fff6d6a0000 - 0x00007fff6d722000 	C:\WINDOWS\System32\bcryptPrimitives.dll
0x00007fff4be10000 - 0x00007fff4be2f000 	C:\Program Files\Zulu\zulu-21\bin\java.dll
0x00007fff6e6c0000 - 0x00007fff6ee2d000 	C:\WINDOWS\System32\SHELL32.dll
0x00007fff6b4f0000 - 0x00007fff6bc94000 	C:\WINDOWS\SYSTEM32\windows.storage.dll
0x00007fff6e2b0000 - 0x00007fff6e605000 	C:\WINDOWS\System32\combase.dll
0x00007fff6cec0000 - 0x00007fff6ceef000 	C:\WINDOWS\SYSTEM32\Wldp.dll
0x00007fff6efc0000 - 0x00007fff6f08d000 	C:\WINDOWS\System32\OLEAUT32.dll
0x00007fff6ee30000 - 0x00007fff6eedd000 	C:\WINDOWS\System32\SHCORE.dll
0x00007fff6faa0000 - 0x00007fff6faf5000 	C:\WINDOWS\System32\shlwapi.dll
0x00007fff6d3e0000 - 0x00007fff6d404000 	C:\WINDOWS\SYSTEM32\profapi.dll
0x00007fff36210000 - 0x00007fff362e7000 	C:\Program Files\Zulu\zulu-21\bin\jsvml.dll
0x00007fff4ee10000 - 0x00007fff4ee20000 	C:\Program Files\Zulu\zulu-21\bin\net.dll
0x00007fff68ba0000 - 0x00007fff68caa000 	C:\WINDOWS\SYSTEM32\WINHTTP.dll
0x00007fff6cbe0000 - 0x00007fff6cc4c000 	C:\WINDOWS\system32\mswsock.dll
0x00007fff436a0000 - 0x00007fff436b6000 	C:\Program Files\Zulu\zulu-21\bin\nio.dll
0x00007fff44fd0000 - 0x00007fff44fe8000 	C:\Program Files\Zulu\zulu-21\bin\zip.dll
0x00007fff36c30000 - 0x00007fff36cae000 	C:\Users\gabi0\AppData\Local\Temp\lwjgl_gabi0\3.3.6+1\x64\lwjgl.dll
0x00007fff35dd0000 - 0x00007fff35e59000 	C:\Users\gabi0\AppData\Local\Temp\lwjgl_gabi0\3.3.6+1\x64\glfw.dll
0x00007fff18130000 - 0x00007fff18175000 	C:\WINDOWS\SYSTEM32\dinput8.dll
0x00007fff5f0c0000 - 0x00007fff5f0d1000 	C:\WINDOWS\SYSTEM32\xinput1_4.dll
0x00007fff6d730000 - 0x00007fff6d77e000 	C:\WINDOWS\System32\cfgmgr32.dll
0x00007fff6d240000 - 0x00007fff6d273000 	C:\WINDOWS\SYSTEM32\DEVOBJ.dll
0x00007fff6ae50000 - 0x00007fff6ae7f000 	C:\WINDOWS\SYSTEM32\dwmapi.dll
0x00007fff4ac70000 - 0x00007fff4adc2000 	C:\WINDOWS\SYSTEM32\inputhost.dll
0x00007fff669c0000 - 0x00007fff66ab2000 	C:\WINDOWS\SYSTEM32\CoreMessaging.dll
0x00007fff689c0000 - 0x00007fff68b17000 	C:\WINDOWS\SYSTEM32\wintypes.dll
0x00007fff683c0000 - 0x00007fff684b6000 	C:\WINDOWS\SYSTEM32\PROPSYS.dll
0x00007fff66660000 - 0x00007fff669bb000 	C:\WINDOWS\SYSTEM32\CoreUIComponents.dll
0x00007fff6c700000 - 0x00007fff6c733000 	C:\WINDOWS\SYSTEM32\ntmarta.dll
0x00007fff6a7f0000 - 0x00007fff6a88e000 	C:\WINDOWS\system32\uxtheme.dll
0x00007fff6f790000 - 0x00007fff6f8a5000 	C:\WINDOWS\System32\MSCTF.dll
0x00007fff41fa0000 - 0x00007fff420c8000 	C:\WINDOWS\SYSTEM32\opengl32.dll
0x00007fff4c3e0000 - 0x00007fff4c40c000 	C:\WINDOWS\SYSTEM32\GLU32.dll
0x00007fff6f120000 - 0x00007fff6f1c9000 	C:\WINDOWS\System32\clbcatq.dll
0x00007fff1eda0000 - 0x00007fff21388000 	C:\WINDOWS\System32\DriverStore\FileRepository\nvmd.inf_amd64_aa54f7a758543a0a\nvoglv64.dll
0x00007fff6f310000 - 0x00007fff6f781000 	C:\WINDOWS\System32\SETUPAPI.dll
0x00007fff6f8c0000 - 0x00007fff6f9eb000 	C:\WINDOWS\System32\ole32.dll
0x00007fff69780000 - 0x00007fff69794000 	C:\WINDOWS\SYSTEM32\WTSAPI32.dll
0x00007fff6d070000 - 0x00007fff6d082000 	C:\WINDOWS\SYSTEM32\msasn1.dll
0x00007fff68670000 - 0x00007fff686a1000 	C:\WINDOWS\SYSTEM32\cryptnet.dll
0x00007fff6d780000 - 0x00007fff6d8dc000 	C:\WINDOWS\System32\CRYPT32.dll
0x00007fff6cd70000 - 0x00007fff6cd7c000 	C:\WINDOWS\SYSTEM32\cryptbase.dll
0x00007fff68040000 - 0x00007fff68187000 	C:\WINDOWS\SYSTEM32\drvstore.dll
0x00007fff6ddc0000 - 0x00007fff6de29000 	C:\WINDOWS\System32\WINTRUST.dll
0x00007fff6fb00000 - 0x00007fff6fb1d000 	C:\WINDOWS\System32\imagehlp.dll
0x00007fff6ce10000 - 0x00007fff6ce28000 	C:\WINDOWS\SYSTEM32\CRYPTSP.dll
0x00007fff6c4b0000 - 0x00007fff6c4e4000 	C:\WINDOWS\system32\rsaenh.dll
0x00007fff5ba10000 - 0x00007fff5d9fe000 	C:\WINDOWS\System32\DriverStore\FileRepository\nvmd.inf_amd64_aa54f7a758543a0a\nvgpucomp64.dll
0x00007fff612e0000 - 0x00007fff6131b000 	C:\WINDOWS\SYSTEM32\dxcore.dll
0x00007fff28240000 - 0x00007fff28510000 	C:\WINDOWS\system32\nvspcap64.dll
0x00007fff6c130000 - 0x00007fff6c18b000 	C:\WINDOWS\SYSTEM32\WINSTA.dll
0x00007fff51410000 - 0x00007fff51509000 	C:\WINDOWS\SYSTEM32\textinputframework.dll
0x00007fff62a40000 - 0x00007fff62aa6000 	C:\WINDOWS\system32\Oleacc.dll
0x00007fff36b00000 - 0x00007fff36b5d000 	C:\Users\gabi0\AppData\Local\Temp\lwjgl_gabi0\3.3.6+1\x64\lwjgl_opengl.dll
0x00007fff4df00000 - 0x00007fff4df10000 	C:\Program Files\Zulu\zulu-21\bin\verify.dll

dbghelp: loaded successfully - version: 4.0.5 - missing functions: none
symbol engine: initialized successfully - sym options: 0x614 - pdb path: .;C:\Program Files\Zulu\zulu-21\bin;C:\WINDOWS\SYSTEM32;C:\WINDOWS\WinSxS\amd64_microsoft.windows.common-controls_6595b64144ccf1df_6.0.19041.4355_none_60b8b9eb71f62e16;C:\Program Files\Zulu\zulu-21\bin\server;C:\Users\gabi0\AppData\Local\Temp\lwjgl_gabi0\3.3.6+1\x64;C:\WINDOWS\System32\DriverStore\FileRepository\nvmd.inf_amd64_aa54f7a758543a0a

VM Arguments:
jvm_args: -Dfile.encoding=windows-1252 -Duser.country=DK -Duser.language=da -Duser.variant 
java_command: org.example.Main
java_class_path (initial): C:\Users\gabi0\OneDrive\Skrivebord\GameEngine\build\classes\java\main;C:\Users\gabi0\OneDrive\Skrivebord\GameEngine\build\resources\main;C:\Users\gabi0\.gradle\caches\modules-2\files-2.1\org.lwjgl\lwjgl-glfw\3.3.6\7119f7d0eeb1e5502ff0ca71d2b4d47317da015\lwjgl-glfw-3.3.6.jar;C:\Users\gabi0\.gradle\caches\modules-2\files-2.1\org.lwjgl\lwjgl-glfw\3.3.6\99ef08056feb9627f90425a4d2a22cd9fae8e39b\lwjgl-glfw-3.3.6-natives-windows.jar;C:\Users\gabi0\.gradle\caches\modules-2\files-2.1\org.lwjgl\lwjgl-openal\3.3.6\ad313317ff399fd2a7f4dd74716a68cf3976c6ad\lwjgl-openal-3.3.6.jar;C:\Users\gabi0\.gradle\caches\modules-2\files-2.1\org.lwjgl\lwjgl-openal\3.3.6\9c2b9b660e085bb0b47a4453dc0e26f24a5475e4\lwjgl-openal-3.3.6-natives-windows.jar;C:\Users\gabi0\.gradle\caches\modules-2\files-2.1\org.lwjgl\lwjgl-opengl\3.3.6\ac2532612a4df374e9a9282bcf8ce2573018ebbb\lwjgl-opengl-3.3.6.jar;C:\Users\gabi0\.gradle\caches\modules-2\files-2.1\org.lwjgl\lwjgl-opengl\3.3.6\18dc639ebc94aa5202c2157f7490d28997b697c5\lwjgl-opengl-3.3.6-natives-windows.jar;C:\Users\gabi0\.gradle\caches\modules-2\files-2.1\org.lwjgl\lwjgl\3.3.6\ce7721d30cfaf47feaed10213e0c43eb55c49d68\lwjgl-3.3.6.jar;C:\Users\gabi0\.gradle\caches\modules-2\files-2.1\org.lwjgl\lwjgl\3.3.6\9a29b6a22fc5184604b8cb434ee5d5ecc4bfcbee\lwjgl-3.3.6-natives-windows.jar;C:\Users\gabi0\.gradle\caches\modules-2\files-2.1\org.joml\joml\1.10.7\f8c3f2e7db281bde099342dd36133de4bbba390c\joml-1.10.7.jar;C:\Users\gabi0\.gradle\caches\modules-2\files-2.1\org.jetbrains.kotlin\kotlin-stdlib-jdk8\1.8.20\73576ddf378c5b4f1f6b449fe6b119b8183fc078\kotlin-stdlib-jdk8-1.8.20.jar;C:\Users\gabi0\.gradle\caches\modules-2\files-2.1\org.jetbrains.kotlin\kotlin-stdlib-jdk7\1.8.20\3aa51faf20aae8b31e1a4bc54f8370673d7b7df4\kotlin-stdlib-jdk7-1.8.20.jar;C:\Users\gabi0\.gradle\caches\modules-2\files-2.1\org.jetbrains.kotlin\kotlin-stdlib\1.8.20\e72fc5e03ec6c064c678a6bd0d955c88d55b0c4a\kotlin-stdlib-1.8.20.jar;C:\Users\gabi0\.gradle\caches\modules-2\files-2.1\org.jetbrains.kotlin\kotlin-stdlib-common\1.8.20\5eddaaf234c8c49d03eebeb6a14feb7f90faca71\kotlin-stdlib-common-1.8.20.jar;C:\Users\gabi0\.gradle\caches\modules-2\files-2.1\org.jetbrains\annotations\13.0\919f0dfe192fb4e063e7dacadee7f8bb9a2672a9\annotations-13.0.jar
Launcher Type: SUN_STANDARD

[Global flags]
     intx CICompilerCount                          = 12                                        {product} {ergonomic}
     uint ConcGCThreads                            = 3                                         {product} {ergonomic}
     uint G1ConcRefinementThreads                  = 13                                        {product} {ergonomic}
   size_t G1HeapRegionSize                         = 2097152                                   {product} {ergonomic}
    uintx GCDrainStackTargetSize                   = 64                                        {product} {ergonomic}
   size_t InitialHeapSize                          = 268435456                                 {product} {ergonomic}
   size_t MarkStackSize                            = 4194304                                   {product} {ergonomic}
   size_t MaxHeapSize                              = 4280287232                                {product} {ergonomic}
   size_t MaxNewSize                               = 2566914048                                {product} {ergonomic}
   size_t MinHeapDeltaBytes                        = 2097152                                   {product} {ergonomic}
   size_t MinHeapSize                              = 8388608                                   {product} {ergonomic}
    uintx NonNMethodCodeHeapSize                   = 7602480                                {pd product} {ergonomic}
    uintx NonProfiledCodeHeapSize                  = 122027880                              {pd product} {ergonomic}
    uintx ProfiledCodeHeapSize                     = 122027880                              {pd product} {ergonomic}
    uintx ReservedCodeCacheSize                    = 251658240                              {pd product} {ergonomic}
     bool SegmentedCodeCache                       = true                                      {product} {ergonomic}
   size_t SoftMaxHeapSize                          = 4280287232                             {manageable} {ergonomic}
     bool UseCompressedOops                        = true                           {product lp64_product} {ergonomic}
     bool UseG1GC                                  = true                                      {product} {ergonomic}
     bool UseLargePagesIndividualAllocation        = false                                  {pd product} {ergonomic}

Logging:
Log output configuration:
 #0: stdout all=warning uptime,level,tags foldmultilines=false
 #1: stderr all=off uptime,level,tags foldmultilines=false

Environment Variables:
JAVA_HOME=C:\Program Files\Zulu\zulu-21
PATH=C:\Program Files\Zulu\zulu-21\bin\;C:\Program Files\Eclipse Adoptium\jdk-8.0.432.6-hotspot\bin;C:\Program Files\Common Files\Oracle\Java\javapath;C:\Program Files (x86)\Razer Chroma SDK\bin;C:\Program Files\Razer Chroma SDK\bin;C:\Program Files\Zulu\zulu-17\bin\;C:\Program Files (x86)\Razer\ChromaBroadcast\bin;C:\Program Files\Razer\ChromaBroadcast\bin;C:\WINDOWS\system32;C:\WINDOWS;C:\WINDOWS\System32\Wbem;C:\WINDOWS\System32\WindowsPowerShell\v1.0\;C:\WINDOWS\System32\OpenSSH\;C:\Program Files\NVIDIA Corporation\NVIDIA NvDLISR;C:\Program Files\RedHat\java-17-openjdk-17.0.8.1.1-2\bin;C:\WINDOWS\system32\config\systemprofile\AppData\Local\Microsoft\WindowsApps;C:\Users\gabi0\AppData\Local\Programs\Python\Python311\Scripts\;C:\Users\gabi0\AppData\Local\Programs\Python\Python311\;C:\Users\gabi0\AppData\Local\Microsoft\WindowsApps;C:\Users\gabi0\AppData\Local\Programs\Microsoft VS Code\bin;C:\Users\gabi0\AppData\Local\GitHubDesktop\bin;C:\Program Files\Git\cmd;C:\Program Files\nodejs\;C:\Program Files (x86)\NVIDIA Corporation\PhysX\Common;\MinGW\bin\;C:\Program Files\dotnet\;C:\Program Files (x86)\sbt\bin;C:\maven\apache-maven-3.9.9\bin;;C:\Program Files\Docker\Docker\resources\bin;C:\Users\gabi0\AppData\Local\Programs\Python\Python311\Scripts\;C:\Users\gabi0\AppData\Local\Programs\Python\Python311\;C:\Users\gabi0\AppData\Local\Microsoft\WindowsApps;C:\Users\gabi0\AppData\Local\Programs\Microsoft VS Code\bin;C:\Users\gabi0\AppData\Local\GitHubDesktop\bin;C:\Users\gabi0\flutter\bin;C:\Users\gabi0\AppData\Roaming\npm;C:\Users\gabi0\.dotnet\tools
USERNAME=gabi0
OS=Windows_NT
PROCESSOR_IDENTIFIER=Intel64 Family 6 Model 158 Stepping 12, GenuineIntel
TMP=C:\Users\gabi0\AppData\Local\Temp
TEMP=C:\Users\gabi0\AppData\Local\Temp




---------------  S Y S T E M  ---------------

OS:
 Windows 10 , 64 bit Build 19041 (10.0.19041.5438)
OS uptime: 2 days 23:02 hours
Hyper-V role detected

CPU: total 16 (initial active 16) (8 cores per cpu, 2 threads per core) family 6 model 158 stepping 12 microcode 0xde, cx8, cmov, fxsr, ht, mmx, 3dnowpref, sse, sse2, sse3, ssse3, sse4.1, sse4.2, popcnt, lzcnt, tsc, tscinvbit, avx, avx2, aes, erms, clmul, bmi1, bmi2, rtm, adx, fma, vzeroupper, clflush, clflushopt, hv, rdtscp, f16c
Processor Information for all 16 processors :
  Max Mhz: 3600, Current Mhz: 3600, Mhz Limit: 3600

Memory: 4k page, system-wide physical 16321M (4772M free)
TotalPageFile size 27585M (AvailPageFile size 8202M)
current process WorkingSet (physical memory assigned to process): 141M, peak: 141M
current process commit charge ("private bytes"): 481M, peak: 482M

vm_info: OpenJDK 64-Bit Server VM (21+35) for windows-amd64 JRE (21+35) (Zulu21.28+85-CA), built on 2023-08-25T12:37:36Z by "zulu_re" with MS VC++ 17.1 (VS2022)

END.
