#
# A fatal error has been detected by the Java Runtime Environment:
#
#  EXCEPTION_ACCESS_VIOLATION (0xc0000005) at pc=0x00007ff8911faf46, pid=9908, tid=27680
#
# JRE version: OpenJDK Runtime Environment Zulu21.32+17-CA (21.0.2+13) (build 21.0.2+13-LTS)
# Java VM: OpenJDK 64-Bit Server VM Zulu21.32+17-CA (21.0.2+13-LTS, mixed mode, sharing, tiered, compressed oops, compressed class ptrs, g1 gc, windows-amd64)
# Problematic frame:
# C  [igxelpicd64.dll+0x1af46]
#
# No core dump will be written. Minidumps are not enabled by default on client versions of Windows
#
# If you would like to submit a bug report, please visit:
#   http://www.azul.com/support/
# The crash happened outside the Java Virtual Machine in native code.
# See problematic frame for where to report the bug.
#

---------------  S U M M A R Y ------------

Command Line: -Dfile.encoding=windows-1252 -Duser.country=DK -Duser.language=da -Duser.variant org.example.Main

Host: 12th Gen Intel(R) Core(TM) i5-12450H, 12 cores, 15G,  Windows 11 , 64 bit Build 26100 (10.0.26100.3037)
Time: Wed Mar 12 12:28:34 2025 Rom, normaltid elapsed time: 0.693049 seconds (0d 0h 0m 0s)

---------------  T H R E A D  ---------------

Current thread (0x000001fe290dd300):  JavaThread "main"             [_thread_in_native, id=27680, stack(0x0000005c50e00000,0x0000005c50f00000) (1024K)]

Stack: [0x0000005c50e00000,0x0000005c50f00000],  sp=0x0000005c50efe0e0,  free space=1016k
Native frames: (J=compiled Java code, j=interpreted, Vv=VM code, C=native code)
C  [igxelpicd64.dll+0x1af46]

Java frames: (J=compiled Java code, j=interpreted, Vv=VM code)
j  org.lwjgl.opengl.GL11C.nglTexImage2D(IIIIIIIIJ)V+0
j  org.lwjgl.opengl.GL11C.glTexImage2D(IIIIIIIILjava/nio/ByteBuffer;)V+17
j  org.lwjgl.opengl.GL11.glTexImage2D(IIIIIIIILjava/nio/ByteBuffer;)V+14
j  rendering.Texture.<init>(Ljava/lang/String;)V+142
j  scenes.LevelEditorScene.init()V+47
j  org.example.GameEngineManager.changeScene(Ljava/lang/String;)V+101
j  org.example.GameEngineManager.<init>(Lorg/example/WindowManager;)V+15
j  org.example.Main.main([Ljava/lang/String;)V+21
v  ~StubRoutines::call_stub 0x000001fe3b11100d

siginfo: EXCEPTION_ACCESS_VIOLATION (0xc0000005), reading address 0x000001fe9b0a4000


Registers:
RAX=0x000000000002f77f, RBX=0x0000005c50efe1c0, RCX=0x000000000003f480, RDX=0x000001fe9b0a3fc0
RSP=0x0000005c50efe0e0, RBP=0x0000005c50efe240, RSI=0x000001fe998e8040, RDI=0x000001fe9e87bf80
R8 =0x0000000001fa4000, R9 =0x000000000002f780, R10=0x0000000000000000, R11=0x0000005c50efe1c0
R12=0x0000000000000001, R13=0x0000000000000001, R14=0x0000005c50efe350, R15=0x0000000000000049
RIP=0x00007ff8911faf46, EFLAGS=0x0000000000010213


Register to memory mapping:

RAX=0x000000000002f77f is an unknown value
RBX=0x0000005c50efe1c0 is pointing into the stack for thread: 0x000001fe290dd300
RCX=0x000000000003f480 is an unknown value
RDX=0x000001fe9b0a3fc0 points into unknown readable memory: 0x0000000000000000 | 00 00 00 00 00 00 00 00
RSP=0x0000005c50efe0e0 is pointing into the stack for thread: 0x000001fe290dd300
RBP=0x0000005c50efe240 is pointing into the stack for thread: 0x000001fe290dd300
RSI=0x000001fe998e8040 points into unknown readable memory: 0xe7fe3fe5fc3ee4fb | fb e4 3e fc e5 3f fe e7
RDI=0x000001fe9e87bf80 points into unknown readable memory: 0x0000000000000000 | 00 00 00 00 00 00 00 00
R8 =0x0000000001fa4000 is an unknown value
R9 =0x000000000002f780 is an unknown value
R10=0x0 is null
R11=0x0000005c50efe1c0 is pointing into the stack for thread: 0x000001fe290dd300
R12=0x0000000000000001 is an unknown value
R13=0x0000000000000001 is an unknown value
R14=0x0000005c50efe350 is pointing into the stack for thread: 0x000001fe290dd300
R15=0x0000000000000049 is an unknown value

Top of Stack: (sp=0x0000005c50efe0e0)
0x0000005c50efe0e0:   0000000000000000 0000000000000000
0x0000005c50efe0f0:   0000000000000000 0000000000000000
0x0000005c50efe100:   000001fe9d0c0000 00007ff8912ceadf
0x0000005c50efe110:   0000000000000000 0000000000000000
0x0000005c50efe120:   0000000000000049 0000005c50efe350
0x0000005c50efe130:   0000005c50efe350 00007ff8912cce7a
0x0000005c50efe140:   000001fe9d0c0000 0000005c50efe240
0x0000005c50efe150:   0000000000000000 0000000000003c00
0x0000005c50efe160:   0000005c50ef0049 0000000000000001
0x0000005c50efe170:   000001fe998e8040 00007ff8911fe200
0x0000005c50efe180:   000001fe906f9170 000001fe97d56a58
0x0000005c50efe190:   0000005c50efe250 0000000000000000
0x0000005c50efe1a0:   0000005c50efe210 000001fe905a6c70
0x0000005c50efe1b0:   0000000000000002 000001fe906f9150
0x0000005c50efe1c0:   00007ff891fd8f50 000001fe906bf440
0x0000005c50efe1d0:   0000087000000f00 0000004900000000
0x0000005c50efe1e0:   00003c0000000004 000001fe998e8040
0x0000005c50efe1f0:   00000004906b0049 00007ff800003c00
0x0000005c50efe200:   000001fe9d0c0000 000001fe00000000
0x0000005c50efe210:   0000000200003c00 000001fe906f9150
0x0000005c50efe220:   000001fe9d0c0000 000001fe90657c10
0x0000005c50efe230:   0000000000000870 00007ff800000001
0x0000005c50efe240:   0000005c00000001 0000000000000000
0x0000005c50efe250:   0000000000000000 00007ff8924bc240
0x0000005c50efe260:   0000000000000000 0000000000000001
0x0000005c50efe270:   0000000000000000 0000005c50efe310
0x0000005c50efe280:   000019fce3c419f4 00007ff8912ccfc9
0x0000005c50efe290:   0000000000000000 00007ff8924bc240
0x0000005c50efe2a0:   0000000000000000 0000000000000001
0x0000005c50efe2b0:   0000000000000000 000001fe97d56970
0x0000005c50efe2c0:   0000005c50efe3d0 00007ff8912cfb14
0x0000005c50efe2d0:   0000005c50efe550 0000005c50efe3d0 

Instructions: (pc=0x00007ff8911faf46)
0x00007ff8911fae46:   48 83 c4 28 c3 cc cc cc cc cc 40 57 48 83 ec 20
0x00007ff8911fae56:   45 33 d2 48 8b f9 49 83 f8 10 0f 82 ae 00 00 00
0x00007ff8911fae66:   83 e1 0f 0f 85 df 01 00 00 8b c1 45 8b ca 4c 2b
0x00007ff8911fae76:   c0 0f 29 74 24 10 49 8b c8 0f 29 3c 24 48 c1 e9
0x00007ff8911fae86:   07 f6 c2 0f 0f 84 94 00 00 00 48 85 c9 74 6c 66
0x00007ff8911fae96:   66 66 0f 1f 84 00 00 00 00 00 f3 0f 6f 02 41 ff
0x00007ff8911faea6:   c1 f3 0f 6f 4a 10 41 8b c1 f3 0f 6f 52 20 f3 0f
0x00007ff8911faeb6:   6f 5a 30 f3 0f 6f 62 40 f3 0f 6f 6a 50 f3 0f 6f
0x00007ff8911faec6:   72 60 f3 0f 6f 7a 70 66 0f e7 07 66 0f e7 4f 10
0x00007ff8911faed6:   66 0f e7 57 20 66 0f e7 5f 30 66 0f e7 67 40 66
0x00007ff8911faee6:   0f e7 6f 50 66 0f e7 77 60 66 0f e7 7f 70 48 83
0x00007ff8911faef6:   ef 80 48 83 ea 80 48 3b c1 72 9f 41 83 e0 7f 0f
0x00007ff8911faf06:   85 0e 01 00 00 0f 28 74 24 10 0f 28 3c 24 41 83
0x00007ff8911faf16:   e0 0f 0f 85 b0 00 00 00 48 83 c4 20 5f c3 48 85
0x00007ff8911faf26:   c9 74 68 0f 1f 80 00 00 00 00 f3 0f 6f 02 41 ff
0x00007ff8911faf36:   c1 f3 0f 6f 4a 10 f3 0f 6f 52 20 f3 0f 6f 5a 30
0x00007ff8911faf46:   f3 0f 6f 62 40 f3 0f 6f 6a 50 f3 0f 6f 72 60 f3
0x00007ff8911faf56:   0f 6f 7a 70 48 83 ea 80 66 0f e7 07 66 0f e7 4f
0x00007ff8911faf66:   10 66 0f e7 57 20 66 0f e7 5f 30 66 0f e7 67 40
0x00007ff8911faf76:   66 0f e7 6f 50 66 0f e7 77 60 66 0f e7 7f 70 48
0x00007ff8911faf86:   83 ef 80 41 8b c1 48 3b c1 72 9f 41 83 e0 7f 0f
0x00007ff8911faf96:   84 70 ff ff ff 45 8b c8 41 8b ca 49 c1 e9 04 4d
0x00007ff8911fafa6:   85 c9 0f 84 5d ff ff ff 66 90 f3 0f 6f 02 ff c1
0x00007ff8911fafb6:   66 0f e7 07 48 83 c7 10 8b c1 48 83 c2 10 49 3b
0x00007ff8911fafc6:   c1 72 e7 e9 3d ff ff ff 4d 8b c8 41 8b ca 49 c1
0x00007ff8911fafd6:   e9 02 4d 85 c9 74 15 8b 02 ff c1 89 07 48 83 c2
0x00007ff8911fafe6:   04 48 83 c7 04 8b c1 49 3b c1 72 eb 41 83 e0 03
0x00007ff8911faff6:   0f 86 22 ff ff ff 48 2b d7 0f b6 04 3a 41 ff c2
0x00007ff8911fb006:   88 07 48 8d 7f 01 41 8b c2 49 3b c0 72 eb e9 05
0x00007ff8911fb016:   ff ff ff 4d 8b c8 41 8b ca 49 c1 e9 04 4d 85 c9
0x00007ff8911fb026:   0f 84 df fe ff ff 0f 1f 40 00 f3 0f 6f 02 ff c1
0x00007ff8911fb036:   48 83 c2 10 8b c1 66 0f e7 07 48 83 c7 10 49 3b 


Stack slot to memory mapping:

stack at sp + 0 slots: 0x0 is null
stack at sp + 1 slots: 0x0 is null
stack at sp + 2 slots: 0x0 is null
stack at sp + 3 slots: 0x0 is null
stack at sp + 4 slots: 0x000001fe9d0c0000 points into unknown readable memory: 0xe7fe3fe5fc3ee4fb | fb e4 3e fc e5 3f fe e7
stack at sp + 5 slots: 0x00007ff8912ceadf igxelpicd64.dll
stack at sp + 6 slots: 0x0 is null
stack at sp + 7 slots: 0x0 is null


---------------  P R O C E S S  ---------------

Threads class SMR info:
_java_thread_list=0x000001fe904e4740, length=11, elements={
0x000001fe290dd300, 0x000001fe4a3df010, 0x000001fe4a3dfc70, 0x000001fe4a3e5890,
0x000001fe4a3e8a00, 0x000001fe4a3edc20, 0x000001fe4a3ee680, 0x000001fe4a3ef410,
0x000001fe4a3f77d0, 0x000001fe9017ff80, 0x000001fe90180c00
}

Java Threads: ( => current thread )
=>0x000001fe290dd300 JavaThread "main"                              [_thread_in_native, id=27680, stack(0x0000005c50e00000,0x0000005c50f00000) (1024K)]
  0x000001fe4a3df010 JavaThread "Reference Handler"          daemon [_thread_blocked, id=1892, stack(0x0000005c51600000,0x0000005c51700000) (1024K)]
  0x000001fe4a3dfc70 JavaThread "Finalizer"                  daemon [_thread_blocked, id=16280, stack(0x0000005c51700000,0x0000005c51800000) (1024K)]
  0x000001fe4a3e5890 JavaThread "Signal Dispatcher"          daemon [_thread_blocked, id=16632, stack(0x0000005c51800000,0x0000005c51900000) (1024K)]
  0x000001fe4a3e8a00 JavaThread "Attach Listener"            daemon [_thread_blocked, id=31684, stack(0x0000005c51900000,0x0000005c51a00000) (1024K)]
  0x000001fe4a3edc20 JavaThread "Service Thread"             daemon [_thread_blocked, id=12452, stack(0x0000005c51a00000,0x0000005c51b00000) (1024K)]
  0x000001fe4a3ee680 JavaThread "Monitor Deflation Thread"   daemon [_thread_blocked, id=11760, stack(0x0000005c51b00000,0x0000005c51c00000) (1024K)]
  0x000001fe4a3ef410 JavaThread "C2 CompilerThread0"         daemon [_thread_blocked, id=29232, stack(0x0000005c51c00000,0x0000005c51d00000) (1024K)]
  0x000001fe4a3f77d0 JavaThread "C1 CompilerThread0"         daemon [_thread_blocked, id=13472, stack(0x0000005c51d00000,0x0000005c51e00000) (1024K)]
  0x000001fe9017ff80 JavaThread "Notification Thread"        daemon [_thread_blocked, id=3068, stack(0x0000005c51e00000,0x0000005c51f00000) (1024K)]
  0x000001fe90180c00 JavaThread "Common-Cleaner"             daemon [_thread_blocked, id=8228, stack(0x0000005c51f00000,0x0000005c52000000) (1024K)]
Total: 11

Other Threads:
  0x000001fe4a3bb8c0 VMThread "VM Thread"                           [id=5660, stack(0x0000005c51500000,0x0000005c51600000) (1024K)]
  0x000001fe4a3a37e0 WatcherThread "VM Periodic Task Thread"        [id=18412, stack(0x0000005c51400000,0x0000005c51500000) (1024K)]
  0x000001fe2b4c05a0 WorkerThread "GC Thread#0"                     [id=10316, stack(0x0000005c50f00000,0x0000005c51000000) (1024K)]
  0x000001fe2b4d1150 ConcurrentGCThread "G1 Main Marker"            [id=16744, stack(0x0000005c51000000,0x0000005c51100000) (1024K)]
  0x000001fe2b4d2ae0 WorkerThread "G1 Conc#0"                       [id=26416, stack(0x0000005c51100000,0x0000005c51200000) (1024K)]
  0x000001fe2b5188e0 ConcurrentGCThread "G1 Refine#0"               [id=20632, stack(0x0000005c51200000,0x0000005c51300000) (1024K)]
  0x000001fe2b51a310 ConcurrentGCThread "G1 Service"                [id=10952, stack(0x0000005c51300000,0x0000005c51400000) (1024K)]
Total: 7

Threads with active compile tasks:
Total: 0

VM state: not at safepoint (normal execution)

VM Mutex/Monitor currently owned by a thread: None

Heap address: 0x0000000704400000, size: 4028 MB, Compressed Oops mode: Zero based, Oop shift amount: 3

CDS archive(s) mapped at: [0x000001fe4b000000-0x000001fe4bcf0000-0x000001fe4bcf0000), size 13565952, SharedBaseAddress: 0x000001fe4b000000, ArchiveRelocationMode: 1.
Compressed class space mapped at: 0x000001fe4c000000-0x000001fe8c000000, reserved size: 1073741824
Narrow klass base: 0x000001fe4b000000, Narrow klass shift: 0, Narrow klass range: 0x100000000

GC Precious Log:
 CardTable entry size: 512
 Card Set container configuration: InlinePtr #cards 4 size 8 Array Of Cards #cards 16 size 48 Howl #buckets 8 coarsen threshold 3686 Howl Bitmap #cards 512 size 80 coarsen threshold 460 Card regions per heap region 1 cards per card region 4096
 CPUs: 12 total, 12 available
 Memory: 16108M
 Large Page Support: Disabled
 NUMA Support: Disabled
 Compressed Oops: Enabled (Zero based)
 Heap Region Size: 2M
 Heap Min Capacity: 8M
 Heap Initial Capacity: 252M
 Heap Max Capacity: 4028M
 Pre-touch: Disabled
 Parallel Workers: 10
 Concurrent Workers: 3
 Concurrent Refinement Workers: 10
 Periodic GC: Disabled

Heap:
 garbage-first heap   total 258048K, used 8192K [0x0000000704400000, 0x0000000800000000)
  region size 2048K, 5 young (10240K), 0 survivors (0K)
 Metaspace       used 4482K, committed 4672K, reserved 1114112K
  class space    used 244K, committed 320K, reserved 1048576K

Heap Regions: E=young(eden), S=young(survivor), O=old, HS=humongous(starts), HC=humongous(continues), CS=collection set, F=free, TAMS=top-at-mark-start, PB=parsable bottom
|   0|0x0000000704400000, 0x0000000704400000, 0x0000000704600000|  0%| F|  |TAMS 0x0000000704400000| PB 0x0000000704400000| Untracked 
|   1|0x0000000704600000, 0x0000000704600000, 0x0000000704800000|  0%| F|  |TAMS 0x0000000704600000| PB 0x0000000704600000| Untracked 
|   2|0x0000000704800000, 0x0000000704800000, 0x0000000704a00000|  0%| F|  |TAMS 0x0000000704800000| PB 0x0000000704800000| Untracked 
|   3|0x0000000704a00000, 0x0000000704a00000, 0x0000000704c00000|  0%| F|  |TAMS 0x0000000704a00000| PB 0x0000000704a00000| Untracked 
|   4|0x0000000704c00000, 0x0000000704c00000, 0x0000000704e00000|  0%| F|  |TAMS 0x0000000704c00000| PB 0x0000000704c00000| Untracked 
|   5|0x0000000704e00000, 0x0000000704e00000, 0x0000000705000000|  0%| F|  |TAMS 0x0000000704e00000| PB 0x0000000704e00000| Untracked 
|   6|0x0000000705000000, 0x0000000705000000, 0x0000000705200000|  0%| F|  |TAMS 0x0000000705000000| PB 0x0000000705000000| Untracked 
|   7|0x0000000705200000, 0x0000000705200000, 0x0000000705400000|  0%| F|  |TAMS 0x0000000705200000| PB 0x0000000705200000| Untracked 
|   8|0x0000000705400000, 0x0000000705400000, 0x0000000705600000|  0%| F|  |TAMS 0x0000000705400000| PB 0x0000000705400000| Untracked 
|   9|0x0000000705600000, 0x0000000705600000, 0x0000000705800000|  0%| F|  |TAMS 0x0000000705600000| PB 0x0000000705600000| Untracked 
|  10|0x0000000705800000, 0x0000000705800000, 0x0000000705a00000|  0%| F|  |TAMS 0x0000000705800000| PB 0x0000000705800000| Untracked 
|  11|0x0000000705a00000, 0x0000000705a00000, 0x0000000705c00000|  0%| F|  |TAMS 0x0000000705a00000| PB 0x0000000705a00000| Untracked 
|  12|0x0000000705c00000, 0x0000000705c00000, 0x0000000705e00000|  0%| F|  |TAMS 0x0000000705c00000| PB 0x0000000705c00000| Untracked 
|  13|0x0000000705e00000, 0x0000000705e00000, 0x0000000706000000|  0%| F|  |TAMS 0x0000000705e00000| PB 0x0000000705e00000| Untracked 
|  14|0x0000000706000000, 0x0000000706000000, 0x0000000706200000|  0%| F|  |TAMS 0x0000000706000000| PB 0x0000000706000000| Untracked 
|  15|0x0000000706200000, 0x0000000706200000, 0x0000000706400000|  0%| F|  |TAMS 0x0000000706200000| PB 0x0000000706200000| Untracked 
|  16|0x0000000706400000, 0x0000000706400000, 0x0000000706600000|  0%| F|  |TAMS 0x0000000706400000| PB 0x0000000706400000| Untracked 
|  17|0x0000000706600000, 0x0000000706600000, 0x0000000706800000|  0%| F|  |TAMS 0x0000000706600000| PB 0x0000000706600000| Untracked 
|  18|0x0000000706800000, 0x0000000706800000, 0x0000000706a00000|  0%| F|  |TAMS 0x0000000706800000| PB 0x0000000706800000| Untracked 
|  19|0x0000000706a00000, 0x0000000706a00000, 0x0000000706c00000|  0%| F|  |TAMS 0x0000000706a00000| PB 0x0000000706a00000| Untracked 
|  20|0x0000000706c00000, 0x0000000706c00000, 0x0000000706e00000|  0%| F|  |TAMS 0x0000000706c00000| PB 0x0000000706c00000| Untracked 
|  21|0x0000000706e00000, 0x0000000706e00000, 0x0000000707000000|  0%| F|  |TAMS 0x0000000706e00000| PB 0x0000000706e00000| Untracked 
|  22|0x0000000707000000, 0x0000000707000000, 0x0000000707200000|  0%| F|  |TAMS 0x0000000707000000| PB 0x0000000707000000| Untracked 
|  23|0x0000000707200000, 0x0000000707200000, 0x0000000707400000|  0%| F|  |TAMS 0x0000000707200000| PB 0x0000000707200000| Untracked 
|  24|0x0000000707400000, 0x0000000707400000, 0x0000000707600000|  0%| F|  |TAMS 0x0000000707400000| PB 0x0000000707400000| Untracked 
|  25|0x0000000707600000, 0x0000000707600000, 0x0000000707800000|  0%| F|  |TAMS 0x0000000707600000| PB 0x0000000707600000| Untracked 
|  26|0x0000000707800000, 0x0000000707800000, 0x0000000707a00000|  0%| F|  |TAMS 0x0000000707800000| PB 0x0000000707800000| Untracked 
|  27|0x0000000707a00000, 0x0000000707a00000, 0x0000000707c00000|  0%| F|  |TAMS 0x0000000707a00000| PB 0x0000000707a00000| Untracked 
|  28|0x0000000707c00000, 0x0000000707c00000, 0x0000000707e00000|  0%| F|  |TAMS 0x0000000707c00000| PB 0x0000000707c00000| Untracked 
|  29|0x0000000707e00000, 0x0000000707e00000, 0x0000000708000000|  0%| F|  |TAMS 0x0000000707e00000| PB 0x0000000707e00000| Untracked 
|  30|0x0000000708000000, 0x0000000708000000, 0x0000000708200000|  0%| F|  |TAMS 0x0000000708000000| PB 0x0000000708000000| Untracked 
|  31|0x0000000708200000, 0x0000000708200000, 0x0000000708400000|  0%| F|  |TAMS 0x0000000708200000| PB 0x0000000708200000| Untracked 
|  32|0x0000000708400000, 0x0000000708400000, 0x0000000708600000|  0%| F|  |TAMS 0x0000000708400000| PB 0x0000000708400000| Untracked 
|  33|0x0000000708600000, 0x0000000708600000, 0x0000000708800000|  0%| F|  |TAMS 0x0000000708600000| PB 0x0000000708600000| Untracked 
|  34|0x0000000708800000, 0x0000000708800000, 0x0000000708a00000|  0%| F|  |TAMS 0x0000000708800000| PB 0x0000000708800000| Untracked 
|  35|0x0000000708a00000, 0x0000000708a00000, 0x0000000708c00000|  0%| F|  |TAMS 0x0000000708a00000| PB 0x0000000708a00000| Untracked 
|  36|0x0000000708c00000, 0x0000000708c00000, 0x0000000708e00000|  0%| F|  |TAMS 0x0000000708c00000| PB 0x0000000708c00000| Untracked 
|  37|0x0000000708e00000, 0x0000000708e00000, 0x0000000709000000|  0%| F|  |TAMS 0x0000000708e00000| PB 0x0000000708e00000| Untracked 
|  38|0x0000000709000000, 0x0000000709000000, 0x0000000709200000|  0%| F|  |TAMS 0x0000000709000000| PB 0x0000000709000000| Untracked 
|  39|0x0000000709200000, 0x0000000709200000, 0x0000000709400000|  0%| F|  |TAMS 0x0000000709200000| PB 0x0000000709200000| Untracked 
|  40|0x0000000709400000, 0x0000000709400000, 0x0000000709600000|  0%| F|  |TAMS 0x0000000709400000| PB 0x0000000709400000| Untracked 
|  41|0x0000000709600000, 0x0000000709600000, 0x0000000709800000|  0%| F|  |TAMS 0x0000000709600000| PB 0x0000000709600000| Untracked 
|  42|0x0000000709800000, 0x0000000709800000, 0x0000000709a00000|  0%| F|  |TAMS 0x0000000709800000| PB 0x0000000709800000| Untracked 
|  43|0x0000000709a00000, 0x0000000709a00000, 0x0000000709c00000|  0%| F|  |TAMS 0x0000000709a00000| PB 0x0000000709a00000| Untracked 
|  44|0x0000000709c00000, 0x0000000709c00000, 0x0000000709e00000|  0%| F|  |TAMS 0x0000000709c00000| PB 0x0000000709c00000| Untracked 
|  45|0x0000000709e00000, 0x0000000709e00000, 0x000000070a000000|  0%| F|  |TAMS 0x0000000709e00000| PB 0x0000000709e00000| Untracked 
|  46|0x000000070a000000, 0x000000070a000000, 0x000000070a200000|  0%| F|  |TAMS 0x000000070a000000| PB 0x000000070a000000| Untracked 
|  47|0x000000070a200000, 0x000000070a200000, 0x000000070a400000|  0%| F|  |TAMS 0x000000070a200000| PB 0x000000070a200000| Untracked 
|  48|0x000000070a400000, 0x000000070a400000, 0x000000070a600000|  0%| F|  |TAMS 0x000000070a400000| PB 0x000000070a400000| Untracked 
|  49|0x000000070a600000, 0x000000070a600000, 0x000000070a800000|  0%| F|  |TAMS 0x000000070a600000| PB 0x000000070a600000| Untracked 
|  50|0x000000070a800000, 0x000000070a800000, 0x000000070aa00000|  0%| F|  |TAMS 0x000000070a800000| PB 0x000000070a800000| Untracked 
|  51|0x000000070aa00000, 0x000000070aa00000, 0x000000070ac00000|  0%| F|  |TAMS 0x000000070aa00000| PB 0x000000070aa00000| Untracked 
|  52|0x000000070ac00000, 0x000000070ac00000, 0x000000070ae00000|  0%| F|  |TAMS 0x000000070ac00000| PB 0x000000070ac00000| Untracked 
|  53|0x000000070ae00000, 0x000000070ae00000, 0x000000070b000000|  0%| F|  |TAMS 0x000000070ae00000| PB 0x000000070ae00000| Untracked 
|  54|0x000000070b000000, 0x000000070b000000, 0x000000070b200000|  0%| F|  |TAMS 0x000000070b000000| PB 0x000000070b000000| Untracked 
|  55|0x000000070b200000, 0x000000070b200000, 0x000000070b400000|  0%| F|  |TAMS 0x000000070b200000| PB 0x000000070b200000| Untracked 
|  56|0x000000070b400000, 0x000000070b400000, 0x000000070b600000|  0%| F|  |TAMS 0x000000070b400000| PB 0x000000070b400000| Untracked 
|  57|0x000000070b600000, 0x000000070b600000, 0x000000070b800000|  0%| F|  |TAMS 0x000000070b600000| PB 0x000000070b600000| Untracked 
|  58|0x000000070b800000, 0x000000070b800000, 0x000000070ba00000|  0%| F|  |TAMS 0x000000070b800000| PB 0x000000070b800000| Untracked 
|  59|0x000000070ba00000, 0x000000070ba00000, 0x000000070bc00000|  0%| F|  |TAMS 0x000000070ba00000| PB 0x000000070ba00000| Untracked 
|  60|0x000000070bc00000, 0x000000070bc00000, 0x000000070be00000|  0%| F|  |TAMS 0x000000070bc00000| PB 0x000000070bc00000| Untracked 
|  61|0x000000070be00000, 0x000000070be00000, 0x000000070c000000|  0%| F|  |TAMS 0x000000070be00000| PB 0x000000070be00000| Untracked 
|  62|0x000000070c000000, 0x000000070c000000, 0x000000070c200000|  0%| F|  |TAMS 0x000000070c000000| PB 0x000000070c000000| Untracked 
|  63|0x000000070c200000, 0x000000070c200000, 0x000000070c400000|  0%| F|  |TAMS 0x000000070c200000| PB 0x000000070c200000| Untracked 
|  64|0x000000070c400000, 0x000000070c400000, 0x000000070c600000|  0%| F|  |TAMS 0x000000070c400000| PB 0x000000070c400000| Untracked 
|  65|0x000000070c600000, 0x000000070c600000, 0x000000070c800000|  0%| F|  |TAMS 0x000000070c600000| PB 0x000000070c600000| Untracked 
|  66|0x000000070c800000, 0x000000070c800000, 0x000000070ca00000|  0%| F|  |TAMS 0x000000070c800000| PB 0x000000070c800000| Untracked 
|  67|0x000000070ca00000, 0x000000070ca00000, 0x000000070cc00000|  0%| F|  |TAMS 0x000000070ca00000| PB 0x000000070ca00000| Untracked 
|  68|0x000000070cc00000, 0x000000070cc00000, 0x000000070ce00000|  0%| F|  |TAMS 0x000000070cc00000| PB 0x000000070cc00000| Untracked 
|  69|0x000000070ce00000, 0x000000070ce00000, 0x000000070d000000|  0%| F|  |TAMS 0x000000070ce00000| PB 0x000000070ce00000| Untracked 
|  70|0x000000070d000000, 0x000000070d000000, 0x000000070d200000|  0%| F|  |TAMS 0x000000070d000000| PB 0x000000070d000000| Untracked 
|  71|0x000000070d200000, 0x000000070d200000, 0x000000070d400000|  0%| F|  |TAMS 0x000000070d200000| PB 0x000000070d200000| Untracked 
|  72|0x000000070d400000, 0x000000070d400000, 0x000000070d600000|  0%| F|  |TAMS 0x000000070d400000| PB 0x000000070d400000| Untracked 
|  73|0x000000070d600000, 0x000000070d600000, 0x000000070d800000|  0%| F|  |TAMS 0x000000070d600000| PB 0x000000070d600000| Untracked 
|  74|0x000000070d800000, 0x000000070d800000, 0x000000070da00000|  0%| F|  |TAMS 0x000000070d800000| PB 0x000000070d800000| Untracked 
|  75|0x000000070da00000, 0x000000070da00000, 0x000000070dc00000|  0%| F|  |TAMS 0x000000070da00000| PB 0x000000070da00000| Untracked 
|  76|0x000000070dc00000, 0x000000070dc00000, 0x000000070de00000|  0%| F|  |TAMS 0x000000070dc00000| PB 0x000000070dc00000| Untracked 
|  77|0x000000070de00000, 0x000000070de00000, 0x000000070e000000|  0%| F|  |TAMS 0x000000070de00000| PB 0x000000070de00000| Untracked 
|  78|0x000000070e000000, 0x000000070e000000, 0x000000070e200000|  0%| F|  |TAMS 0x000000070e000000| PB 0x000000070e000000| Untracked 
|  79|0x000000070e200000, 0x000000070e200000, 0x000000070e400000|  0%| F|  |TAMS 0x000000070e200000| PB 0x000000070e200000| Untracked 
|  80|0x000000070e400000, 0x000000070e400000, 0x000000070e600000|  0%| F|  |TAMS 0x000000070e400000| PB 0x000000070e400000| Untracked 
|  81|0x000000070e600000, 0x000000070e600000, 0x000000070e800000|  0%| F|  |TAMS 0x000000070e600000| PB 0x000000070e600000| Untracked 
|  82|0x000000070e800000, 0x000000070e800000, 0x000000070ea00000|  0%| F|  |TAMS 0x000000070e800000| PB 0x000000070e800000| Untracked 
|  83|0x000000070ea00000, 0x000000070ea00000, 0x000000070ec00000|  0%| F|  |TAMS 0x000000070ea00000| PB 0x000000070ea00000| Untracked 
|  84|0x000000070ec00000, 0x000000070ec00000, 0x000000070ee00000|  0%| F|  |TAMS 0x000000070ec00000| PB 0x000000070ec00000| Untracked 
|  85|0x000000070ee00000, 0x000000070ee00000, 0x000000070f000000|  0%| F|  |TAMS 0x000000070ee00000| PB 0x000000070ee00000| Untracked 
|  86|0x000000070f000000, 0x000000070f000000, 0x000000070f200000|  0%| F|  |TAMS 0x000000070f000000| PB 0x000000070f000000| Untracked 
|  87|0x000000070f200000, 0x000000070f200000, 0x000000070f400000|  0%| F|  |TAMS 0x000000070f200000| PB 0x000000070f200000| Untracked 
|  88|0x000000070f400000, 0x000000070f400000, 0x000000070f600000|  0%| F|  |TAMS 0x000000070f400000| PB 0x000000070f400000| Untracked 
|  89|0x000000070f600000, 0x000000070f600000, 0x000000070f800000|  0%| F|  |TAMS 0x000000070f600000| PB 0x000000070f600000| Untracked 
|  90|0x000000070f800000, 0x000000070f800000, 0x000000070fa00000|  0%| F|  |TAMS 0x000000070f800000| PB 0x000000070f800000| Untracked 
|  91|0x000000070fa00000, 0x000000070fa00000, 0x000000070fc00000|  0%| F|  |TAMS 0x000000070fa00000| PB 0x000000070fa00000| Untracked 
|  92|0x000000070fc00000, 0x000000070fc00000, 0x000000070fe00000|  0%| F|  |TAMS 0x000000070fc00000| PB 0x000000070fc00000| Untracked 
|  93|0x000000070fe00000, 0x000000070fe00000, 0x0000000710000000|  0%| F|  |TAMS 0x000000070fe00000| PB 0x000000070fe00000| Untracked 
|  94|0x0000000710000000, 0x0000000710000000, 0x0000000710200000|  0%| F|  |TAMS 0x0000000710000000| PB 0x0000000710000000| Untracked 
|  95|0x0000000710200000, 0x0000000710200000, 0x0000000710400000|  0%| F|  |TAMS 0x0000000710200000| PB 0x0000000710200000| Untracked 
|  96|0x0000000710400000, 0x0000000710400000, 0x0000000710600000|  0%| F|  |TAMS 0x0000000710400000| PB 0x0000000710400000| Untracked 
|  97|0x0000000710600000, 0x0000000710600000, 0x0000000710800000|  0%| F|  |TAMS 0x0000000710600000| PB 0x0000000710600000| Untracked 
|  98|0x0000000710800000, 0x0000000710800000, 0x0000000710a00000|  0%| F|  |TAMS 0x0000000710800000| PB 0x0000000710800000| Untracked 
|  99|0x0000000710a00000, 0x0000000710a00000, 0x0000000710c00000|  0%| F|  |TAMS 0x0000000710a00000| PB 0x0000000710a00000| Untracked 
| 100|0x0000000710c00000, 0x0000000710c00000, 0x0000000710e00000|  0%| F|  |TAMS 0x0000000710c00000| PB 0x0000000710c00000| Untracked 
| 101|0x0000000710e00000, 0x0000000710e00000, 0x0000000711000000|  0%| F|  |TAMS 0x0000000710e00000| PB 0x0000000710e00000| Untracked 
| 102|0x0000000711000000, 0x0000000711000000, 0x0000000711200000|  0%| F|  |TAMS 0x0000000711000000| PB 0x0000000711000000| Untracked 
| 103|0x0000000711200000, 0x0000000711200000, 0x0000000711400000|  0%| F|  |TAMS 0x0000000711200000| PB 0x0000000711200000| Untracked 
| 104|0x0000000711400000, 0x0000000711400000, 0x0000000711600000|  0%| F|  |TAMS 0x0000000711400000| PB 0x0000000711400000| Untracked 
| 105|0x0000000711600000, 0x0000000711600000, 0x0000000711800000|  0%| F|  |TAMS 0x0000000711600000| PB 0x0000000711600000| Untracked 
| 106|0x0000000711800000, 0x0000000711800000, 0x0000000711a00000|  0%| F|  |TAMS 0x0000000711800000| PB 0x0000000711800000| Untracked 
| 107|0x0000000711a00000, 0x0000000711a00000, 0x0000000711c00000|  0%| F|  |TAMS 0x0000000711a00000| PB 0x0000000711a00000| Untracked 
| 108|0x0000000711c00000, 0x0000000711c00000, 0x0000000711e00000|  0%| F|  |TAMS 0x0000000711c00000| PB 0x0000000711c00000| Untracked 
| 109|0x0000000711e00000, 0x0000000711e00000, 0x0000000712000000|  0%| F|  |TAMS 0x0000000711e00000| PB 0x0000000711e00000| Untracked 
| 110|0x0000000712000000, 0x0000000712000000, 0x0000000712200000|  0%| F|  |TAMS 0x0000000712000000| PB 0x0000000712000000| Untracked 
| 111|0x0000000712200000, 0x0000000712200000, 0x0000000712400000|  0%| F|  |TAMS 0x0000000712200000| PB 0x0000000712200000| Untracked 
| 112|0x0000000712400000, 0x0000000712400000, 0x0000000712600000|  0%| F|  |TAMS 0x0000000712400000| PB 0x0000000712400000| Untracked 
| 113|0x0000000712600000, 0x0000000712600000, 0x0000000712800000|  0%| F|  |TAMS 0x0000000712600000| PB 0x0000000712600000| Untracked 
| 114|0x0000000712800000, 0x0000000712800000, 0x0000000712a00000|  0%| F|  |TAMS 0x0000000712800000| PB 0x0000000712800000| Untracked 
| 115|0x0000000712a00000, 0x0000000712a00000, 0x0000000712c00000|  0%| F|  |TAMS 0x0000000712a00000| PB 0x0000000712a00000| Untracked 
| 116|0x0000000712c00000, 0x0000000712c00000, 0x0000000712e00000|  0%| F|  |TAMS 0x0000000712c00000| PB 0x0000000712c00000| Untracked 
| 117|0x0000000712e00000, 0x0000000712e00000, 0x0000000713000000|  0%| F|  |TAMS 0x0000000712e00000| PB 0x0000000712e00000| Untracked 
| 118|0x0000000713000000, 0x0000000713000000, 0x0000000713200000|  0%| F|  |TAMS 0x0000000713000000| PB 0x0000000713000000| Untracked 
| 119|0x0000000713200000, 0x0000000713200000, 0x0000000713400000|  0%| F|  |TAMS 0x0000000713200000| PB 0x0000000713200000| Untracked 
| 120|0x0000000713400000, 0x0000000713400000, 0x0000000713600000|  0%| F|  |TAMS 0x0000000713400000| PB 0x0000000713400000| Untracked 
| 121|0x0000000713600000, 0x0000000713800000, 0x0000000713800000|100%| E|  |TAMS 0x0000000713600000| PB 0x0000000713600000| Complete 
| 122|0x0000000713800000, 0x0000000713a00000, 0x0000000713a00000|100%| E|CS|TAMS 0x0000000713800000| PB 0x0000000713800000| Complete 
| 123|0x0000000713a00000, 0x0000000713c00000, 0x0000000713c00000|100%| E|CS|TAMS 0x0000000713a00000| PB 0x0000000713a00000| Complete 
| 124|0x0000000713c00000, 0x0000000713e00000, 0x0000000713e00000|100%| E|CS|TAMS 0x0000000713c00000| PB 0x0000000713c00000| Complete 
| 125|0x0000000713e00000, 0x0000000714000000, 0x0000000714000000|100%| E|CS|TAMS 0x0000000713e00000| PB 0x0000000713e00000| Complete 

Card table byte_map: [0x000001fe43910000,0x000001fe440f0000] _byte_map_base: 0x000001fe400ee000

Marking Bits: (CMBitMap*) 0x000001fe2b4c0cb0
 Bits: [0x000001fe440f0000, 0x000001fe47fe0000)

Polling page: 0x000001fe2ab40000

Metaspace:

Usage:
  Non-class:      4.14 MB used.
      Class:    244.45 KB used.
       Both:      4.38 MB used.

Virtual space:
  Non-class space:       64.00 MB reserved,       4.25 MB (  7%) committed,  1 nodes.
      Class space:        1.00 GB reserved,     320.00 KB ( <1%) committed,  1 nodes.
             Both:        1.06 GB reserved,       4.56 MB ( <1%) committed. 

Chunk freelists:
   Non-Class:  9.35 MB
       Class:  15.60 MB
        Both:  24.95 MB

MaxMetaspaceSize: unlimited
CompressedClassSpaceSize: 1.00 GB
Initial GC threshold: 21.00 MB
Current GC threshold: 21.00 MB
CDS: on
 - commit_granule_bytes: 65536.
 - commit_granule_words: 8192.
 - virtual_space_node_default_size: 8388608.
 - enlarge_chunks_in_place: 1.
 - use_allocation_guard: 0.


Internal statistics:

num_allocs_failed_limit: 0.
num_arena_births: 106.
num_arena_deaths: 0.
num_vsnodes_births: 2.
num_vsnodes_deaths: 0.
num_space_committed: 71.
num_space_uncommitted: 0.
num_chunks_returned_to_freelist: 0.
num_chunks_taken_from_freelist: 230.
num_chunk_merges: 0.
num_chunk_splits: 157.
num_chunks_enlarged: 106.
num_inconsistent_stats: 0.

CodeHeap 'non-profiled nmethods': size=120000Kb used=228Kb max_used=228Kb free=119771Kb
 bounds [0x000001fe3b6b0000, 0x000001fe3b920000, 0x000001fe42be0000]
CodeHeap 'profiled nmethods': size=120000Kb used=1107Kb max_used=1107Kb free=118892Kb
 bounds [0x000001fe33be0000, 0x000001fe33e50000, 0x000001fe3b110000]
CodeHeap 'non-nmethods': size=5760Kb used=2154Kb max_used=2169Kb free=3605Kb
 bounds [0x000001fe3b110000, 0x000001fe3b380000, 0x000001fe3b6b0000]
 total_blobs=1861 nmethods=746 adapters=1020
 compilation: enabled
              stopped_count=0, restarted_count=0
 full_count=0

Compilation events (20 events):
Event: 0.618 Thread 0x000001fe4a3f77d0  737       3       java.nio.MappedByteBuffer::limit (6 bytes)
Event: 0.618 Thread 0x000001fe4a3f77d0 nmethod 737 0x000001fe33ceeb90 code [0x000001fe33ceed40, 0x000001fe33ceef50]
Event: 0.618 Thread 0x000001fe4a3f77d0  740  s    3       sun.nio.ch.ChannelInputStream::read (77 bytes)
Event: 0.619 Thread 0x000001fe4a3f77d0 nmethod 740 0x000001fe33cef090 code [0x000001fe33cef2c0, 0x000001fe33cefb60]
Event: 0.619 Thread 0x000001fe4a3f77d0  746       3       sun.nio.ch.Util$BufferCache::offerFirst (73 bytes)
Event: 0.619 Thread 0x000001fe4a3f77d0 nmethod 746 0x000001fe33cefe10 code [0x000001fe33ceffc0, 0x000001fe33cf0338]
Event: 0.619 Thread 0x000001fe4a3f77d0  741       3       sun.nio.ch.FileChannelImpl::beginBlocking (12 bytes)
Event: 0.619 Thread 0x000001fe4a3f77d0 nmethod 741 0x000001fe33cf0490 code [0x000001fe33cf0640, 0x000001fe33cf07b0]
Event: 0.619 Thread 0x000001fe4a3f77d0  742       3       sun.nio.ch.FileChannelImpl::endBlocking (13 bytes)
Event: 0.619 Thread 0x000001fe4a3f77d0 nmethod 742 0x000001fe33cf0890 code [0x000001fe33cf0a40, 0x000001fe33cf0bb0]
Event: 0.619 Thread 0x000001fe4a3f77d0  743   !   3       sun.nio.ch.ChannelInputStream::read (70 bytes)
Event: 0.619 Thread 0x000001fe4a3f77d0 nmethod 743 0x000001fe33cf0c90 code [0x000001fe33cf0ec0, 0x000001fe33cf1708]
Event: 0.619 Thread 0x000001fe4a3f77d0  738       3       java.nio.Buffer$2::acquireSession (14 bytes)
Event: 0.619 Thread 0x000001fe4a3f77d0 nmethod 738 0x000001fe33cf1a10 code [0x000001fe33cf1be0, 0x000001fe33cf2008]
Event: 0.619 Thread 0x000001fe4a3f77d0  739   !   3       java.nio.Buffer$2::releaseSession (28 bytes)
Event: 0.620 Thread 0x000001fe4a3f77d0 nmethod 739 0x000001fe33cf2190 code [0x000001fe33cf2380, 0x000001fe33cf2888]
Event: 0.620 Thread 0x000001fe4a3f77d0  744   !   3       sun.nio.ch.FileChannelImpl::read (288 bytes)
Event: 0.620 Thread 0x000001fe4a3f77d0 nmethod 744 0x000001fe33cf2b10 code [0x000001fe33cf2e60, 0x000001fe33cf3f88]
Event: 0.620 Thread 0x000001fe4a3f77d0  745       3       sun.nio.ch.IOUtil::read (14 bytes)
Event: 0.620 Thread 0x000001fe4a3f77d0 nmethod 745 0x000001fe33cf4910 code [0x000001fe33cf4ac0, 0x000001fe33cf4be8]

GC Heap History (0 events):
No events

Dll operation events (10 events):
Event: 0.006 Loaded shared library C:\Program Files\Zulu\zulu-21\bin\java.dll
Event: 0.030 Loaded shared library C:\Program Files\Zulu\zulu-21\bin\jsvml.dll
Event: 0.053 Loaded shared library C:\Program Files\Zulu\zulu-21\bin\net.dll
Event: 0.055 Loaded shared library C:\Program Files\Zulu\zulu-21\bin\nio.dll
Event: 0.060 Loaded shared library C:\Program Files\Zulu\zulu-21\bin\zip.dll
Event: 0.107 Loaded shared library C:\Program Files\Zulu\zulu-21\bin\jimage.dll
Event: 0.125 Loaded shared library C:\Users\mathi\AppData\Local\Temp\lwjgl_mathi\3.3.6+1\x64\lwjgl.dll
Event: 0.380 Loaded shared library C:\Users\mathi\AppData\Local\Temp\lwjgl_mathi\3.3.6+1\x64\lwjgl_opengl.dll
Event: 0.590 Loaded shared library C:\Program Files\Zulu\zulu-21\bin\verify.dll
Event: 0.617 Loaded shared library C:\Users\mathi\AppData\Local\Temp\lwjgl_mathi\3.3.6+1\x64\lwjgl_stb.dll

Deoptimization events (10 events):
Event: 0.134 Thread 0x000001fe290dd300 DEOPT PACKING pc=0x000001fe33bf6ff8 sp=0x0000005c50efb600
Event: 0.134 Thread 0x000001fe290dd300 DEOPT UNPACKING pc=0x000001fe3b164e42 sp=0x0000005c50efaa20 mode 0
Event: 0.481 Thread 0x000001fe290dd300 Uncommon trap: trap_request=0xffffff54 fr.pc=0x000001fe3b6e2710 relative=0x0000000000000070
Event: 0.481 Thread 0x000001fe290dd300 Uncommon trap: reason=speculate_null_assert action=make_not_entrant pc=0x000001fe3b6e2710 method=sun.misc.Unsafe.putLong(Ljava/lang/Object;JJ)V @ 7 c2
Event: 0.481 Thread 0x000001fe290dd300 DEOPT PACKING pc=0x000001fe3b6e2710 sp=0x0000005c50efea60
Event: 0.481 Thread 0x000001fe290dd300 DEOPT UNPACKING pc=0x000001fe3b1646a2 sp=0x0000005c50efe9d8 mode 2
Event: 0.582 Thread 0x000001fe290dd300 Uncommon trap: trap_request=0xffffff54 fr.pc=0x000001fe3b6e3a8c relative=0x000000000000006c
Event: 0.582 Thread 0x000001fe290dd300 Uncommon trap: reason=speculate_null_assert action=make_not_entrant pc=0x000001fe3b6e3a8c method=sun.misc.Unsafe.getLong(Ljava/lang/Object;J)J @ 5 c2
Event: 0.582 Thread 0x000001fe290dd300 DEOPT PACKING pc=0x000001fe3b6e3a8c sp=0x0000005c50efec50
Event: 0.582 Thread 0x000001fe290dd300 DEOPT UNPACKING pc=0x000001fe3b1646a2 sp=0x0000005c50efebd8 mode 2

Classes loaded (20 events):
Event: 0.172 Loading class java/util/function/LongPredicate
Event: 0.172 Loading class java/util/function/LongPredicate done
Event: 0.175 Loading class java/lang/foreign/MemorySegment
Event: 0.175 Loading class java/lang/foreign/MemorySegment done
Event: 0.179 Loading class java/nio/InvalidMarkException
Event: 0.179 Loading class java/nio/InvalidMarkException done
Event: 0.179 Loading class java/nio/BufferUnderflowException
Event: 0.179 Loading class java/nio/BufferUnderflowException done
Event: 0.186 Loading class java/util/Formatter$FixedString
Event: 0.186 Loading class java/util/Formatter$FixedString done
Event: 0.197 Loading class java/lang/NoSuchFieldError
Event: 0.197 Loading class java/lang/NoSuchFieldError done
Event: 0.201 Loading class jdk/internal/reflect/MethodHandleIntegerFieldAccessorImpl
Event: 0.201 Loading class jdk/internal/reflect/MethodHandleIntegerFieldAccessorImpl done
Event: 0.383 Loading class jdk/internal/foreign/MemorySessionImpl
Event: 0.383 Loading class java/lang/foreign/MemorySegment$Scope
Event: 0.383 Loading class java/lang/foreign/MemorySegment$Scope done
Event: 0.383 Loading class jdk/internal/foreign/MemorySessionImpl done
Event: 0.589 Loading class java/io/Externalizable
Event: 0.589 Loading class java/io/Externalizable done

Classes unloaded (0 events):
No events

Classes redefined (0 events):
No events

Internal exceptions (20 events):
Event: 0.177 Thread 0x000001fe290dd300 Exception <a 'java/lang/NoSuchMethodError'{0x0000000713b2aa98}: 'int java.lang.invoke.DirectMethodHandle$Holder.invokeStaticInit(java.lang.Object, java.lang.Object, long, long)'> (0x0000000713b2aa98) 
thrown [s\src\hotspot\share\interpreter\linkResolver.cpp, line 773]
Event: 0.177 Thread 0x000001fe290dd300 Exception <a 'java/lang/NoSuchMethodError'{0x0000000713b2ff78}: 'java.lang.Object java.lang.invoke.DirectMethodHandle$Holder.newInvokeSpecial(java.lang.Object, java.lang.Object, long)'> (0x0000000713b2ff78) 
thrown [s\src\hotspot\share\interpreter\linkResolver.cpp, line 773]
Event: 0.177 Thread 0x000001fe290dd300 Exception <a 'java/lang/NoSuchMethodError'{0x0000000713b33870}: 'java.lang.Object java.lang.invoke.Invokers$Holder.linkToTargetMethod(java.lang.Object, long, java.lang.Object)'> (0x0000000713b33870) 
thrown [s\src\hotspot\share\interpreter\linkResolver.cpp, line 773]
Event: 0.178 Thread 0x000001fe290dd300 Exception <a 'java/lang/NoSuchMethodError'{0x0000000713b3a7c8}: 'int java.lang.invoke.DirectMethodHandle$Holder.invokeStaticInit(java.lang.Object, java.lang.Object, java.lang.Object, long)'> (0x0000000713b3a7c8) 
thrown [s\src\hotspot\share\interpreter\linkResolver.cpp, line 773]
Event: 0.196 Thread 0x000001fe290dd300 Exception <a 'sun/nio/fs/WindowsException'{0x0000000713bee4d0}> (0x0000000713bee4d0) 
thrown [s\src\hotspot\share\prims\jni.cpp, line 520]
Event: 0.196 Thread 0x000001fe290dd300 Exception <a 'sun/nio/fs/WindowsException'{0x0000000713bee830}> (0x0000000713bee830) 
thrown [s\src\hotspot\share\prims\jni.cpp, line 520]
Event: 0.201 Thread 0x000001fe290dd300 Exception <a 'java/lang/NoSuchMethodError'{0x0000000713804520}: 'int java.lang.invoke.Invokers$Holder.invokeExact_MT(java.lang.Object, java.lang.Object)'> (0x0000000713804520) 
thrown [s\src\hotspot\share\interpreter\linkResolver.cpp, line 773]
Event: 0.322 Thread 0x000001fe290dd300 Exception <a 'java/lang/NoSuchMethodError'{0x0000000713859a38}: 'void java.lang.invoke.DirectMethodHandle$Holder.invokeStaticInit(java.lang.Object, long, int, int, int)'> (0x0000000713859a38) 
thrown [s\src\hotspot\share\interpreter\linkResolver.cpp, line 773]
Event: 0.324 Thread 0x000001fe290dd300 Exception <a 'java/lang/NoSuchMethodError'{0x0000000713867740}: 'void java.lang.invoke.DirectMethodHandle$Holder.invokeStaticInit(java.lang.Object, long, double, double)'> (0x0000000713867740) 
thrown [s\src\hotspot\share\interpreter\linkResolver.cpp, line 773]
Event: 0.327 Thread 0x000001fe290dd300 Exception <a 'java/lang/NoSuchMethodError'{0x000000071387dba0}: 'void java.lang.invoke.DirectMethodHandle$Holder.invokeStaticInit(java.lang.Object, long, int, int, int, int)'> (0x000000071387dba0) 
thrown [s\src\hotspot\share\interpreter\linkResolver.cpp, line 773]
Event: 0.372 Thread 0x000001fe290dd300 Exception <a 'java/lang/NoSuchMethodError'{0x00000007138a8ea8}: 'void java.lang.System.load(java.lang.String, java.lang.Class)'> (0x00000007138a8ea8) 
thrown [s\src\hotspot\share\interpreter\linkResolver.cpp, line 773]
Event: 0.373 Thread 0x000001fe290dd300 Exception <a 'java/lang/NoSuchMethodError'{0x00000007138ab848}: 'void java.lang.System.loadLibrary(java.lang.String, java.lang.Class)'> (0x00000007138ab848) 
thrown [s\src\hotspot\share\interpreter\linkResolver.cpp, line 773]
Event: 0.379 Thread 0x000001fe290dd300 Exception <a 'sun/nio/fs/WindowsException'{0x00000007138ba720}> (0x00000007138ba720) 
thrown [s\src\hotspot\share\prims\jni.cpp, line 520]
Event: 0.379 Thread 0x000001fe290dd300 Exception <a 'sun/nio/fs/WindowsException'{0x00000007138baac0}> (0x00000007138baac0) 
thrown [s\src\hotspot\share\prims\jni.cpp, line 520]
Event: 0.385 Thread 0x000001fe290dd300 Exception <a 'sun/nio/fs/WindowsException'{0x00000007138c60d8}> (0x00000007138c60d8) 
thrown [s\src\hotspot\share\prims\jni.cpp, line 520]
Event: 0.385 Thread 0x000001fe290dd300 Exception <a 'sun/nio/fs/WindowsException'{0x00000007138c63a8}> (0x00000007138c63a8) 
thrown [s\src\hotspot\share\prims\jni.cpp, line 520]
Event: 0.607 Thread 0x000001fe290dd300 Exception <a 'java/lang/NoSuchMethodError'{0x0000000713794ba8}: 'void java.lang.System.load(java.lang.String, java.lang.Class)'> (0x0000000713794ba8) 
thrown [s\src\hotspot\share\interpreter\linkResolver.cpp, line 773]
Event: 0.608 Thread 0x000001fe290dd300 Exception <a 'java/lang/NoSuchMethodError'{0x0000000713797548}: 'void java.lang.System.loadLibrary(java.lang.String, java.lang.Class)'> (0x0000000713797548) 
thrown [s\src\hotspot\share\interpreter\linkResolver.cpp, line 773]
Event: 0.614 Thread 0x000001fe290dd300 Exception <a 'sun/nio/fs/WindowsException'{0x00000007137a6518}> (0x00000007137a6518) 
thrown [s\src\hotspot\share\prims\jni.cpp, line 520]
Event: 0.614 Thread 0x000001fe290dd300 Exception <a 'sun/nio/fs/WindowsException'{0x00000007137a6898}> (0x00000007137a6898) 
thrown [s\src\hotspot\share\prims\jni.cpp, line 520]

ZGC Phase Switch (0 events):
No events

VM Operations (4 events):
Event: 0.061 Executing VM operation: HandshakeAllThreads (Deoptimize)
Event: 0.061 Executing VM operation: HandshakeAllThreads (Deoptimize) done
Event: 0.119 Executing VM operation: HandshakeAllThreads (Deoptimize)
Event: 0.119 Executing VM operation: HandshakeAllThreads (Deoptimize) done

Events (13 events):
Event: 0.018 Thread 0x000001fe290dd300 Thread added: 0x000001fe290dd300
Event: 0.028 Thread 0x000001fe4a3df010 Thread added: 0x000001fe4a3df010
Event: 0.028 Thread 0x000001fe4a3dfc70 Thread added: 0x000001fe4a3dfc70
Event: 0.028 Thread 0x000001fe4a3e5890 Thread added: 0x000001fe4a3e5890
Event: 0.029 Thread 0x000001fe4a3e8a00 Thread added: 0x000001fe4a3e8a00
Event: 0.029 Thread 0x000001fe4a3edc20 Thread added: 0x000001fe4a3edc20
Event: 0.029 Thread 0x000001fe4a3ee680 Thread added: 0x000001fe4a3ee680
Event: 0.029 Thread 0x000001fe4a3ef410 Thread added: 0x000001fe4a3ef410
Event: 0.029 Thread 0x000001fe4a3f77d0 Thread added: 0x000001fe4a3f77d0
Event: 0.046 Thread 0x000001fe9017ff80 Thread added: 0x000001fe9017ff80
Event: 0.048 Thread 0x000001fe90180c00 Thread added: 0x000001fe90180c00
Event: 0.169 Thread 0x000001fe9042f340 Thread added: 0x000001fe9042f340
Event: 0.322 Thread 0x000001fe9042f340 Thread exited: 0x000001fe9042f340


Dynamic libraries:
0x00007ff79b600000 - 0x00007ff79b60e000 	C:\Program Files\Zulu\zulu-21\bin\java.exe
0x00007ff92f920000 - 0x00007ff92fb83000 	C:\WINDOWS\SYSTEM32\ntdll.dll
0x00007ff92e9a0000 - 0x00007ff92ea67000 	C:\WINDOWS\System32\KERNEL32.DLL
0x00007ff92cf60000 - 0x00007ff92d327000 	C:\WINDOWS\System32\KERNELBASE.dll
0x00007ff92d330000 - 0x00007ff92d47c000 	C:\WINDOWS\System32\ucrtbase.dll
0x00007ff911de0000 - 0x00007ff911df8000 	C:\Program Files\Zulu\zulu-21\bin\jli.dll
0x00007ff912b50000 - 0x00007ff912b6b000 	C:\Program Files\Zulu\zulu-21\bin\VCRUNTIME140.dll
0x00007ff92d8f0000 - 0x00007ff92dab9000 	C:\WINDOWS\System32\USER32.dll
0x00007ff92d730000 - 0x00007ff92d757000 	C:\WINDOWS\System32\win32u.dll
0x00007ff9029b0000 - 0x00007ff902c40000 	C:\WINDOWS\WinSxS\amd64_microsoft.windows.common-controls_6595b64144ccf1df_6.0.26100.3037_none_3e09262ce333c378\COMCTL32.dll
0x00007ff92f8b0000 - 0x00007ff92f8da000 	C:\WINDOWS\System32\GDI32.dll
0x00007ff92d760000 - 0x00007ff92d809000 	C:\WINDOWS\System32\msvcrt.dll
0x00007ff92cd80000 - 0x00007ff92ceab000 	C:\WINDOWS\System32\gdi32full.dll
0x00007ff92ceb0000 - 0x00007ff92cf53000 	C:\WINDOWS\System32\msvcp_win.dll
0x00007ff92e860000 - 0x00007ff92e88f000 	C:\WINDOWS\System32\IMM32.DLL
0x00007ff914450000 - 0x00007ff91445c000 	C:\Program Files\Zulu\zulu-21\bin\vcruntime140_1.dll
0x00007ff8cd340000 - 0x00007ff8cd3ce000 	C:\Program Files\Zulu\zulu-21\bin\msvcp140.dll
0x00007ff897790000 - 0x00007ff898525000 	C:\Program Files\Zulu\zulu-21\bin\server\jvm.dll
0x00007ff92e620000 - 0x00007ff92e6d4000 	C:\WINDOWS\System32\ADVAPI32.dll
0x00007ff92e1d0000 - 0x00007ff92e276000 	C:\WINDOWS\System32\sechost.dll
0x00007ff92e730000 - 0x00007ff92e846000 	C:\WINDOWS\System32\RPCRT4.dll
0x00007ff92d870000 - 0x00007ff92d8e4000 	C:\WINDOWS\System32\WS2_32.dll
0x00007ff92b930000 - 0x00007ff92b97e000 	C:\WINDOWS\SYSTEM32\POWRPROF.dll
0x00007ff921980000 - 0x00007ff92198b000 	C:\WINDOWS\SYSTEM32\VERSION.dll
0x00007ff91ec50000 - 0x00007ff91ec86000 	C:\WINDOWS\SYSTEM32\WINMM.dll
0x00007ff92b910000 - 0x00007ff92b924000 	C:\WINDOWS\SYSTEM32\UMPDC.dll
0x00007ff92bb40000 - 0x00007ff92bb5a000 	C:\WINDOWS\SYSTEM32\kernel.appcore.dll
0x00007ff914390000 - 0x00007ff91439a000 	C:\Program Files\Zulu\zulu-21\bin\jimage.dll
0x00007ff92a4d0000 - 0x00007ff92a711000 	C:\WINDOWS\SYSTEM32\DBGHELP.DLL
0x00007ff92e280000 - 0x00007ff92e5fe000 	C:\WINDOWS\System32\combase.dll
0x00007ff92f7d0000 - 0x00007ff92f8a6000 	C:\WINDOWS\System32\OLEAUT32.dll
0x00007ff90de80000 - 0x00007ff90deb9000 	C:\WINDOWS\SYSTEM32\dbgcore.DLL
0x00007ff92d600000 - 0x00007ff92d699000 	C:\WINDOWS\System32\bcryptPrimitives.dll
0x00007ff911210000 - 0x00007ff91122f000 	C:\Program Files\Zulu\zulu-21\bin\java.dll
0x00007ff92dac0000 - 0x00007ff92e1c4000 	C:\WINDOWS\System32\SHELL32.dll
0x00007ff92a9c0000 - 0x00007ff92b1f7000 	C:\WINDOWS\SYSTEM32\windows.storage.dll
0x00007ff92eca0000 - 0x00007ff92ed89000 	C:\WINDOWS\System32\SHCORE.dll
0x00007ff92ec40000 - 0x00007ff92ec9d000 	C:\WINDOWS\System32\shlwapi.dll
0x00007ff92cbd0000 - 0x00007ff92cbfe000 	C:\WINDOWS\SYSTEM32\profapi.dll
0x00007ff8bfaf0000 - 0x00007ff8bfbc7000 	C:\Program Files\Zulu\zulu-21\bin\jsvml.dll
0x00007ff913630000 - 0x00007ff913640000 	C:\Program Files\Zulu\zulu-21\bin\net.dll
0x00007ff9232a0000 - 0x00007ff9233be000 	C:\WINDOWS\SYSTEM32\WINHTTP.dll
0x00007ff92c110000 - 0x00007ff92c17a000 	C:\WINDOWS\system32\mswsock.dll
0x00007ff90cfb0000 - 0x00007ff90cfc6000 	C:\Program Files\Zulu\zulu-21\bin\nio.dll
0x00007ff90d010000 - 0x00007ff90d028000 	C:\Program Files\Zulu\zulu-21\bin\zip.dll
0x00007ff8e37f0000 - 0x00007ff8e386e000 	C:\Users\mathi\AppData\Local\Temp\lwjgl_mathi\3.3.6+1\x64\lwjgl.dll
0x00007ff8dd750000 - 0x00007ff8dd7d9000 	C:\Users\mathi\AppData\Local\Temp\lwjgl_mathi\3.3.6+1\x64\glfw.dll
0x00007ff8f1890000 - 0x00007ff8f18db000 	C:\WINDOWS\SYSTEM32\dinput8.dll
0x00007ff90cb30000 - 0x00007ff90cb42000 	C:\WINDOWS\SYSTEM32\xinput1_4.dll
0x00007ff92c920000 - 0x00007ff92c97f000 	C:\WINDOWS\SYSTEM32\cfgmgr32.dll
0x00007ff92c990000 - 0x00007ff92c9bd000 	C:\WINDOWS\SYSTEM32\DEVOBJ.dll
0x00007ff929d10000 - 0x00007ff929d3e000 	C:\WINDOWS\SYSTEM32\dwmapi.dll
0x00007ff915790000 - 0x00007ff91596e000 	C:\WINDOWS\SYSTEM32\inputhost.dll
0x00007ff928b00000 - 0x00007ff928c26000 	C:\WINDOWS\SYSTEM32\CoreMessaging.dll
0x00007ff929940000 - 0x00007ff9299ed000 	C:\WINDOWS\system32\uxtheme.dll
0x00007ff911eb0000 - 0x00007ff911fe3000 	C:\ProgramData\A-Volute\A-Volute.Nahimic\Modules\Scheduled\x64\AudioDevProps2.dll
0x00007ff92f010000 - 0x00007ff92f1a5000 	C:\WINDOWS\System32\ole32.dll
0x00007ff92c3d0000 - 0x00007ff92c3dc000 	C:\WINDOWS\SYSTEM32\CRYPTBASE.DLL
0x00007ff92f670000 - 0x00007ff92f7cc000 	C:\WINDOWS\System32\MSCTF.dll
0x00007ff9297d0000 - 0x00007ff9297d8000 	C:\WINDOWS\System32\OskSupport.dll
0x00007ff8c6a10000 - 0x00007ff8c6b1c000 	C:\WINDOWS\SYSTEM32\opengl32.dll
0x00007ff914550000 - 0x00007ff91457d000 	C:\WINDOWS\SYSTEM32\GLU32.dll
0x00007ff929af0000 - 0x00007ff929b37000 	C:\WINDOWS\SYSTEM32\dxcore.dll
0x00007ff929b60000 - 0x00007ff929bbc000 	C:\WINDOWS\SYSTEM32\directxdatabasehelper.dll
0x00007ff916fe0000 - 0x00007ff916ffa000 	C:\WINDOWS\SYSTEM32\windows.staterepositorycore.dll
0x00007ff8911e0000 - 0x00007ff8925ba000 	C:\WINDOWS\System32\DriverStore\FileRepository\iigd_dch.inf_amd64_d7ad42ef8246b546\igxelpicd64.dll
0x00007ff929bc0000 - 0x00007ff929cec000 	C:\WINDOWS\SYSTEM32\dxgi.dll
0x00007ff8e7bc0000 - 0x00007ff8e7be3000 	C:\WINDOWS\SYSTEM32\d3d12.dll
0x00007ff884f30000 - 0x00007ff885079000 	C:\WINDOWS\System32\DriverStore\FileRepository\iigd_dch.inf_amd64_d7ad42ef8246b546\igdml64.dll
0x00007ff91e5c0000 - 0x00007ff91ea00000 	C:\WINDOWS\System32\DriverStore\FileRepository\iigd_dch.inf_amd64_d7ad42ef8246b546\igdgmm64.dll
0x00007ff91e430000 - 0x00007ff91e456000 	C:\WINDOWS\System32\DriverStore\FileRepository\iigd_dch.inf_amd64_d7ad42ef8246b546\igc64.dll
0x00007ff91a490000 - 0x00007ff91e399000 	C:\WINDOWS\System32\DriverStore\FileRepository\iigd_dch.inf_amd64_d7ad42ef8246b546\igc1464.dll
0x00007ff916500000 - 0x00007ff916646000 	C:\WINDOWS\SYSTEM32\textinputframework.dll
0x00007ff920de0000 - 0x00007ff9210c3000 	C:\WINDOWS\SYSTEM32\CoreUIComponents.dll
0x00007ff9269b0000 - 0x00007ff926b18000 	C:\WINDOWS\SYSTEM32\wintypes.dll
0x00007ff8dd200000 - 0x00007ff8dd25d000 	C:\Users\mathi\AppData\Local\Temp\lwjgl_mathi\3.3.6+1\x64\lwjgl_opengl.dll
0x00007ff910880000 - 0x00007ff910890000 	C:\Program Files\Zulu\zulu-21\bin\verify.dll
0x00007ff8cc940000 - 0x00007ff8cc9d9000 	C:\Users\mathi\AppData\Local\Temp\lwjgl_mathi\3.3.6+1\x64\lwjgl_stb.dll

dbghelp: loaded successfully - version: 4.0.5 - missing functions: none
symbol engine: initialized successfully - sym options: 0x614 - pdb path: .;C:\Program Files\Zulu\zulu-21\bin;C:\WINDOWS\SYSTEM32;C:\WINDOWS\WinSxS\amd64_microsoft.windows.common-controls_6595b64144ccf1df_6.0.26100.3037_none_3e09262ce333c378;C:\Program Files\Zulu\zulu-21\bin\server;C:\Users\mathi\AppData\Local\Temp\lwjgl_mathi\3.3.6+1\x64;C:\ProgramData\A-Volute\A-Volute.Nahimic\Modules\Scheduled\x64;C:\WINDOWS\System32\DriverStore\FileRepository\iigd_dch.inf_amd64_d7ad42ef8246b546

VM Arguments:
jvm_args: -Dfile.encoding=windows-1252 -Duser.country=DK -Duser.language=da -Duser.variant 
java_command: org.example.Main
java_class_path (initial): C:\Users\mathi\OneDrive\Desktop\DTU\4.semester\Game-Engine-FagProjekt\GameEngine\build\classes\java\main;C:\Users\mathi\OneDrive\Desktop\DTU\4.semester\Game-Engine-FagProjekt\GameEngine\build\resources\main;C:\Users\mathi\.gradle\caches\modules-2\files-2.1\org.lwjgl\lwjgl-glfw\3.3.6\7119f7d0eeb1e5502ff0ca71d2b4d47317da015\lwjgl-glfw-3.3.6.jar;C:\Users\mathi\.gradle\caches\modules-2\files-2.1\org.lwjgl\lwjgl-glfw\3.3.6\99ef08056feb9627f90425a4d2a22cd9fae8e39b\lwjgl-glfw-3.3.6-natives-windows.jar;C:\Users\mathi\.gradle\caches\modules-2\files-2.1\org.lwjgl\lwjgl-openal\3.3.6\ad313317ff399fd2a7f4dd74716a68cf3976c6ad\lwjgl-openal-3.3.6.jar;C:\Users\mathi\.gradle\caches\modules-2\files-2.1\org.lwjgl\lwjgl-openal\3.3.6\9c2b9b660e085bb0b47a4453dc0e26f24a5475e4\lwjgl-openal-3.3.6-natives-windows.jar;C:\Users\mathi\.gradle\caches\modules-2\files-2.1\org.lwjgl\lwjgl-opengl\3.3.6\ac2532612a4df374e9a9282bcf8ce2573018ebbb\lwjgl-opengl-3.3.6.jar;C:\Users\mathi\.gradle\caches\modules-2\files-2.1\org.lwjgl\lwjgl-opengl\3.3.6\18dc639ebc94aa5202c2157f7490d28997b697c5\lwjgl-opengl-3.3.6-natives-windows.jar;C:\Users\mathi\.gradle\caches\modules-2\files-2.1\org.lwjgl\lwjgl-stb\3.3.6\e2d3739dcfe7b672b626ded66d94f6587083306e\lwjgl-stb-3.3.6.jar;C:\Users\mathi\.gradle\caches\modules-2\files-2.1\org.lwjgl\lwjgl-stb\3.3.6\334cf885b39e2db9070c39e70e65efb136435f10\lwjgl-stb-3.3.6-natives-windows.jar;C:\Users\mathi\.gradle\caches\modules-2\files-2.1\org.lwjgl\lwjgl\3.3.6\ce7721d30cfaf47feaed10213e0c43eb55c49d68\lwjgl-3.3.6.jar;C:\Users\mathi\.gradle\caches\modules-2\files-2.1\org.lwjgl\lwjgl\3.3.6\9a29b6a22fc5184604b8cb434ee5d5ecc4bfcbee\lwjgl-3.3.6-natives-windows.jar;C:\Users\mathi\.gradle\caches\modules-2\files-2.1\org.joml\joml\1.10.7\f8c3f2e7db281bde099342dd36133de4bbba390c\joml-1.10.7.jar;C:\Users\mathi\.gradle\caches\modules-2\files-2.1\org.jetbrains.kotlin\kotlin-stdlib-jdk8\1.8.20\73576ddf378c5b4f1f6b449fe6b119b8183fc078\kotlin-stdlib-jdk8-1.8.20.jar;C:\Users\mathi\.gradle\caches\modules-2\files-2.1\org.jetbrains.kotlin\kotlin-stdlib-jdk7\1.8.20\3aa51faf20aae8b31e1a4bc54f8370673d7b7df4\kotlin-stdlib-jdk7-1.8.20.jar;C:\Users\mathi\.gradle\caches\modules-2\files-2.1\org.jetbrains.kotlin\kotlin-stdlib\1.8.20\e72fc5e03ec6c064c678a6bd0d955c88d55b0c4a\kotlin-stdlib-1.8.20.jar;C:\Users\mathi\.gradle\caches\modules-2\files-2.1\org.jetbrains.kotlin\kotlin-stdlib-common\1.8.20\5eddaaf234c8c49d03eebeb6a14feb7f90faca71\kotlin-stdlib-common-1.8.20.jar;C:\Users\mathi\.gradle\caches\modules-2\files-2.1\org.jetbrains\annotations\13.0\919f0dfe192fb4e063e7dacadee7f8bb9a2672a9\annotations-13.0.jar
Launcher Type: SUN_STANDARD

[Global flags]
     intx CICompilerCount                          = 4                                         {product} {ergonomic}
     uint ConcGCThreads                            = 3                                         {product} {ergonomic}
     uint G1ConcRefinementThreads                  = 10                                        {product} {ergonomic}
   size_t G1HeapRegionSize                         = 2097152                                   {product} {ergonomic}
    uintx GCDrainStackTargetSize                   = 64                                        {product} {ergonomic}
   size_t InitialHeapSize                          = 264241152                                 {product} {ergonomic}
   size_t MarkStackSize                            = 4194304                                   {product} {ergonomic}
   size_t MaxHeapSize                              = 4223664128                                {product} {ergonomic}
   size_t MaxNewSize                               = 2533359616                                {product} {ergonomic}
   size_t MinHeapDeltaBytes                        = 2097152                                   {product} {ergonomic}
   size_t MinHeapSize                              = 8388608                                   {product} {ergonomic}
    uintx NonNMethodCodeHeapSize                   = 5839372                                {pd product} {ergonomic}
    uintx NonProfiledCodeHeapSize                  = 122909434                              {pd product} {ergonomic}
    uintx ProfiledCodeHeapSize                     = 122909434                              {pd product} {ergonomic}
    uintx ReservedCodeCacheSize                    = 251658240                              {pd product} {ergonomic}
     bool SegmentedCodeCache                       = true                                      {product} {ergonomic}
   size_t SoftMaxHeapSize                          = 4223664128                             {manageable} {ergonomic}
     bool UseCompressedOops                        = true                           {product lp64_product} {ergonomic}
     bool UseG1GC                                  = true                                      {product} {ergonomic}
     bool UseLargePagesIndividualAllocation        = false                                  {pd product} {ergonomic}

Logging:
Log output configuration:
 #0: stdout all=warning uptime,level,tags foldmultilines=false
 #1: stderr all=off uptime,level,tags foldmultilines=false

Environment Variables:
JAVA_HOME=C:\Program Files\Zulu\zulu-21
PATH=C:\Program Files\Zulu\zulu-21\bin\;C:\Program Files\Eclipse Adoptium\jdk-8.0.432.6-hotspot\bin;C:\Program Files\Zulu\zulu-17\bin\;C:\Windows\system32;C:\Windows;C:\Windows\System32\Wbem;C:\Windows\System32\WindowsPowerShell\v1.0\;C:\Windows\System32\OpenSSH\;C:\Program Files (x86)\NVIDIA Corporation\PhysX\Common;C:\Program Files\NVIDIA Corporation\NVIDIA NvDLISR;C:\Program Files\dotnet\;C:\Program Files\Pandoc\;C:\Program Files\Git\cmd;C:\dev\flutter\bin;C:\Program Files (x86)\sbt\bin;C:\Program Files (x86)\Windows Kits\10\Windows Performance Toolkit\;;C:\Program Files\Docker\Docker\resources\bin;C:\WINDOWS\system32;C:\WINDOWS;C:\WINDOWS\System32\Wbem;C:\WINDOWS\System32\WindowsPowerShell\v1.0\;C:\WINDOWS\System32\OpenSSH\;C:\Users\mathi\AppData\Local\Microsoft\WindowsApps;C:\Program Files\JetBrains\IntelliJ IDEA 2023.3.3\bin;;C:\Users\mathi\AppData\Local\Programs\Microsoft VS Code\bin;C:\Users\mathi\AppData\Local\GitHubDesktop\bin;C:\Users\mathi\AppData\Local\Programs\MiKTeX\miktex\bin\x64\;C:\MinGW\bin;C:\Users\mathi\.dotnet\tools;C:\Program Files\apache-maven-3.9.9\bin;
USERNAME=mathi
OS=Windows_NT
PROCESSOR_IDENTIFIER=Intel64 Family 6 Model 154 Stepping 3, GenuineIntel
TMP=C:\Users\mathi\AppData\Local\Temp
TEMP=C:\Users\mathi\AppData\Local\Temp




Periodic native trim disabled

---------------  S Y S T E M  ---------------

OS:
 Windows 11 , 64 bit Build 26100 (10.0.26100.3037)
OS uptime: 12 days 2:26 hours
Hyper-V role detected

CPU: total 12 (initial active 12) (6 cores per cpu, 2 threads per core) family 6 model 154 stepping 3 microcode 0x420, cx8, cmov, fxsr, ht, mmx, 3dnowpref, sse, sse2, sse3, ssse3, sse4.1, sse4.2, popcnt, lzcnt, tsc, tscinvbit, avx, avx2, aes, erms, clmul, bmi1, bmi2, adx, sha, fma, vzeroupper, clflush, clflushopt, clwb, hv, serialize, rdtscp, rdpid, fsrm, f16c, cet_ibt, cet_ss
Processor Information for processor 0
  Max Mhz: 2000, Current Mhz: 2000, Mhz Limit: 2000
Processor Information for processor 1
  Max Mhz: 2000, Current Mhz: 2000, Mhz Limit: 2000
Processor Information for processor 2
  Max Mhz: 2000, Current Mhz: 2000, Mhz Limit: 2000
Processor Information for processor 3
  Max Mhz: 2000, Current Mhz: 2000, Mhz Limit: 2000
Processor Information for processor 4
  Max Mhz: 2000, Current Mhz: 2000, Mhz Limit: 2000
Processor Information for processor 5
  Max Mhz: 2000, Current Mhz: 2000, Mhz Limit: 2000
Processor Information for processor 6
  Max Mhz: 2000, Current Mhz: 2000, Mhz Limit: 2000
Processor Information for processor 7
  Max Mhz: 2000, Current Mhz: 2000, Mhz Limit: 2000
Processor Information for processor 8
  Max Mhz: 2000, Current Mhz: 1500, Mhz Limit: 1500
Processor Information for processor 9
  Max Mhz: 2000, Current Mhz: 1500, Mhz Limit: 1500
Processor Information for processor 10
  Max Mhz: 2000, Current Mhz: 1500, Mhz Limit: 1500
Processor Information for processor 11
  Max Mhz: 2000, Current Mhz: 1500, Mhz Limit: 1500

Memory: 4k page, system-wide physical 16108M (994M free)
TotalPageFile size 24934M (AvailPageFile size 488M)
current process WorkingSet (physical memory assigned to process): 197M, peak: 197M
current process commit charge ("private bytes"): 462M, peak: 462M

vm_info: OpenJDK 64-Bit Server VM (21.0.2+13-LTS) for windows-amd64 JRE (21.0.2+13-LTS) (Zulu21.32+17-CA), built on 2024-01-09T19:19:09Z by "zulu_re" with MS VC++ 17.1 (VS2022)

END.
