#
# A fatal error has been detected by the Java Runtime Environment:
#
#  EXCEPTION_ACCESS_VIOLATION (0xc0000005) at pc=0x000002bd1dc849dd, pid=17708, tid=25184
#
# JRE version: OpenJDK Runtime Environment Zulu21.28+85-CA (21.0+35) (build 21+35)
# Java VM: OpenJDK 64-Bit Server VM Zulu21.28+85-CA (21+35, mixed mode, sharing, tiered, compressed oops, compressed class ptrs, g1 gc, windows-amd64)
# Problematic frame:
# J 742 c2 sun.misc.Unsafe.putLong(Ljava/lang/Object;JJ)V jdk.unsupported@21 (11 bytes) @ 0x000002bd1dc849dd [0x000002bd1dc849a0+0x000000000000003d]
#
# No core dump will be written. Minidumps are not enabled by default on client versions of Windows
#
# If you would like to submit a bug report, please visit:
#   http://www.azul.com/support/
#

---------------  S U M M A R Y ------------

Command Line: -Dfile.encoding=windows-1252 -Duser.country=DK -Duser.language=da -Duser.variant org.example.Main

Host: Intel(R) Core(TM) i9-9900K CPU @ 3.60GHz, 16 cores, 15G,  Windows 10 , 64 bit Build 19041 (10.0.19041.5438)
Time: Wed Mar 12 10:14:51 2025 Rom, normaltid elapsed time: 0.763696 seconds (0d 0h 0m 0s)

---------------  T H R E A D  ---------------

Current thread (0x000002bd0b64e6f0):  JavaThread "main"             [_thread_in_Java, id=25184, stack(0x000000cb12500000,0x000000cb12600000) (1024K)]

Stack: [0x000000cb12500000,0x000000cb12600000],  sp=0x000000cb125ff190,  free space=1020k
Native frames: (J=compiled Java code, j=interpreted, Vv=VM code, C=native code)
C  0x000002bd1dc849dd

The last pc belongs to nmethod (printed below).

siginfo: EXCEPTION_ACCESS_VIOLATION (0xc0000005), writing address 0x0000000000000010


Registers:
RAX=0x000002bd6f145548, RBX=0x000002bd6f145548, RCX=0x00000007108dadf0, RDX=0x00000007108dadf0
RSP=0x000000cb125ff190, RBP=0x000000cb125ff228, RSI=0x0000000000000408, RDI=0x000000003f800000
R8 =0x0000000000000000, R9 =0x0000000000000010, R10=0x0000000000000000, R11=0x000002bd1dc849c0
R12=0x0000000000000000, R13=0x000000cb125ff1b0, R14=0x000000cb125ff250, R15=0x000002bd0b64e6f0
RIP=0x000002bd1dc849dd, EFLAGS=0x0000000000010246


Register to memory mapping:

RAX={method} {0x000002bd6f145550} 'putLong' '(Ljava/lang/Object;JJ)V' in 'sun/misc/Unsafe'
RBX={method} {0x000002bd6f145550} 'putLong' '(Ljava/lang/Object;JJ)V' in 'sun/misc/Unsafe'
RCX=0x00000007108dadf0 is an oop: sun.misc.Unsafe 
{0x00000007108dadf0} - klass: 'sun/misc/Unsafe'
 - ---- fields (total size 2 words):
RDX=0x00000007108dadf0 is an oop: sun.misc.Unsafe 
{0x00000007108dadf0} - klass: 'sun/misc/Unsafe'
 - ---- fields (total size 2 words):
RSP=0x000000cb125ff190 is pointing into the stack for thread: 0x000002bd0b64e6f0
RBP=0x000000cb125ff228 is pointing into the stack for thread: 0x000002bd0b64e6f0
RSI=0x0000000000000408 is an unknown value
RDI=0x000000003f800000 is an unknown value
R8 =0x0 is null
R9 =0x0000000000000010 is an unknown value
R10=0x0 is null
R11=0x000002bd1dc849c0 is at entry_point+32 in (nmethod*)0x000002bd1dc84810
Compiled method (c2)     786  742       4       sun.misc.Unsafe::putLong (11 bytes)
 total in heap  [0x000002bd1dc84810,0x000002bd1dc84a60] = 592
 relocation     [0x000002bd1dc84970,0x000002bd1dc84988] = 24
 main code      [0x000002bd1dc849a0,0x000002bd1dc84a18] = 120
 stub code      [0x000002bd1dc84a18,0x000002bd1dc84a30] = 24
 scopes data    [0x000002bd1dc84a30,0x000002bd1dc84a38] = 8
 scopes pcs     [0x000002bd1dc84a38,0x000002bd1dc84a58] = 32
 dependencies   [0x000002bd1dc84a58,0x000002bd1dc84a60] = 8
R12=0x0 is null
R13=0x000000cb125ff1b0 is pointing into the stack for thread: 0x000002bd0b64e6f0
R14=0x000000cb125ff250 is pointing into the stack for thread: 0x000002bd0b64e6f0
R15=0x000002bd0b64e6f0 is a thread

Top of Stack: (sp=0x000000cb125ff190)
0x000000cb125ff190:   000000cb125ff228 0000000000000408
0x000000cb125ff1a0:   000000cb125ff228 000002bd1d508846
0x000000cb125ff1b0:   000000003f800000 0000000000000000
0x000000cb125ff1c0:   0000000000000010 0000000000000000
0x000000cb125ff1d0:   0000000000000000 00000007108dadf0
0x000000cb125ff1e0:   000000cb125ff1e0 000002bd6f6cbde9
0x000000cb125ff1f0:   0000000000000005 000002bd6f6f0000
0x000000cb125ff200:   0000000000000000 00000007102c9858
0x000000cb125ff210:   000002bd6f6cbe28 000000cb125ff1b0
0x000000cb125ff220:   000000cb125ff240 000000cb125ff2a0
0x000000cb125ff230:   000002bd1d508846 0000000000000000
0x000000cb125ff240:   0000000000000010 0000000000000000
0x000000cb125ff250:   00000007105fdd18 000000cb125ff258
0x000000cb125ff260:   000002bd6f6d270e 0000000000000005
0x000000cb125ff270:   000002bd6f6f0000 0000000000000000
0x000000cb125ff280:   00000007102c9858 000002bd6f6d2758
0x000000cb125ff290:   000000cb125ff240 000000cb125ff2b0
0x000000cb125ff2a0:   000000cb125ff318 000002bd1d508846
0x000000cb125ff2b0:   00000007102a3458 0000000000000000
0x000000cb125ff2c0:   00000007105fdd18 0000000710178170
0x000000cb125ff2d0:   000000cb125ff2d0 000002bd6f649c49
0x000000cb125ff2e0:   0000000000000003 000002bd6f67a7d0
0x000000cb125ff2f0:   0000000000000000 00000007105fdc08
0x000000cb125ff300:   000002bd6f649c70 000000cb125ff2b0
0x000000cb125ff310:   000000cb125ff328 000000cb125ff380
0x000000cb125ff320:   000002bd1d5089b8 00000007102a3458
0x000000cb125ff330:   00000007105fdd18 000000cb125ff338
0x000000cb125ff340:   000002bd6f57aff3 0000000000000006
0x000000cb125ff350:   000002bd6f557990 0000000000000000
0x000000cb125ff360:   000000071041d4b8 000002bd6f57b048
0x000000cb125ff370:   000000cb125ff328 000000cb125ff3a0
0x000000cb125ff380:   000000cb125ff400 000002bd1d508846 

Instructions: (pc=0x000002bd1dc849dd)
0x000002bd1dc848dd:   00 00 00 00 00 00 00 00 00 00 00 00 00 00 00 00
0x000002bd1dc848ed:   00 00 00 a0 49 c8 1d bd 02 00 00 c0 49 c8 1d bd
0x000002bd1dc848fd:   02 00 00 a0 49 c8 1d bd 02 00 00 00 00 00 00 00
0x000002bd1dc8490d:   00 00 00 ff ff ff ff 08 02 00 00 ff ff ff ff 90
0x000002bd1dc8491d:   01 00 00 08 02 00 00 20 02 00 00 20 02 00 00 00
0x000002bd1dc8492d:   00 00 00 28 02 00 00 48 02 00 00 50 02 00 00 50
0x000002bd1dc8493d:   02 00 00 50 02 00 00 50 02 00 00 50 02 00 00 00
0x000002bd1dc8494d:   00 00 00 e6 02 00 00 02 00 00 00 ff ff ff ff ff
0x000002bd1dc8495d:   ff ff ff 04 02 00 00 00 00 00 00 00 00 00 00 00
0x000002bd1dc8496d:   00 00 00 14 30 32 58 0e 78 0e 40 11 31 05 31 0e
0x000002bd1dc8497d:   00 00 31 0f 31 00 00 00 00 00 00 00 00 00 00 00
0x000002bd1dc8498d:   00 00 00 00 00 00 00 00 00 00 00 00 00 00 00 00
0x000002bd1dc8499d:   00 00 00 44 8b 52 08 49 bb 00 00 00 2e bd 02 00
0x000002bd1dc849ad:   00 4d 03 d3 49 3b c2 0f 85 c6 9d 8c ff 66 90 0f
0x000002bd1dc849bd:   1f 40 00 48 81 ec 18 00 00 00 48 89 6c 24 10 41
0x000002bd1dc849cd:   81 7f 20 01 00 00 00 0f 85 30 00 00 00 4d 8b d0
0x000002bd1dc849dd:   4b 89 3c 0a 48 83 c4 10 5d 49 3b a7 50 04 00 00
0x000002bd1dc849ed:   0f 87 01 00 00 00 c3 49 ba e6 49 c8 1d bd 02 00
0x000002bd1dc849fd:   00 4d 89 97 68 04 00 00 e9 f6 0c 8d ff e8 51 03
0x000002bd1dc84a0d:   8b ff e9 c6 ff ff ff f4 f4 f4 f4 e9 63 7a 99 ff
0x000002bd1dc84a1d:   e8 00 00 00 00 48 83 2c 24 05 e9 74 ff 8c ff f4
0x000002bd1dc84a2d:   f4 f4 f4 ff 00 00 00 00 00 00 00 ff ff ff ff 00
0x000002bd1dc84a3d:   00 00 00 00 00 00 00 00 00 00 00 91 00 00 00 00
0x000002bd1dc84a4d:   00 00 00 00 00 00 00 00 00 00 00 00 00 00 00 00
0x000002bd1dc84a5d:   00 00 00 00 00 00 00 00 00 00 00 00 00 00 00 00
0x000002bd1dc84a6d:   00 00 00 00 00 00 00 00 00 00 00 00 00 00 00 00
0x000002bd1dc84a7d:   00 00 00 00 00 00 00 00 00 00 00 00 00 00 00 00
0x000002bd1dc84a8d:   00 00 00 00 00 00 00 00 00 00 00 00 00 00 00 00
0x000002bd1dc84a9d:   00 00 00 00 00 00 00 00 00 00 00 00 00 00 00 00
0x000002bd1dc84aad:   00 00 00 00 00 00 00 00 00 00 00 00 00 00 00 00
0x000002bd1dc84abd:   00 00 00 00 00 00 00 00 00 00 00 00 00 00 00 00
0x000002bd1dc84acd:   00 00 00 00 00 00 00 00 00 00 00 00 00 00 00 00 


Stack slot to memory mapping:

stack at sp + 0 slots: 0x000000cb125ff228 is pointing into the stack for thread: 0x000002bd0b64e6f0
stack at sp + 1 slots: 0x0000000000000408 is an unknown value
stack at sp + 2 slots: 0x000000cb125ff228 is pointing into the stack for thread: 0x000002bd0b64e6f0
stack at sp + 3 slots: 0x000002bd1d508846 is at code_begin+1158 in an Interpreter codelet
return entry points  [0x000002bd1d5083c0, 0x000002bd1d508f18]  2904 bytes
stack at sp + 4 slots: 0x000000003f800000 is an unknown value
stack at sp + 5 slots: 0x0 is null
stack at sp + 6 slots: 0x0000000000000010 is an unknown value
stack at sp + 7 slots: 0x0 is null


Compiled method (c2)     805  742       4       sun.misc.Unsafe::putLong (11 bytes)
 total in heap  [0x000002bd1dc84810,0x000002bd1dc84a60] = 592
 relocation     [0x000002bd1dc84970,0x000002bd1dc84988] = 24
 main code      [0x000002bd1dc849a0,0x000002bd1dc84a18] = 120
 stub code      [0x000002bd1dc84a18,0x000002bd1dc84a30] = 24
 scopes data    [0x000002bd1dc84a30,0x000002bd1dc84a38] = 8
 scopes pcs     [0x000002bd1dc84a38,0x000002bd1dc84a58] = 32
 dependencies   [0x000002bd1dc84a58,0x000002bd1dc84a60] = 8

[Constant Pool (empty)]

[MachCode]
[Entry Point]
  # {method} {0x000002bd6f145550} 'putLong' '(Ljava/lang/Object;JJ)V' in 'sun/misc/Unsafe'
  # this:     rdx:rdx   = 'sun/misc/Unsafe'
  # parm0:    r8:r8     = 'java/lang/Object'
  # parm1:    r9:r9     = long
  # parm2:    rdi:rdi   = long
  #           [sp+0x20]  (sp of caller)
  0x000002bd1dc849a0: 448b 5208 | 49bb 0000 | 002e bd02 | 0000 4d03 | d349 3bc2 

  0x000002bd1dc849b4: ;   {runtime_call ic_miss_stub}
  0x000002bd1dc849b4: 0f85 c69d | 8cff 6690 | 0f1f 4000 
[Verified Entry Point]
  0x000002bd1dc849c0: 4881 ec18 | 0000 0048 | 896c 2410 | 4181 7f20 | 0100 0000 | 0f85 3000 | 0000 4d8b | d04b 893c 
  0x000002bd1dc849e0: 0a48 83c4 

  0x000002bd1dc849e4: ;   {poll_return}
  0x000002bd1dc849e4: 105d 493b | a750 0400 | 000f 8701 | 0000 00c3 

  0x000002bd1dc849f4: ;   {internal_word}
  0x000002bd1dc849f4: 49ba e649 | c81d bd02 | 0000 4d89 | 9768 0400 

  0x000002bd1dc84a04: ;   {runtime_call SafepointBlob}
  0x000002bd1dc84a04: 00e9 f60c 

  0x000002bd1dc84a08: ;   {runtime_call StubRoutines (final stubs)}
  0x000002bd1dc84a08: 8dff e851 | 038b ffe9 | c6ff ffff | f4f4 f4f4 
[Exception Handler]
  0x000002bd1dc84a18: ;   {no_reloc}
  0x000002bd1dc84a18: e963 7a99 | ffe8 0000 | 0000 4883 

  0x000002bd1dc84a24: ;   {runtime_call DeoptimizationBlob}
  0x000002bd1dc84a24: 2c24 05e9 | 74ff 8cff | f4f4 f4f4 
[/MachCode]


---------------  P R O C E S S  ---------------

Threads class SMR info:
_java_thread_list=0x000002bd731dd9b0, length=13, elements={
0x000002bd0b64e6f0, 0x000002bd2d8c81f0, 0x000002bd2d8c92c0, 0x000002bd2d8ce160,
0x000002bd2d8cfe50, 0x000002bd2d8d0c10, 0x000002bd2d8d1670, 0x000002bd2d8d5c60,
0x000002bd2d8e17f0, 0x000002bd2daaa3b0, 0x000002bd2db81680, 0x000002bd2db822c0,
0x000002bd2ddac010
}

Java Threads: ( => current thread )
=>0x000002bd0b64e6f0 JavaThread "main"                              [_thread_in_Java, id=25184, stack(0x000000cb12500000,0x000000cb12600000) (1024K)]
  0x000002bd2d8c81f0 JavaThread "Reference Handler"          daemon [_thread_blocked, id=12112, stack(0x000000cb12d00000,0x000000cb12e00000) (1024K)]
  0x000002bd2d8c92c0 JavaThread "Finalizer"                  daemon [_thread_blocked, id=26648, stack(0x000000cb12e00000,0x000000cb12f00000) (1024K)]
  0x000002bd2d8ce160 JavaThread "Signal Dispatcher"          daemon [_thread_blocked, id=20820, stack(0x000000cb12f00000,0x000000cb13000000) (1024K)]
  0x000002bd2d8cfe50 JavaThread "Attach Listener"            daemon [_thread_blocked, id=13028, stack(0x000000cb13000000,0x000000cb13100000) (1024K)]
  0x000002bd2d8d0c10 JavaThread "Service Thread"             daemon [_thread_blocked, id=324, stack(0x000000cb13100000,0x000000cb13200000) (1024K)]
  0x000002bd2d8d1670 JavaThread "Monitor Deflation Thread"   daemon [_thread_blocked, id=4280, stack(0x000000cb13200000,0x000000cb13300000) (1024K)]
  0x000002bd2d8d5c60 JavaThread "C2 CompilerThread0"         daemon [_thread_blocked, id=21072, stack(0x000000cb13300000,0x000000cb13400000) (1024K)]
  0x000002bd2d8e17f0 JavaThread "C1 CompilerThread0"         daemon [_thread_blocked, id=40964, stack(0x000000cb13400000,0x000000cb13500000) (1024K)]
  0x000002bd2daaa3b0 JavaThread "C1 CompilerThread1"         daemon [_thread_blocked, id=31636, stack(0x000000cb13500000,0x000000cb13600000) (1024K)]
  0x000002bd2db81680 JavaThread "Notification Thread"        daemon [_thread_blocked, id=1248, stack(0x000000cb13600000,0x000000cb13700000) (1024K)]
  0x000002bd2db822c0 JavaThread "Common-Cleaner"             daemon [_thread_blocked, id=17932, stack(0x000000cb13700000,0x000000cb13800000) (1024K)]
  0x000002bd2ddac010 JavaThread "C1 CompilerThread2"         daemon [_thread_blocked, id=40644, stack(0x000000cb13900000,0x000000cb13a00000) (1024K)]
Total: 13

Other Threads:
  0x000002bd2d8aa7a0 VMThread "VM Thread"                           [id=35768, stack(0x000000cb12c00000,0x000000cb12d00000) (1024K)]
  0x000002bd2d890920 WatcherThread "VM Periodic Task Thread"        [id=36056, stack(0x000000cb12b00000,0x000000cb12c00000) (1024K)]
  0x000002bd0da45fa0 WorkerThread "GC Thread#0"                     [id=32032, stack(0x000000cb12600000,0x000000cb12700000) (1024K)]
  0x000002bd0da58050 ConcurrentGCThread "G1 Main Marker"            [id=25372, stack(0x000000cb12700000,0x000000cb12800000) (1024K)]
  0x000002bd0da592f0 WorkerThread "G1 Conc#0"                       [id=8100, stack(0x000000cb12800000,0x000000cb12900000) (1024K)]
  0x000002bd2d751170 ConcurrentGCThread "G1 Refine#0"               [id=40308, stack(0x000000cb12900000,0x000000cb12a00000) (1024K)]
  0x000002bd2d751ce0 ConcurrentGCThread "G1 Service"                [id=11344, stack(0x000000cb12a00000,0x000000cb12b00000) (1024K)]
Total: 7

Threads with active compile tasks:
Total: 0

VM state: not at safepoint (normal execution)

VM Mutex/Monitor currently owned by a thread: None

Heap address: 0x0000000700e00000, size: 4082 MB, Compressed Oops mode: Zero based, Oop shift amount: 3

CDS archive(s) mapped at: [0x000002bd2e000000-0x000002bd2ec90000-0x000002bd2ec90000), size 13172736, SharedBaseAddress: 0x000002bd2e000000, ArchiveRelocationMode: 1.
Compressed class space mapped at: 0x000002bd2f000000-0x000002bd6f000000, reserved size: 1073741824
Narrow klass base: 0x000002bd2e000000, Narrow klass shift: 0, Narrow klass range: 0x100000000

GC Precious Log:
 CardTable entry size: 512
 Card Set container configuration: InlinePtr #cards 4 size 8 Array Of Cards #cards 16 size 48 Howl #buckets 8 coarsen threshold 3686 Howl Bitmap #cards 512 size 80 coarsen threshold 460 Card regions per heap region 1 cards per card region 4096
 CPUs: 16 total, 16 available
 Memory: 16321M
 Large Page Support: Disabled
 NUMA Support: Disabled
 Compressed Oops: Enabled (Zero based)
 Heap Region Size: 2M
 Heap Min Capacity: 8M
 Heap Initial Capacity: 256M
 Heap Max Capacity: 4082M
 Pre-touch: Disabled
 Parallel Workers: 13
 Concurrent Workers: 3
 Concurrent Refinement Workers: 13
 Periodic GC: Disabled

Heap:
 garbage-first heap   total 262144K, used 10240K [0x0000000700e00000, 0x0000000800000000)
  region size 2048K, 7 young (14336K), 0 survivors (0K)
 Metaspace       used 6161K, committed 6400K, reserved 1114112K
  class space    used 307K, committed 448K, reserved 1048576K

Heap Regions: E=young(eden), S=young(survivor), O=old, HS=humongous(starts), HC=humongous(continues), CS=collection set, F=free, TAMS=top-at-mark-start, PB=parsable bottom
|   0|0x0000000700e00000, 0x0000000700e00000, 0x0000000701000000|  0%| F|  |TAMS 0x0000000700e00000| PB 0x0000000700e00000| Untracked 
|   1|0x0000000701000000, 0x0000000701000000, 0x0000000701200000|  0%| F|  |TAMS 0x0000000701000000| PB 0x0000000701000000| Untracked 
|   2|0x0000000701200000, 0x0000000701200000, 0x0000000701400000|  0%| F|  |TAMS 0x0000000701200000| PB 0x0000000701200000| Untracked 
|   3|0x0000000701400000, 0x0000000701400000, 0x0000000701600000|  0%| F|  |TAMS 0x0000000701400000| PB 0x0000000701400000| Untracked 
|   4|0x0000000701600000, 0x0000000701600000, 0x0000000701800000|  0%| F|  |TAMS 0x0000000701600000| PB 0x0000000701600000| Untracked 
|   5|0x0000000701800000, 0x0000000701800000, 0x0000000701a00000|  0%| F|  |TAMS 0x0000000701800000| PB 0x0000000701800000| Untracked 
|   6|0x0000000701a00000, 0x0000000701a00000, 0x0000000701c00000|  0%| F|  |TAMS 0x0000000701a00000| PB 0x0000000701a00000| Untracked 
|   7|0x0000000701c00000, 0x0000000701c00000, 0x0000000701e00000|  0%| F|  |TAMS 0x0000000701c00000| PB 0x0000000701c00000| Untracked 
|   8|0x0000000701e00000, 0x0000000701e00000, 0x0000000702000000|  0%| F|  |TAMS 0x0000000701e00000| PB 0x0000000701e00000| Untracked 
|   9|0x0000000702000000, 0x0000000702000000, 0x0000000702200000|  0%| F|  |TAMS 0x0000000702000000| PB 0x0000000702000000| Untracked 
|  10|0x0000000702200000, 0x0000000702200000, 0x0000000702400000|  0%| F|  |TAMS 0x0000000702200000| PB 0x0000000702200000| Untracked 
|  11|0x0000000702400000, 0x0000000702400000, 0x0000000702600000|  0%| F|  |TAMS 0x0000000702400000| PB 0x0000000702400000| Untracked 
|  12|0x0000000702600000, 0x0000000702600000, 0x0000000702800000|  0%| F|  |TAMS 0x0000000702600000| PB 0x0000000702600000| Untracked 
|  13|0x0000000702800000, 0x0000000702800000, 0x0000000702a00000|  0%| F|  |TAMS 0x0000000702800000| PB 0x0000000702800000| Untracked 
|  14|0x0000000702a00000, 0x0000000702a00000, 0x0000000702c00000|  0%| F|  |TAMS 0x0000000702a00000| PB 0x0000000702a00000| Untracked 
|  15|0x0000000702c00000, 0x0000000702c00000, 0x0000000702e00000|  0%| F|  |TAMS 0x0000000702c00000| PB 0x0000000702c00000| Untracked 
|  16|0x0000000702e00000, 0x0000000702e00000, 0x0000000703000000|  0%| F|  |TAMS 0x0000000702e00000| PB 0x0000000702e00000| Untracked 
|  17|0x0000000703000000, 0x0000000703000000, 0x0000000703200000|  0%| F|  |TAMS 0x0000000703000000| PB 0x0000000703000000| Untracked 
|  18|0x0000000703200000, 0x0000000703200000, 0x0000000703400000|  0%| F|  |TAMS 0x0000000703200000| PB 0x0000000703200000| Untracked 
|  19|0x0000000703400000, 0x0000000703400000, 0x0000000703600000|  0%| F|  |TAMS 0x0000000703400000| PB 0x0000000703400000| Untracked 
|  20|0x0000000703600000, 0x0000000703600000, 0x0000000703800000|  0%| F|  |TAMS 0x0000000703600000| PB 0x0000000703600000| Untracked 
|  21|0x0000000703800000, 0x0000000703800000, 0x0000000703a00000|  0%| F|  |TAMS 0x0000000703800000| PB 0x0000000703800000| Untracked 
|  22|0x0000000703a00000, 0x0000000703a00000, 0x0000000703c00000|  0%| F|  |TAMS 0x0000000703a00000| PB 0x0000000703a00000| Untracked 
|  23|0x0000000703c00000, 0x0000000703c00000, 0x0000000703e00000|  0%| F|  |TAMS 0x0000000703c00000| PB 0x0000000703c00000| Untracked 
|  24|0x0000000703e00000, 0x0000000703e00000, 0x0000000704000000|  0%| F|  |TAMS 0x0000000703e00000| PB 0x0000000703e00000| Untracked 
|  25|0x0000000704000000, 0x0000000704000000, 0x0000000704200000|  0%| F|  |TAMS 0x0000000704000000| PB 0x0000000704000000| Untracked 
|  26|0x0000000704200000, 0x0000000704200000, 0x0000000704400000|  0%| F|  |TAMS 0x0000000704200000| PB 0x0000000704200000| Untracked 
|  27|0x0000000704400000, 0x0000000704400000, 0x0000000704600000|  0%| F|  |TAMS 0x0000000704400000| PB 0x0000000704400000| Untracked 
|  28|0x0000000704600000, 0x0000000704600000, 0x0000000704800000|  0%| F|  |TAMS 0x0000000704600000| PB 0x0000000704600000| Untracked 
|  29|0x0000000704800000, 0x0000000704800000, 0x0000000704a00000|  0%| F|  |TAMS 0x0000000704800000| PB 0x0000000704800000| Untracked 
|  30|0x0000000704a00000, 0x0000000704a00000, 0x0000000704c00000|  0%| F|  |TAMS 0x0000000704a00000| PB 0x0000000704a00000| Untracked 
|  31|0x0000000704c00000, 0x0000000704c00000, 0x0000000704e00000|  0%| F|  |TAMS 0x0000000704c00000| PB 0x0000000704c00000| Untracked 
|  32|0x0000000704e00000, 0x0000000704e00000, 0x0000000705000000|  0%| F|  |TAMS 0x0000000704e00000| PB 0x0000000704e00000| Untracked 
|  33|0x0000000705000000, 0x0000000705000000, 0x0000000705200000|  0%| F|  |TAMS 0x0000000705000000| PB 0x0000000705000000| Untracked 
|  34|0x0000000705200000, 0x0000000705200000, 0x0000000705400000|  0%| F|  |TAMS 0x0000000705200000| PB 0x0000000705200000| Untracked 
|  35|0x0000000705400000, 0x0000000705400000, 0x0000000705600000|  0%| F|  |TAMS 0x0000000705400000| PB 0x0000000705400000| Untracked 
|  36|0x0000000705600000, 0x0000000705600000, 0x0000000705800000|  0%| F|  |TAMS 0x0000000705600000| PB 0x0000000705600000| Untracked 
|  37|0x0000000705800000, 0x0000000705800000, 0x0000000705a00000|  0%| F|  |TAMS 0x0000000705800000| PB 0x0000000705800000| Untracked 
|  38|0x0000000705a00000, 0x0000000705a00000, 0x0000000705c00000|  0%| F|  |TAMS 0x0000000705a00000| PB 0x0000000705a00000| Untracked 
|  39|0x0000000705c00000, 0x0000000705c00000, 0x0000000705e00000|  0%| F|  |TAMS 0x0000000705c00000| PB 0x0000000705c00000| Untracked 
|  40|0x0000000705e00000, 0x0000000705e00000, 0x0000000706000000|  0%| F|  |TAMS 0x0000000705e00000| PB 0x0000000705e00000| Untracked 
|  41|0x0000000706000000, 0x0000000706000000, 0x0000000706200000|  0%| F|  |TAMS 0x0000000706000000| PB 0x0000000706000000| Untracked 
|  42|0x0000000706200000, 0x0000000706200000, 0x0000000706400000|  0%| F|  |TAMS 0x0000000706200000| PB 0x0000000706200000| Untracked 
|  43|0x0000000706400000, 0x0000000706400000, 0x0000000706600000|  0%| F|  |TAMS 0x0000000706400000| PB 0x0000000706400000| Untracked 
|  44|0x0000000706600000, 0x0000000706600000, 0x0000000706800000|  0%| F|  |TAMS 0x0000000706600000| PB 0x0000000706600000| Untracked 
|  45|0x0000000706800000, 0x0000000706800000, 0x0000000706a00000|  0%| F|  |TAMS 0x0000000706800000| PB 0x0000000706800000| Untracked 
|  46|0x0000000706a00000, 0x0000000706a00000, 0x0000000706c00000|  0%| F|  |TAMS 0x0000000706a00000| PB 0x0000000706a00000| Untracked 
|  47|0x0000000706c00000, 0x0000000706c00000, 0x0000000706e00000|  0%| F|  |TAMS 0x0000000706c00000| PB 0x0000000706c00000| Untracked 
|  48|0x0000000706e00000, 0x0000000706e00000, 0x0000000707000000|  0%| F|  |TAMS 0x0000000706e00000| PB 0x0000000706e00000| Untracked 
|  49|0x0000000707000000, 0x0000000707000000, 0x0000000707200000|  0%| F|  |TAMS 0x0000000707000000| PB 0x0000000707000000| Untracked 
|  50|0x0000000707200000, 0x0000000707200000, 0x0000000707400000|  0%| F|  |TAMS 0x0000000707200000| PB 0x0000000707200000| Untracked 
|  51|0x0000000707400000, 0x0000000707400000, 0x0000000707600000|  0%| F|  |TAMS 0x0000000707400000| PB 0x0000000707400000| Untracked 
|  52|0x0000000707600000, 0x0000000707600000, 0x0000000707800000|  0%| F|  |TAMS 0x0000000707600000| PB 0x0000000707600000| Untracked 
|  53|0x0000000707800000, 0x0000000707800000, 0x0000000707a00000|  0%| F|  |TAMS 0x0000000707800000| PB 0x0000000707800000| Untracked 
|  54|0x0000000707a00000, 0x0000000707a00000, 0x0000000707c00000|  0%| F|  |TAMS 0x0000000707a00000| PB 0x0000000707a00000| Untracked 
|  55|0x0000000707c00000, 0x0000000707c00000, 0x0000000707e00000|  0%| F|  |TAMS 0x0000000707c00000| PB 0x0000000707c00000| Untracked 
|  56|0x0000000707e00000, 0x0000000707e00000, 0x0000000708000000|  0%| F|  |TAMS 0x0000000707e00000| PB 0x0000000707e00000| Untracked 
|  57|0x0000000708000000, 0x0000000708000000, 0x0000000708200000|  0%| F|  |TAMS 0x0000000708000000| PB 0x0000000708000000| Untracked 
|  58|0x0000000708200000, 0x0000000708200000, 0x0000000708400000|  0%| F|  |TAMS 0x0000000708200000| PB 0x0000000708200000| Untracked 
|  59|0x0000000708400000, 0x0000000708400000, 0x0000000708600000|  0%| F|  |TAMS 0x0000000708400000| PB 0x0000000708400000| Untracked 
|  60|0x0000000708600000, 0x0000000708600000, 0x0000000708800000|  0%| F|  |TAMS 0x0000000708600000| PB 0x0000000708600000| Untracked 
|  61|0x0000000708800000, 0x0000000708800000, 0x0000000708a00000|  0%| F|  |TAMS 0x0000000708800000| PB 0x0000000708800000| Untracked 
|  62|0x0000000708a00000, 0x0000000708a00000, 0x0000000708c00000|  0%| F|  |TAMS 0x0000000708a00000| PB 0x0000000708a00000| Untracked 
|  63|0x0000000708c00000, 0x0000000708c00000, 0x0000000708e00000|  0%| F|  |TAMS 0x0000000708c00000| PB 0x0000000708c00000| Untracked 
|  64|0x0000000708e00000, 0x0000000708e00000, 0x0000000709000000|  0%| F|  |TAMS 0x0000000708e00000| PB 0x0000000708e00000| Untracked 
|  65|0x0000000709000000, 0x0000000709000000, 0x0000000709200000|  0%| F|  |TAMS 0x0000000709000000| PB 0x0000000709000000| Untracked 
|  66|0x0000000709200000, 0x0000000709200000, 0x0000000709400000|  0%| F|  |TAMS 0x0000000709200000| PB 0x0000000709200000| Untracked 
|  67|0x0000000709400000, 0x0000000709400000, 0x0000000709600000|  0%| F|  |TAMS 0x0000000709400000| PB 0x0000000709400000| Untracked 
|  68|0x0000000709600000, 0x0000000709600000, 0x0000000709800000|  0%| F|  |TAMS 0x0000000709600000| PB 0x0000000709600000| Untracked 
|  69|0x0000000709800000, 0x0000000709800000, 0x0000000709a00000|  0%| F|  |TAMS 0x0000000709800000| PB 0x0000000709800000| Untracked 
|  70|0x0000000709a00000, 0x0000000709a00000, 0x0000000709c00000|  0%| F|  |TAMS 0x0000000709a00000| PB 0x0000000709a00000| Untracked 
|  71|0x0000000709c00000, 0x0000000709c00000, 0x0000000709e00000|  0%| F|  |TAMS 0x0000000709c00000| PB 0x0000000709c00000| Untracked 
|  72|0x0000000709e00000, 0x0000000709e00000, 0x000000070a000000|  0%| F|  |TAMS 0x0000000709e00000| PB 0x0000000709e00000| Untracked 
|  73|0x000000070a000000, 0x000000070a000000, 0x000000070a200000|  0%| F|  |TAMS 0x000000070a000000| PB 0x000000070a000000| Untracked 
|  74|0x000000070a200000, 0x000000070a200000, 0x000000070a400000|  0%| F|  |TAMS 0x000000070a200000| PB 0x000000070a200000| Untracked 
|  75|0x000000070a400000, 0x000000070a400000, 0x000000070a600000|  0%| F|  |TAMS 0x000000070a400000| PB 0x000000070a400000| Untracked 
|  76|0x000000070a600000, 0x000000070a600000, 0x000000070a800000|  0%| F|  |TAMS 0x000000070a600000| PB 0x000000070a600000| Untracked 
|  77|0x000000070a800000, 0x000000070a800000, 0x000000070aa00000|  0%| F|  |TAMS 0x000000070a800000| PB 0x000000070a800000| Untracked 
|  78|0x000000070aa00000, 0x000000070aa00000, 0x000000070ac00000|  0%| F|  |TAMS 0x000000070aa00000| PB 0x000000070aa00000| Untracked 
|  79|0x000000070ac00000, 0x000000070ac00000, 0x000000070ae00000|  0%| F|  |TAMS 0x000000070ac00000| PB 0x000000070ac00000| Untracked 
|  80|0x000000070ae00000, 0x000000070ae00000, 0x000000070b000000|  0%| F|  |TAMS 0x000000070ae00000| PB 0x000000070ae00000| Untracked 
|  81|0x000000070b000000, 0x000000070b000000, 0x000000070b200000|  0%| F|  |TAMS 0x000000070b000000| PB 0x000000070b000000| Untracked 
|  82|0x000000070b200000, 0x000000070b200000, 0x000000070b400000|  0%| F|  |TAMS 0x000000070b200000| PB 0x000000070b200000| Untracked 
|  83|0x000000070b400000, 0x000000070b400000, 0x000000070b600000|  0%| F|  |TAMS 0x000000070b400000| PB 0x000000070b400000| Untracked 
|  84|0x000000070b600000, 0x000000070b600000, 0x000000070b800000|  0%| F|  |TAMS 0x000000070b600000| PB 0x000000070b600000| Untracked 
|  85|0x000000070b800000, 0x000000070b800000, 0x000000070ba00000|  0%| F|  |TAMS 0x000000070b800000| PB 0x000000070b800000| Untracked 
|  86|0x000000070ba00000, 0x000000070ba00000, 0x000000070bc00000|  0%| F|  |TAMS 0x000000070ba00000| PB 0x000000070ba00000| Untracked 
|  87|0x000000070bc00000, 0x000000070bc00000, 0x000000070be00000|  0%| F|  |TAMS 0x000000070bc00000| PB 0x000000070bc00000| Untracked 
|  88|0x000000070be00000, 0x000000070be00000, 0x000000070c000000|  0%| F|  |TAMS 0x000000070be00000| PB 0x000000070be00000| Untracked 
|  89|0x000000070c000000, 0x000000070c000000, 0x000000070c200000|  0%| F|  |TAMS 0x000000070c000000| PB 0x000000070c000000| Untracked 
|  90|0x000000070c200000, 0x000000070c200000, 0x000000070c400000|  0%| F|  |TAMS 0x000000070c200000| PB 0x000000070c200000| Untracked 
|  91|0x000000070c400000, 0x000000070c400000, 0x000000070c600000|  0%| F|  |TAMS 0x000000070c400000| PB 0x000000070c400000| Untracked 
|  92|0x000000070c600000, 0x000000070c600000, 0x000000070c800000|  0%| F|  |TAMS 0x000000070c600000| PB 0x000000070c600000| Untracked 
|  93|0x000000070c800000, 0x000000070c800000, 0x000000070ca00000|  0%| F|  |TAMS 0x000000070c800000| PB 0x000000070c800000| Untracked 
|  94|0x000000070ca00000, 0x000000070ca00000, 0x000000070cc00000|  0%| F|  |TAMS 0x000000070ca00000| PB 0x000000070ca00000| Untracked 
|  95|0x000000070cc00000, 0x000000070cc00000, 0x000000070ce00000|  0%| F|  |TAMS 0x000000070cc00000| PB 0x000000070cc00000| Untracked 
|  96|0x000000070ce00000, 0x000000070ce00000, 0x000000070d000000|  0%| F|  |TAMS 0x000000070ce00000| PB 0x000000070ce00000| Untracked 
|  97|0x000000070d000000, 0x000000070d000000, 0x000000070d200000|  0%| F|  |TAMS 0x000000070d000000| PB 0x000000070d000000| Untracked 
|  98|0x000000070d200000, 0x000000070d200000, 0x000000070d400000|  0%| F|  |TAMS 0x000000070d200000| PB 0x000000070d200000| Untracked 
|  99|0x000000070d400000, 0x000000070d400000, 0x000000070d600000|  0%| F|  |TAMS 0x000000070d400000| PB 0x000000070d400000| Untracked 
| 100|0x000000070d600000, 0x000000070d600000, 0x000000070d800000|  0%| F|  |TAMS 0x000000070d600000| PB 0x000000070d600000| Untracked 
| 101|0x000000070d800000, 0x000000070d800000, 0x000000070da00000|  0%| F|  |TAMS 0x000000070d800000| PB 0x000000070d800000| Untracked 
| 102|0x000000070da00000, 0x000000070da00000, 0x000000070dc00000|  0%| F|  |TAMS 0x000000070da00000| PB 0x000000070da00000| Untracked 
| 103|0x000000070dc00000, 0x000000070dc00000, 0x000000070de00000|  0%| F|  |TAMS 0x000000070dc00000| PB 0x000000070dc00000| Untracked 
| 104|0x000000070de00000, 0x000000070de00000, 0x000000070e000000|  0%| F|  |TAMS 0x000000070de00000| PB 0x000000070de00000| Untracked 
| 105|0x000000070e000000, 0x000000070e000000, 0x000000070e200000|  0%| F|  |TAMS 0x000000070e000000| PB 0x000000070e000000| Untracked 
| 106|0x000000070e200000, 0x000000070e200000, 0x000000070e400000|  0%| F|  |TAMS 0x000000070e200000| PB 0x000000070e200000| Untracked 
| 107|0x000000070e400000, 0x000000070e400000, 0x000000070e600000|  0%| F|  |TAMS 0x000000070e400000| PB 0x000000070e400000| Untracked 
| 108|0x000000070e600000, 0x000000070e600000, 0x000000070e800000|  0%| F|  |TAMS 0x000000070e600000| PB 0x000000070e600000| Untracked 
| 109|0x000000070e800000, 0x000000070e800000, 0x000000070ea00000|  0%| F|  |TAMS 0x000000070e800000| PB 0x000000070e800000| Untracked 
| 110|0x000000070ea00000, 0x000000070ea00000, 0x000000070ec00000|  0%| F|  |TAMS 0x000000070ea00000| PB 0x000000070ea00000| Untracked 
| 111|0x000000070ec00000, 0x000000070ec00000, 0x000000070ee00000|  0%| F|  |TAMS 0x000000070ec00000| PB 0x000000070ec00000| Untracked 
| 112|0x000000070ee00000, 0x000000070ee00000, 0x000000070f000000|  0%| F|  |TAMS 0x000000070ee00000| PB 0x000000070ee00000| Untracked 
| 113|0x000000070f000000, 0x000000070f000000, 0x000000070f200000|  0%| F|  |TAMS 0x000000070f000000| PB 0x000000070f000000| Untracked 
| 114|0x000000070f200000, 0x000000070f200000, 0x000000070f400000|  0%| F|  |TAMS 0x000000070f200000| PB 0x000000070f200000| Untracked 
| 115|0x000000070f400000, 0x000000070f400000, 0x000000070f600000|  0%| F|  |TAMS 0x000000070f400000| PB 0x000000070f400000| Untracked 
| 116|0x000000070f600000, 0x000000070f600000, 0x000000070f800000|  0%| F|  |TAMS 0x000000070f600000| PB 0x000000070f600000| Untracked 
| 117|0x000000070f800000, 0x000000070f800000, 0x000000070fa00000|  0%| F|  |TAMS 0x000000070f800000| PB 0x000000070f800000| Untracked 
| 118|0x000000070fa00000, 0x000000070fa00000, 0x000000070fc00000|  0%| F|  |TAMS 0x000000070fa00000| PB 0x000000070fa00000| Untracked 
| 119|0x000000070fc00000, 0x000000070fc00000, 0x000000070fe00000|  0%| F|  |TAMS 0x000000070fc00000| PB 0x000000070fc00000| Untracked 
| 120|0x000000070fe00000, 0x000000070fe00000, 0x0000000710000000|  0%| F|  |TAMS 0x000000070fe00000| PB 0x000000070fe00000| Untracked 
| 121|0x0000000710000000, 0x00000007101d7460, 0x0000000710200000| 92%| E|  |TAMS 0x0000000710000000| PB 0x0000000710000000| Complete 
| 122|0x0000000710200000, 0x0000000710400000, 0x0000000710400000|100%| E|  |TAMS 0x0000000710200000| PB 0x0000000710200000| Complete 
| 123|0x0000000710400000, 0x0000000710600000, 0x0000000710600000|100%| E|CS|TAMS 0x0000000710400000| PB 0x0000000710400000| Complete 
| 124|0x0000000710600000, 0x0000000710800000, 0x0000000710800000|100%| E|CS|TAMS 0x0000000710600000| PB 0x0000000710600000| Complete 
| 125|0x0000000710800000, 0x0000000710a00000, 0x0000000710a00000|100%| E|CS|TAMS 0x0000000710800000| PB 0x0000000710800000| Complete 
| 126|0x0000000710a00000, 0x0000000710c00000, 0x0000000710c00000|100%| E|CS|TAMS 0x0000000710a00000| PB 0x0000000710a00000| Complete 
| 127|0x0000000710c00000, 0x0000000710e00000, 0x0000000710e00000|100%| E|CS|TAMS 0x0000000710c00000| PB 0x0000000710c00000| Complete 

Card table byte_map: [0x000002bd26150000,0x000002bd26950000] _byte_map_base: 0x000002bd22949000

Marking Bits: (CMBitMap*) 0x000002bd0da466a0
 Bits: [0x000002bd26950000, 0x000002bd2a918000)

Polling page: 0x000002bd0b910000

Metaspace:

Usage:
  Non-class:      5.72 MB used.
      Class:    307.16 KB used.
       Both:      6.02 MB used.

Virtual space:
  Non-class space:       64.00 MB reserved,       5.81 MB (  9%) committed,  1 nodes.
      Class space:        1.00 GB reserved,     448.00 KB ( <1%) committed,  1 nodes.
             Both:        1.06 GB reserved,       6.25 MB ( <1%) committed. 

Chunk freelists:
   Non-Class:  7.89 MB
       Class:  15.54 MB
        Both:  23.43 MB

MaxMetaspaceSize: unlimited
CompressedClassSpaceSize: 1.00 GB
Initial GC threshold: 21.00 MB
Current GC threshold: 21.00 MB
CDS: on
 - commit_granule_bytes: 65536.
 - commit_granule_words: 8192.
 - virtual_space_node_default_size: 8388608.
 - enlarge_chunks_in_place: 1.
 - use_allocation_guard: 0.


Internal statistics:

num_allocs_failed_limit: 0.
num_arena_births: 108.
num_arena_deaths: 0.
num_vsnodes_births: 2.
num_vsnodes_deaths: 0.
num_space_committed: 98.
num_space_uncommitted: 0.
num_chunks_returned_to_freelist: 0.
num_chunks_taken_from_freelist: 283.
num_chunk_merges: 0.
num_chunk_splits: 203.
num_chunks_enlarged: 149.
num_inconsistent_stats: 0.

CodeHeap 'non-profiled nmethods': size=119168Kb used=260Kb max_used=260Kb free=118907Kb
 bounds [0x000002bd1dc50000, 0x000002bd1dec0000, 0x000002bd250b0000]
CodeHeap 'profiled nmethods': size=119104Kb used=1453Kb max_used=1453Kb free=117650Kb
 bounds [0x000002bd160b0000, 0x000002bd16320000, 0x000002bd1d500000]
CodeHeap 'non-nmethods': size=7488Kb used=3339Kb max_used=3344Kb free=4148Kb
 bounds [0x000002bd1d500000, 0x000002bd1d850000, 0x000002bd1dc50000]
 total_blobs=2062 nmethods=899 adapters=1066
 compilation: enabled
              stopped_count=0, restarted_count=0
 full_count=0

Compilation events (20 events):
Event: 0.752 Thread 0x000002bd2d8e17f0  888       3       java.lang.System$2::findBootstrapClassOrNull (5 bytes)
Event: 0.752 Thread 0x000002bd2ddac010  889       3       java.lang.ClassLoader::findBootstrapClassOrNull (14 bytes)
Event: 0.752 Thread 0x000002bd2ddac010 nmethod 889 0x000002bd16217a10 code [0x000002bd16217be0, 0x000002bd16217db0]
Event: 0.752 Thread 0x000002bd2d8e17f0 nmethod 888 0x000002bd16217e90 code [0x000002bd16218060, 0x000002bd16218280]
Event: 0.754 Thread 0x000002bd2d8d5c60 nmethod 887 0x000002bd1dc8fb90 code [0x000002bd1dc8fd60, 0x000002bd1dc903d0]
Event: 0.756 Thread 0x000002bd2d8e17f0  892       1       java.util.jar.Manifest::getEntries (5 bytes)
Event: 0.756 Thread 0x000002bd2daaa3b0  893       1       java.util.jar.Manifest::getMainAttributes (5 bytes)
Event: 0.756 Thread 0x000002bd2d8e17f0 nmethod 892 0x000002bd1dc90790 code [0x000002bd1dc90920, 0x000002bd1dc909f0]
Event: 0.756 Thread 0x000002bd2ddac010  894       1       java.util.zip.ZipEntry::getCrc (5 bytes)
Event: 0.756 Thread 0x000002bd2daaa3b0 nmethod 893 0x000002bd1dc90a90 code [0x000002bd1dc90c20, 0x000002bd1dc90cf0]
Event: 0.756 Thread 0x000002bd2ddac010 nmethod 894 0x000002bd1dc90d90 code [0x000002bd1dc90f20, 0x000002bd1dc90fe8]
Event: 0.757 Thread 0x000002bd2ddac010  895       3       java.io.WinNTFileSystem::prefixLength (91 bytes)
Event: 0.757 Thread 0x000002bd2d8e17f0  896       3       java.lang.ref.Cleaner::register (25 bytes)
Event: 0.757 Thread 0x000002bd2daaa3b0  897       3       jdk.internal.ref.CleanerImpl$PhantomCleanableRef::<init> (12 bytes)
Event: 0.757 Thread 0x000002bd2daaa3b0 nmethod 897 0x000002bd16218390 code [0x000002bd16218540, 0x000002bd162186f0]
Event: 0.757 Thread 0x000002bd2d8e17f0 nmethod 896 0x000002bd16218790 code [0x000002bd16218980, 0x000002bd16218ee8]
Event: 0.758 Thread 0x000002bd2ddac010 nmethod 895 0x000002bd16219110 code [0x000002bd16219420, 0x000002bd1621a850]
Event: 0.760 Thread 0x000002bd2ddac010  898       3       java.io.File::isInvalid (47 bytes)
Event: 0.760 Thread 0x000002bd2ddac010 nmethod 898 0x000002bd1621af10 code [0x000002bd1621b0e0, 0x000002bd1621b3a8]
Event: 0.763 Thread 0x000002bd2ddac010  899       1       java.lang.reflect.Method::getName (5 bytes)

GC Heap History (0 events):
No events

Dll operation events (9 events):
Event: 0.005 Loaded shared library C:\Program Files\Zulu\zulu-21\bin\java.dll
Event: 0.032 Loaded shared library C:\Program Files\Zulu\zulu-21\bin\jsvml.dll
Event: 0.058 Loaded shared library C:\Program Files\Zulu\zulu-21\bin\net.dll
Event: 0.059 Loaded shared library C:\Program Files\Zulu\zulu-21\bin\nio.dll
Event: 0.062 Loaded shared library C:\Program Files\Zulu\zulu-21\bin\zip.dll
Event: 0.117 Loaded shared library C:\Program Files\Zulu\zulu-21\bin\jimage.dll
Event: 0.137 Loaded shared library C:\Users\gabi0\AppData\Local\Temp\lwjgl_gabi0\3.3.6+1\x64\lwjgl.dll
Event: 0.446 Loaded shared library C:\Users\gabi0\AppData\Local\Temp\lwjgl_gabi0\3.3.6+1\x64\lwjgl_opengl.dll
Event: 0.663 Loaded shared library C:\Program Files\Zulu\zulu-21\bin\verify.dll

Deoptimization events (20 events):
Event: 0.454 Thread 0x000002bd0b64e6f0 DEOPT PACKING pc=0x000002bd1615b7ea sp=0x000000cb125fe200
Event: 0.454 Thread 0x000002bd0b64e6f0 DEOPT UNPACKING pc=0x000002bd1d554e42 sp=0x000000cb125fd698 mode 0
Event: 0.454 Thread 0x000002bd0b64e6f0 DEOPT PACKING pc=0x000002bd1615b7ea sp=0x000000cb125fe200
Event: 0.454 Thread 0x000002bd0b64e6f0 DEOPT UNPACKING pc=0x000002bd1d554e42 sp=0x000000cb125fd698 mode 0
Event: 0.454 Thread 0x000002bd0b64e6f0 DEOPT PACKING pc=0x000002bd1615b7ea sp=0x000000cb125fe200
Event: 0.454 Thread 0x000002bd0b64e6f0 DEOPT UNPACKING pc=0x000002bd1d554e42 sp=0x000000cb125fd698 mode 0
Event: 0.455 Thread 0x000002bd0b64e6f0 DEOPT PACKING pc=0x000002bd1615b8c9 sp=0x000000cb125fe200
Event: 0.455 Thread 0x000002bd0b64e6f0 DEOPT UNPACKING pc=0x000002bd1d554e42 sp=0x000000cb125fd698 mode 0
Event: 0.455 Thread 0x000002bd0b64e6f0 DEOPT PACKING pc=0x000002bd1615b7ea sp=0x000000cb125fe200
Event: 0.455 Thread 0x000002bd0b64e6f0 DEOPT UNPACKING pc=0x000002bd1d554e42 sp=0x000000cb125fd698 mode 0
Event: 0.455 Thread 0x000002bd0b64e6f0 DEOPT PACKING pc=0x000002bd1615b7ea sp=0x000000cb125fe200
Event: 0.455 Thread 0x000002bd0b64e6f0 DEOPT UNPACKING pc=0x000002bd1d554e42 sp=0x000000cb125fd698 mode 0
Event: 0.455 Thread 0x000002bd0b64e6f0 DEOPT PACKING pc=0x000002bd1615b7ea sp=0x000000cb125fe200
Event: 0.455 Thread 0x000002bd0b64e6f0 DEOPT UNPACKING pc=0x000002bd1d554e42 sp=0x000000cb125fd698 mode 0
Event: 0.455 Thread 0x000002bd0b64e6f0 DEOPT PACKING pc=0x000002bd1615b7ea sp=0x000000cb125fe200
Event: 0.455 Thread 0x000002bd0b64e6f0 DEOPT UNPACKING pc=0x000002bd1d554e42 sp=0x000000cb125fd698 mode 0
Event: 0.459 Thread 0x000002bd0b64e6f0 Uncommon trap: trap_request=0xffffff54 fr.pc=0x000002bd1dc83d90 relative=0x0000000000000070
Event: 0.459 Thread 0x000002bd0b64e6f0 Uncommon trap: reason=speculate_null_assert action=make_not_entrant pc=0x000002bd1dc83d90 method=sun.misc.Unsafe.putLong(Ljava/lang/Object;JJ)V @ 7 c2
Event: 0.459 Thread 0x000002bd0b64e6f0 DEOPT PACKING pc=0x000002bd1dc83d90 sp=0x000000cb125ff0a0
Event: 0.459 Thread 0x000002bd0b64e6f0 DEOPT UNPACKING pc=0x000002bd1d5546a2 sp=0x000000cb125ff018 mode 2

Classes loaded (20 events):
Event: 0.462 Loading class java/lang/foreign/MemorySegment$Scope done
Event: 0.462 Loading class jdk/internal/foreign/MemorySessionImpl done
Event: 0.660 Loading class java/io/Externalizable
Event: 0.660 Loading class java/io/Externalizable done
Event: 0.689 Loading class java/nio/HeapFloatBuffer
Event: 0.689 Loading class java/nio/HeapFloatBuffer done
Event: 0.694 Loading class jdk/internal/module/ModulePatcher$PatchedModuleReader
Event: 0.694 Loading class jdk/internal/module/ModulePatcher$PatchedModuleReader done
Event: 0.694 Loading class sun/net/www/protocol/jrt/Handler
Event: 0.694 Loading class sun/net/www/protocol/jrt/Handler done
Event: 0.696 Loading class sun/util/resources/LocaleData$CommonResourceBundleProvider
Event: 0.696 Loading class sun/util/resources/LocaleData$LocaleDataResourceBundleProvider
Event: 0.696 Loading class java/util/spi/ResourceBundleProvider
Event: 0.696 Loading class java/util/spi/ResourceBundleProvider done
Event: 0.696 Loading class sun/util/resources/LocaleData$LocaleDataResourceBundleProvider done
Event: 0.696 Loading class sun/util/resources/LocaleData$CommonResourceBundleProvider done
Event: 0.697 Loading class sun/util/resources/Bundles$2
Event: 0.697 Loading class sun/util/resources/Bundles$2 done
Event: 0.709 Loading class java/lang/SecurityException
Event: 0.709 Loading class java/lang/SecurityException done

Classes unloaded (0 events):
No events

Classes redefined (0 events):
No events

Internal exceptions (20 events):
Event: 0.142 Thread 0x000002bd0b64e6f0 Exception <a 'sun/nio/fs/WindowsException'{0x0000000710832e20}> (0x0000000710832e20) 
thrown [s\src\hotspot\share\prims\jni.cpp, line 520]
Event: 0.187 Thread 0x000002bd0b64e6f0 Exception <a 'java/lang/NoSuchMethodError'{0x0000000710901bd0}: 'int java.lang.invoke.DirectMethodHandle$Holder.invokeStaticInit(java.lang.Object, java.lang.Object, int, long)'> (0x0000000710901bd0) 
thrown [s\src\hotspot\share\interpreter\linkResolver.cpp, line 773]
Event: 0.187 Thread 0x000002bd0b64e6f0 Exception <a 'java/lang/NoSuchMethodError'{0x0000000710906ea8}: 'java.lang.Object java.lang.invoke.DirectMethodHandle$Holder.newInvokeSpecial(java.lang.Object, java.lang.Object, int)'> (0x0000000710906ea8) 
thrown [s\src\hotspot\share\interpreter\linkResolver.cpp, line 773]
Event: 0.189 Thread 0x000002bd0b64e6f0 Exception <a 'java/lang/NoSuchMethodError'{0x0000000710915d50}: 'int java.lang.invoke.DirectMethodHandle$Holder.invokeStaticInit(java.lang.Object, java.lang.Object, long, long)'> (0x0000000710915d50) 
thrown [s\src\hotspot\share\interpreter\linkResolver.cpp, line 773]
Event: 0.189 Thread 0x000002bd0b64e6f0 Exception <a 'java/lang/NoSuchMethodError'{0x000000071091b230}: 'java.lang.Object java.lang.invoke.DirectMethodHandle$Holder.newInvokeSpecial(java.lang.Object, java.lang.Object, long)'> (0x000000071091b230) 
thrown [s\src\hotspot\share\interpreter\linkResolver.cpp, line 773]
Event: 0.190 Thread 0x000002bd0b64e6f0 Exception <a 'java/lang/NoSuchMethodError'{0x000000071091eb28}: 'java.lang.Object java.lang.invoke.Invokers$Holder.linkToTargetMethod(java.lang.Object, long, java.lang.Object)'> (0x000000071091eb28) 
thrown [s\src\hotspot\share\interpreter\linkResolver.cpp, line 773]
Event: 0.190 Thread 0x000002bd0b64e6f0 Exception <a 'java/lang/NoSuchMethodError'{0x0000000710925a80}: 'int java.lang.invoke.DirectMethodHandle$Holder.invokeStaticInit(java.lang.Object, java.lang.Object, java.lang.Object, long)'> (0x0000000710925a80) 
thrown [s\src\hotspot\share\interpreter\linkResolver.cpp, line 773]
Event: 0.206 Thread 0x000002bd0b64e6f0 Exception <a 'sun/nio/fs/WindowsException'{0x00000007109d65e8}> (0x00000007109d65e8) 
thrown [s\src\hotspot\share\prims\jni.cpp, line 520]
Event: 0.206 Thread 0x000002bd0b64e6f0 Exception <a 'sun/nio/fs/WindowsException'{0x00000007109d6948}> (0x00000007109d6948) 
thrown [s\src\hotspot\share\prims\jni.cpp, line 520]
Event: 0.218 Thread 0x000002bd0b64e6f0 Exception <a 'java/lang/NoSuchMethodError'{0x00000007109ebf00}: 'int java.lang.invoke.Invokers$Holder.invokeExact_MT(java.lang.Object, java.lang.Object)'> (0x00000007109ebf00) 
thrown [s\src\hotspot\share\interpreter\linkResolver.cpp, line 773]
Event: 0.409 Thread 0x000002bd0b64e6f0 Exception <a 'java/lang/NoSuchMethodError'{0x00000007106412e0}: 'void java.lang.invoke.DirectMethodHandle$Holder.invokeStaticInit(java.lang.Object, long, int, int, int)'> (0x00000007106412e0) 
thrown [s\src\hotspot\share\interpreter\linkResolver.cpp, line 773]
Event: 0.410 Thread 0x000002bd0b64e6f0 Exception <a 'java/lang/NoSuchMethodError'{0x000000071064ee58}: 'void java.lang.invoke.DirectMethodHandle$Holder.invokeStaticInit(java.lang.Object, long, double, double)'> (0x000000071064ee58) 
thrown [s\src\hotspot\share\interpreter\linkResolver.cpp, line 773]
Event: 0.413 Thread 0x000002bd0b64e6f0 Exception <a 'java/lang/NoSuchMethodError'{0x0000000710664920}: 'void java.lang.invoke.DirectMethodHandle$Holder.invokeStaticInit(java.lang.Object, long, int, int, int, int)'> (0x0000000710664920) 
thrown [s\src\hotspot\share\interpreter\linkResolver.cpp, line 773]
Event: 0.441 Thread 0x000002bd0b64e6f0 Exception <a 'java/lang/NoSuchMethodError'{0x00000007106fffb8}: 'void java.lang.System.load(java.lang.String, java.lang.Class)'> (0x00000007106fffb8) 
thrown [s\src\hotspot\share\interpreter\linkResolver.cpp, line 773]
Event: 0.442 Thread 0x000002bd0b64e6f0 Exception <a 'java/lang/NoSuchMethodError'{0x0000000710702958}: 'void java.lang.System.loadLibrary(java.lang.String, java.lang.Class)'> (0x0000000710702958) 
thrown [s\src\hotspot\share\interpreter\linkResolver.cpp, line 773]
Event: 0.445 Thread 0x000002bd0b64e6f0 Exception <a 'sun/nio/fs/WindowsException'{0x00000007107117a8}> (0x00000007107117a8) 
thrown [s\src\hotspot\share\prims\jni.cpp, line 520]
Event: 0.445 Thread 0x000002bd0b64e6f0 Exception <a 'sun/nio/fs/WindowsException'{0x0000000710711b48}> (0x0000000710711b48) 
thrown [s\src\hotspot\share\prims\jni.cpp, line 520]
Event: 0.456 Thread 0x000002bd0b64e6f0 Exception <a 'sun/nio/fs/WindowsException'{0x000000071071c8f8}> (0x000000071071c8f8) 
thrown [s\src\hotspot\share\prims\jni.cpp, line 520]
Event: 0.456 Thread 0x000002bd0b64e6f0 Exception <a 'sun/nio/fs/WindowsException'{0x000000071071cbc8}> (0x000000071071cbc8) 
thrown [s\src\hotspot\share\prims\jni.cpp, line 520]
Event: 0.763 Thread 0x000002bd0b64e6f0 Implicit null exception at 0x000002bd1dc849dd to 0x0000000000000000

ZGC Phase Switch (0 events):
No events

VM Operations (4 events):
Event: 0.063 Executing VM operation: HandshakeAllThreads (Deoptimize)
Event: 0.063 Executing VM operation: HandshakeAllThreads (Deoptimize) done
Event: 0.692 Executing VM operation: HandshakeAllThreads (Deoptimize)
Event: 0.692 Executing VM operation: HandshakeAllThreads (Deoptimize) done

Events (15 events):
Event: 0.018 Thread 0x000002bd0b64e6f0 Thread added: 0x000002bd0b64e6f0
Event: 0.030 Thread 0x000002bd2d8c81f0 Thread added: 0x000002bd2d8c81f0
Event: 0.030 Thread 0x000002bd2d8c92c0 Thread added: 0x000002bd2d8c92c0
Event: 0.030 Thread 0x000002bd2d8ce160 Thread added: 0x000002bd2d8ce160
Event: 0.030 Thread 0x000002bd2d8cfe50 Thread added: 0x000002bd2d8cfe50
Event: 0.030 Thread 0x000002bd2d8d0c10 Thread added: 0x000002bd2d8d0c10
Event: 0.030 Thread 0x000002bd2d8d1670 Thread added: 0x000002bd2d8d1670
Event: 0.030 Thread 0x000002bd2d8d5c60 Thread added: 0x000002bd2d8d5c60
Event: 0.030 Thread 0x000002bd2d8e17f0 Thread added: 0x000002bd2d8e17f0
Event: 0.034 Thread 0x000002bd2daaa3b0 Thread added: 0x000002bd2daaa3b0
Event: 0.050 Thread 0x000002bd2db81680 Thread added: 0x000002bd2db81680
Event: 0.052 Thread 0x000002bd2db822c0 Thread added: 0x000002bd2db822c0
Event: 0.185 Thread 0x000002bd2de0e170 Thread added: 0x000002bd2de0e170
Event: 0.219 Thread 0x000002bd2ddac010 Thread added: 0x000002bd2ddac010
Event: 0.408 Thread 0x000002bd2de0e170 Thread exited: 0x000002bd2de0e170


Dynamic libraries:
0x00007ff75cd80000 - 0x00007ff75cd8e000 	C:\Program Files\Zulu\zulu-21\bin\java.exe
0x00007fff6fe10000 - 0x00007fff70008000 	C:\WINDOWS\SYSTEM32\ntdll.dll
0x00007fff6eee0000 - 0x00007fff6efa2000 	C:\WINDOWS\System32\KERNEL32.DLL
0x00007fff6d9c0000 - 0x00007fff6dcbf000 	C:\WINDOWS\System32\KERNELBASE.dll
0x00007fff6dcc0000 - 0x00007fff6ddc0000 	C:\WINDOWS\System32\ucrtbase.dll
0x00007fff66c00000 - 0x00007fff66c1b000 	C:\Program Files\Zulu\zulu-21\bin\VCRUNTIME140.dll
0x00007fff629b0000 - 0x00007fff629c8000 	C:\Program Files\Zulu\zulu-21\bin\jli.dll
0x00007fff6e110000 - 0x00007fff6e2ad000 	C:\WINDOWS\System32\USER32.dll
0x00007fff5ff00000 - 0x00007fff6019a000 	C:\WINDOWS\WinSxS\amd64_microsoft.windows.common-controls_6595b64144ccf1df_6.0.19041.4355_none_60b8b9eb71f62e16\COMCTL32.dll
0x00007fff6d8e0000 - 0x00007fff6d902000 	C:\WINDOWS\System32\win32u.dll
0x00007fff6fb20000 - 0x00007fff6fbbe000 	C:\WINDOWS\System32\msvcrt.dll
0x00007fff6f9f0000 - 0x00007fff6fa1b000 	C:\WINDOWS\System32\GDI32.dll
0x00007fff6d550000 - 0x00007fff6d66a000 	C:\WINDOWS\System32\gdi32full.dll
0x00007fff6d4b0000 - 0x00007fff6d54d000 	C:\WINDOWS\System32\msvcp_win.dll
0x00007fff6f240000 - 0x00007fff6f26f000 	C:\WINDOWS\System32\IMM32.DLL
0x00007fff69c50000 - 0x00007fff69c5c000 	C:\Program Files\Zulu\zulu-21\bin\vcruntime140_1.dll
0x00007fff42c30000 - 0x00007fff42cbe000 	C:\Program Files\Zulu\zulu-21\bin\msvcp140.dll
0x00007ffed2c90000 - 0x00007ffed3a1b000 	C:\Program Files\Zulu\zulu-21\bin\server\jvm.dll
0x00007fff6e610000 - 0x00007fff6e6bf000 	C:\WINDOWS\System32\ADVAPI32.dll
0x00007fff6f270000 - 0x00007fff6f30f000 	C:\WINDOWS\System32\sechost.dll
0x00007fff6de30000 - 0x00007fff6df53000 	C:\WINDOWS\System32\RPCRT4.dll
0x00007fff6d670000 - 0x00007fff6d697000 	C:\WINDOWS\System32\bcrypt.dll
0x00007fff6f1d0000 - 0x00007fff6f23b000 	C:\WINDOWS\System32\WS2_32.dll
0x00007fff6ca00000 - 0x00007fff6ca4b000 	C:\WINDOWS\SYSTEM32\POWRPROF.dll
0x00007fff64a20000 - 0x00007fff64a47000 	C:\WINDOWS\SYSTEM32\WINMM.dll
0x00007fff686b0000 - 0x00007fff686ba000 	C:\WINDOWS\SYSTEM32\VERSION.dll
0x00007fff6c870000 - 0x00007fff6c882000 	C:\WINDOWS\SYSTEM32\UMPDC.dll
0x00007fff6bca0000 - 0x00007fff6bcb2000 	C:\WINDOWS\SYSTEM32\kernel.appcore.dll
0x00007fff68ee0000 - 0x00007fff68eea000 	C:\Program Files\Zulu\zulu-21\bin\jimage.dll
0x00007fff6b160000 - 0x00007fff6b344000 	C:\WINDOWS\SYSTEM32\DBGHELP.DLL
0x00007fff5ef50000 - 0x00007fff5ef84000 	C:\WINDOWS\SYSTEM32\dbgcore.DLL
0x00007fff6d6a0000 - 0x00007fff6d722000 	C:\WINDOWS\System32\bcryptPrimitives.dll
0x00007fff5a380000 - 0x00007fff5a39f000 	C:\Program Files\Zulu\zulu-21\bin\java.dll
0x00007fff6e6c0000 - 0x00007fff6ee2d000 	C:\WINDOWS\System32\SHELL32.dll
0x00007fff6b4f0000 - 0x00007fff6bc94000 	C:\WINDOWS\SYSTEM32\windows.storage.dll
0x00007fff6e2b0000 - 0x00007fff6e605000 	C:\WINDOWS\System32\combase.dll
0x00007fff6cec0000 - 0x00007fff6ceef000 	C:\WINDOWS\SYSTEM32\Wldp.dll
0x00007fff6efc0000 - 0x00007fff6f08d000 	C:\WINDOWS\System32\OLEAUT32.dll
0x00007fff6ee30000 - 0x00007fff6eedd000 	C:\WINDOWS\System32\SHCORE.dll
0x00007fff6faa0000 - 0x00007fff6faf5000 	C:\WINDOWS\System32\shlwapi.dll
0x00007fff6d3e0000 - 0x00007fff6d404000 	C:\WINDOWS\SYSTEM32\profapi.dll
0x00007fff36cb0000 - 0x00007fff36d87000 	C:\Program Files\Zulu\zulu-21\bin\jsvml.dll
0x00007fff67440000 - 0x00007fff67450000 	C:\Program Files\Zulu\zulu-21\bin\net.dll
0x00007fff68ba0000 - 0x00007fff68caa000 	C:\WINDOWS\SYSTEM32\WINHTTP.dll
0x00007fff6cbe0000 - 0x00007fff6cc4c000 	C:\WINDOWS\system32\mswsock.dll
0x00007fff4c260000 - 0x00007fff4c276000 	C:\Program Files\Zulu\zulu-21\bin\nio.dll
0x00007fff4c280000 - 0x00007fff4c298000 	C:\Program Files\Zulu\zulu-21\bin\zip.dll
0x00007fff4cad0000 - 0x00007fff4cb4e000 	C:\Users\gabi0\AppData\Local\Temp\lwjgl_gabi0\3.3.6+1\x64\lwjgl.dll
0x00007fff4ca40000 - 0x00007fff4cac9000 	C:\Users\gabi0\AppData\Local\Temp\lwjgl_gabi0\3.3.6+1\x64\glfw.dll
0x00007fff18130000 - 0x00007fff18175000 	C:\WINDOWS\SYSTEM32\dinput8.dll
0x00007fff5f0c0000 - 0x00007fff5f0d1000 	C:\WINDOWS\SYSTEM32\xinput1_4.dll
0x00007fff6d730000 - 0x00007fff6d77e000 	C:\WINDOWS\System32\cfgmgr32.dll
0x00007fff6d240000 - 0x00007fff6d273000 	C:\WINDOWS\SYSTEM32\DEVOBJ.dll
0x00007fff6ae50000 - 0x00007fff6ae7f000 	C:\WINDOWS\SYSTEM32\dwmapi.dll
0x00007fff4ac70000 - 0x00007fff4adc2000 	C:\WINDOWS\SYSTEM32\inputhost.dll
0x00007fff669c0000 - 0x00007fff66ab2000 	C:\WINDOWS\SYSTEM32\CoreMessaging.dll
0x00007fff683c0000 - 0x00007fff684b6000 	C:\WINDOWS\SYSTEM32\PROPSYS.dll
0x00007fff689c0000 - 0x00007fff68b17000 	C:\WINDOWS\SYSTEM32\wintypes.dll
0x00007fff66660000 - 0x00007fff669bb000 	C:\WINDOWS\SYSTEM32\CoreUIComponents.dll
0x00007fff6c700000 - 0x00007fff6c733000 	C:\WINDOWS\SYSTEM32\ntmarta.dll
0x00007fff6a7f0000 - 0x00007fff6a88e000 	C:\WINDOWS\system32\uxtheme.dll
0x00007fff6f790000 - 0x00007fff6f8a5000 	C:\WINDOWS\System32\MSCTF.dll
0x00007fff02b40000 - 0x00007fff02c68000 	C:\WINDOWS\SYSTEM32\opengl32.dll
0x00007fff4c230000 - 0x00007fff4c25c000 	C:\WINDOWS\SYSTEM32\GLU32.dll
0x00007fff6f120000 - 0x00007fff6f1c9000 	C:\WINDOWS\System32\clbcatq.dll
0x00007fff1eda0000 - 0x00007fff21388000 	C:\WINDOWS\System32\DriverStore\FileRepository\nvmd.inf_amd64_aa54f7a758543a0a\nvoglv64.dll
0x00007fff6f310000 - 0x00007fff6f781000 	C:\WINDOWS\System32\SETUPAPI.dll
0x00007fff6f8c0000 - 0x00007fff6f9eb000 	C:\WINDOWS\System32\ole32.dll
0x00007fff69780000 - 0x00007fff69794000 	C:\WINDOWS\SYSTEM32\WTSAPI32.dll
0x00007fff6d070000 - 0x00007fff6d082000 	C:\WINDOWS\SYSTEM32\msasn1.dll
0x00007fff68670000 - 0x00007fff686a1000 	C:\WINDOWS\SYSTEM32\cryptnet.dll
0x00007fff6d780000 - 0x00007fff6d8dc000 	C:\WINDOWS\System32\CRYPT32.dll
0x00007fff6cd70000 - 0x00007fff6cd7c000 	C:\WINDOWS\SYSTEM32\cryptbase.dll
0x00007fff68040000 - 0x00007fff68187000 	C:\WINDOWS\SYSTEM32\drvstore.dll
0x00007fff6ddc0000 - 0x00007fff6de29000 	C:\WINDOWS\System32\WINTRUST.dll
0x00007fff6fb00000 - 0x00007fff6fb1d000 	C:\WINDOWS\System32\imagehlp.dll
0x00007fff6ce10000 - 0x00007fff6ce28000 	C:\WINDOWS\SYSTEM32\CRYPTSP.dll
0x00007fff6c4b0000 - 0x00007fff6c4e4000 	C:\WINDOWS\system32\rsaenh.dll
0x00007fff5ba10000 - 0x00007fff5d9fe000 	C:\WINDOWS\System32\DriverStore\FileRepository\nvmd.inf_amd64_aa54f7a758543a0a\nvgpucomp64.dll
0x00007fff612e0000 - 0x00007fff6131b000 	C:\WINDOWS\SYSTEM32\dxcore.dll
0x00007fff28240000 - 0x00007fff28510000 	C:\WINDOWS\system32\nvspcap64.dll
0x00007fff6c130000 - 0x00007fff6c18b000 	C:\WINDOWS\SYSTEM32\WINSTA.dll
0x00007fff51410000 - 0x00007fff51509000 	C:\WINDOWS\SYSTEM32\textinputframework.dll
0x00007fff62a40000 - 0x00007fff62aa6000 	C:\WINDOWS\system32\Oleacc.dll
0x00007fff425e0000 - 0x00007fff4263d000 	C:\Users\gabi0\AppData\Local\Temp\lwjgl_gabi0\3.3.6+1\x64\lwjgl_opengl.dll
0x00007fff4df00000 - 0x00007fff4df10000 	C:\Program Files\Zulu\zulu-21\bin\verify.dll

dbghelp: loaded successfully - version: 4.0.5 - missing functions: none
symbol engine: initialized successfully - sym options: 0x614 - pdb path: .;C:\Program Files\Zulu\zulu-21\bin;C:\WINDOWS\SYSTEM32;C:\WINDOWS\WinSxS\amd64_microsoft.windows.common-controls_6595b64144ccf1df_6.0.19041.4355_none_60b8b9eb71f62e16;C:\Program Files\Zulu\zulu-21\bin\server;C:\Users\gabi0\AppData\Local\Temp\lwjgl_gabi0\3.3.6+1\x64;C:\WINDOWS\System32\DriverStore\FileRepository\nvmd.inf_amd64_aa54f7a758543a0a

VM Arguments:
jvm_args: -Dfile.encoding=windows-1252 -Duser.country=DK -Duser.language=da -Duser.variant 
java_command: org.example.Main
java_class_path (initial): C:\Users\gabi0\OneDrive\Skrivebord\GameEngine\build\classes\java\main;C:\Users\gabi0\OneDrive\Skrivebord\GameEngine\build\resources\main;C:\Users\gabi0\.gradle\caches\modules-2\files-2.1\org.lwjgl\lwjgl-glfw\3.3.6\7119f7d0eeb1e5502ff0ca71d2b4d47317da015\lwjgl-glfw-3.3.6.jar;C:\Users\gabi0\.gradle\caches\modules-2\files-2.1\org.lwjgl\lwjgl-glfw\3.3.6\99ef08056feb9627f90425a4d2a22cd9fae8e39b\lwjgl-glfw-3.3.6-natives-windows.jar;C:\Users\gabi0\.gradle\caches\modules-2\files-2.1\org.lwjgl\lwjgl-openal\3.3.6\ad313317ff399fd2a7f4dd74716a68cf3976c6ad\lwjgl-openal-3.3.6.jar;C:\Users\gabi0\.gradle\caches\modules-2\files-2.1\org.lwjgl\lwjgl-openal\3.3.6\9c2b9b660e085bb0b47a4453dc0e26f24a5475e4\lwjgl-openal-3.3.6-natives-windows.jar;C:\Users\gabi0\.gradle\caches\modules-2\files-2.1\org.lwjgl\lwjgl-opengl\3.3.6\ac2532612a4df374e9a9282bcf8ce2573018ebbb\lwjgl-opengl-3.3.6.jar;C:\Users\gabi0\.gradle\caches\modules-2\files-2.1\org.lwjgl\lwjgl-opengl\3.3.6\18dc639ebc94aa5202c2157f7490d28997b697c5\lwjgl-opengl-3.3.6-natives-windows.jar;C:\Users\gabi0\.gradle\caches\modules-2\files-2.1\org.lwjgl\lwjgl\3.3.6\ce7721d30cfaf47feaed10213e0c43eb55c49d68\lwjgl-3.3.6.jar;C:\Users\gabi0\.gradle\caches\modules-2\files-2.1\org.lwjgl\lwjgl\3.3.6\9a29b6a22fc5184604b8cb434ee5d5ecc4bfcbee\lwjgl-3.3.6-natives-windows.jar;C:\Users\gabi0\.gradle\caches\modules-2\files-2.1\org.joml\joml\1.10.7\f8c3f2e7db281bde099342dd36133de4bbba390c\joml-1.10.7.jar;C:\Users\gabi0\.gradle\caches\modules-2\files-2.1\org.jetbrains.kotlin\kotlin-stdlib-jdk8\1.8.20\73576ddf378c5b4f1f6b449fe6b119b8183fc078\kotlin-stdlib-jdk8-1.8.20.jar;C:\Users\gabi0\.gradle\caches\modules-2\files-2.1\org.jetbrains.kotlin\kotlin-stdlib-jdk7\1.8.20\3aa51faf20aae8b31e1a4bc54f8370673d7b7df4\kotlin-stdlib-jdk7-1.8.20.jar;C:\Users\gabi0\.gradle\caches\modules-2\files-2.1\org.jetbrains.kotlin\kotlin-stdlib\1.8.20\e72fc5e03ec6c064c678a6bd0d955c88d55b0c4a\kotlin-stdlib-1.8.20.jar;C:\Users\gabi0\.gradle\caches\modules-2\files-2.1\org.jetbrains.kotlin\kotlin-stdlib-common\1.8.20\5eddaaf234c8c49d03eebeb6a14feb7f90faca71\kotlin-stdlib-common-1.8.20.jar;C:\Users\gabi0\.gradle\caches\modules-2\files-2.1\org.jetbrains\annotations\13.0\919f0dfe192fb4e063e7dacadee7f8bb9a2672a9\annotations-13.0.jar
Launcher Type: SUN_STANDARD

[Global flags]
     intx CICompilerCount                          = 12                                        {product} {ergonomic}
     uint ConcGCThreads                            = 3                                         {product} {ergonomic}
     uint G1ConcRefinementThreads                  = 13                                        {product} {ergonomic}
   size_t G1HeapRegionSize                         = 2097152                                   {product} {ergonomic}
    uintx GCDrainStackTargetSize                   = 64                                        {product} {ergonomic}
   size_t InitialHeapSize                          = 268435456                                 {product} {ergonomic}
   size_t MarkStackSize                            = 4194304                                   {product} {ergonomic}
   size_t MaxHeapSize                              = 4280287232                                {product} {ergonomic}
   size_t MaxNewSize                               = 2566914048                                {product} {ergonomic}
   size_t MinHeapDeltaBytes                        = 2097152                                   {product} {ergonomic}
   size_t MinHeapSize                              = 8388608                                   {product} {ergonomic}
    uintx NonNMethodCodeHeapSize                   = 7602480                                {pd product} {ergonomic}
    uintx NonProfiledCodeHeapSize                  = 122027880                              {pd product} {ergonomic}
    uintx ProfiledCodeHeapSize                     = 122027880                              {pd product} {ergonomic}
    uintx ReservedCodeCacheSize                    = 251658240                              {pd product} {ergonomic}
     bool SegmentedCodeCache                       = true                                      {product} {ergonomic}
   size_t SoftMaxHeapSize                          = 4280287232                             {manageable} {ergonomic}
     bool UseCompressedOops                        = true                           {product lp64_product} {ergonomic}
     bool UseG1GC                                  = true                                      {product} {ergonomic}
     bool UseLargePagesIndividualAllocation        = false                                  {pd product} {ergonomic}

Logging:
Log output configuration:
 #0: stdout all=warning uptime,level,tags foldmultilines=false
 #1: stderr all=off uptime,level,tags foldmultilines=false

Environment Variables:
JAVA_HOME=C:\Program Files\Zulu\zulu-21
PATH=C:\Program Files\Zulu\zulu-21\bin\;C:\Program Files\Eclipse Adoptium\jdk-8.0.432.6-hotspot\bin;C:\Program Files\Common Files\Oracle\Java\javapath;C:\Program Files (x86)\Razer Chroma SDK\bin;C:\Program Files\Razer Chroma SDK\bin;C:\Program Files\Zulu\zulu-17\bin\;C:\Program Files (x86)\Razer\ChromaBroadcast\bin;C:\Program Files\Razer\ChromaBroadcast\bin;C:\WINDOWS\system32;C:\WINDOWS;C:\WINDOWS\System32\Wbem;C:\WINDOWS\System32\WindowsPowerShell\v1.0\;C:\WINDOWS\System32\OpenSSH\;C:\Program Files\NVIDIA Corporation\NVIDIA NvDLISR;C:\Program Files\RedHat\java-17-openjdk-17.0.8.1.1-2\bin;C:\WINDOWS\system32\config\systemprofile\AppData\Local\Microsoft\WindowsApps;C:\Users\gabi0\AppData\Local\Programs\Python\Python311\Scripts\;C:\Users\gabi0\AppData\Local\Programs\Python\Python311\;C:\Users\gabi0\AppData\Local\Microsoft\WindowsApps;C:\Users\gabi0\AppData\Local\Programs\Microsoft VS Code\bin;C:\Users\gabi0\AppData\Local\GitHubDesktop\bin;C:\Program Files\Git\cmd;C:\Program Files\nodejs\;C:\Program Files (x86)\NVIDIA Corporation\PhysX\Common;\MinGW\bin\;C:\Program Files\dotnet\;C:\Program Files (x86)\sbt\bin;C:\maven\apache-maven-3.9.9\bin;;C:\Program Files\Docker\Docker\resources\bin;C:\Users\gabi0\AppData\Local\Programs\Python\Python311\Scripts\;C:\Users\gabi0\AppData\Local\Programs\Python\Python311\;C:\Users\gabi0\AppData\Local\Microsoft\WindowsApps;C:\Users\gabi0\AppData\Local\Programs\Microsoft VS Code\bin;C:\Users\gabi0\AppData\Local\GitHubDesktop\bin;C:\Users\gabi0\flutter\bin;C:\Users\gabi0\AppData\Roaming\npm;C:\Users\gabi0\.dotnet\tools
USERNAME=gabi0
OS=Windows_NT
PROCESSOR_IDENTIFIER=Intel64 Family 6 Model 158 Stepping 12, GenuineIntel
TMP=C:\Users\gabi0\AppData\Local\Temp
TEMP=C:\Users\gabi0\AppData\Local\Temp




---------------  S Y S T E M  ---------------

OS:
 Windows 10 , 64 bit Build 19041 (10.0.19041.5438)
OS uptime: 2 days 23:00 hours
Hyper-V role detected

CPU: total 16 (initial active 16) (8 cores per cpu, 2 threads per core) family 6 model 158 stepping 12 microcode 0xde, cx8, cmov, fxsr, ht, mmx, 3dnowpref, sse, sse2, sse3, ssse3, sse4.1, sse4.2, popcnt, lzcnt, tsc, tscinvbit, avx, avx2, aes, erms, clmul, bmi1, bmi2, rtm, adx, fma, vzeroupper, clflush, clflushopt, hv, rdtscp, f16c
Processor Information for all 16 processors :
  Max Mhz: 3600, Current Mhz: 3600, Mhz Limit: 3600

Memory: 4k page, system-wide physical 16321M (4778M free)
TotalPageFile size 27585M (AvailPageFile size 8183M)
current process WorkingSet (physical memory assigned to process): 100M, peak: 101M
current process commit charge ("private bytes"): 440M, peak: 442M

vm_info: OpenJDK 64-Bit Server VM (21+35) for windows-amd64 JRE (21+35) (Zulu21.28+85-CA), built on 2023-08-25T12:37:36Z by "zulu_re" with MS VC++ 17.1 (VS2022)

END.
