#
# A fatal error has been detected by the Java Runtime Environment:
#
#  EXCEPTION_ACCESS_VIOLATION (0xc0000005) at pc=0x00007ffed3503a97, pid=41340, tid=36044
#
# JRE version: OpenJDK Runtime Environment Zulu21.28+85-CA (21.0+35) (build 21+35)
# Java VM: OpenJDK 64-Bit Server VM Zulu21.28+85-CA (21+35, mixed mode, sharing, tiered, compressed oops, compressed class ptrs, g1 gc, windows-amd64)
# Problematic frame:
# V  [jvm.dll+0x873a97]
#
# No core dump will be written. Minidumps are not enabled by default on client versions of Windows
#
# If you would like to submit a bug report, please visit:
#   http://www.azul.com/support/
#

---------------  S U M M A R Y ------------

Command Line: -Dfile.encoding=windows-1252 -Duser.country=DK -Duser.language=da -Duser.variant org.example.Main

Host: Intel(R) Core(TM) i9-9900K CPU @ 3.60GHz, 16 cores, 15G,  Windows 10 , 64 bit Build 19041 (10.0.19041.5438)
Time: Wed Mar 12 10:14:18 2025 Rom, normaltid elapsed time: 0.970572 seconds (0d 0h 0m 0s)

---------------  T H R E A D  ---------------

Current thread (0x000001e43f6cd540):  JavaThread "main"             [_thread_in_vm, id=36044, stack(0x000000227b300000,0x000000227b400000) (1024K)]

Stack: [0x000000227b300000,0x000000227b400000],  sp=0x000000227b3fec50,  free space=1019k
Native frames: (J=compiled Java code, j=interpreted, Vv=VM code, C=native code)
V  [jvm.dll+0x873a97]
C  0x000001e451b11ca7

The last pc belongs to native nmethod (printed below).
Java frames: (J=compiled Java code, j=interpreted, Vv=VM code)
J 690  jdk.internal.misc.Unsafe.putLong(Ljava/lang/Object;JJ)V java.base@21 (0 bytes) @ 0x000001e451b11c0c [0x000001e451b11ba0+0x000000000000006c]
j  sun.misc.Unsafe.putLong(Ljava/lang/Object;JJ)V+7 jdk.unsupported@21
j  org.joml.MemUtil$MemUtilUnsafe.put(Lorg/joml/Matrix4f;J)V+33
j  org.joml.MemUtil$MemUtilUnsafe.put(Lorg/joml/Matrix4f;ILjava/nio/FloatBuffer;)V+46
j  org.joml.Matrix4f.get(Ljava/nio/FloatBuffer;)Ljava/nio/FloatBuffer;+9
j  rendering.Shader.uploadMat4f(Ljava/lang/String;Lorg/joml/Matrix4f;)V+19
j  scenes.LevelEditorScene.update(F)V+20
j  org.example.GameEngineManager.loop()V+52
j  org.example.GameEngineManager.<init>(Lorg/example/WindowManager;)V+19
j  org.example.Main.main([Ljava/lang/String;)V+21
v  ~StubRoutines::call_stub 0x000001e45139100d

siginfo: EXCEPTION_ACCESS_VIOLATION (0xc0000005), writing address 0x0000000000000010


Registers:
RAX=0x000000003f800000, RBX=0x000001e43f6cd540, RCX=0x0000000000000000, RDX=0x000000227b3feca8
RSP=0x000000227b3fec50, RBP=0x000000227b3fece0, RSI=0x0000000000000010, RDI=0x0000000000000000
R8 =0x0000000000000000, R9 =0x0000000000000010, R10=0x00007ffed39229fa, R11=0x000001e451b11bc0
R12=0x0000000000000000, R13=0x000000227b3fecf8, R14=0x000000227b3feda8, R15=0x000001e43f6cd540
RIP=0x00007ffed3503a97, EFLAGS=0x0000000000010246


Register to memory mapping:

RAX=0x000000003f800000 is an unknown value
RBX=0x000001e43f6cd540 is a thread
RCX=0x0 is null
RDX=0x000000227b3feca8 is pointing into the stack for thread: 0x000001e43f6cd540
RSP=0x000000227b3fec50 is pointing into the stack for thread: 0x000001e43f6cd540
RBP=0x000000227b3fece0 is pointing into the stack for thread: 0x000001e43f6cd540
RSI=0x0000000000000010 is an unknown value
RDI=0x0 is null
R8 =0x0 is null
R9 =0x0000000000000010 is an unknown value
R10=0x00007ffed39229fa jvm.dll
R11=0x000001e451b11bc0 is at entry_point+32 in (nmethod*)0x000001e451b11a10
Compiled method (n/a)     993  690     n 0       jdk.internal.misc.Unsafe::putLong (native)
 total in heap  [0x000001e451b11a10,0x000001e451b11dd0] = 960
 relocation     [0x000001e451b11b70,0x000001e451b11ba0] = 48
 main code      [0x000001e451b11ba0,0x000001e451b11dcb] = 555
 stub code      [0x000001e451b11dcb,0x000001e451b11dd0] = 5
R12=0x0 is null
R13=0x000000227b3fecf8 is pointing into the stack for thread: 0x000001e43f6cd540
R14=0x000000227b3feda8 is pointing into the stack for thread: 0x000001e43f6cd540
R15=0x000001e43f6cd540 is a thread

Top of Stack: (sp=0x000000227b3fec50)
0x000000227b3fec50:   000001e4619eb620 000001e4a381a508
0x000000227b3fec60:   000001e4617dbdc8 000001e4616aacd0
0x000000227b3fec70:   000000003f800000 000001e451b11ca7
0x000000227b3fec80:   000001e4624479e8 0000000000000288
0x000000227b3fec90:   0000000000000006 00007ffed330162c
0x000000227b3feca0:   000000003f800000 0000000710c0dcd8
0x000000227b3fecb0:   0000000000000000 00000000000006f8
0x000000227b3fecc0:   0000000000000288 00007ffed3312579
0x000000227b3fecd0:   000000227b3fee20 00007ffed33124bb
0x000000227b3fece0:   000000227b3fed70 000001e451398846
0x000000227b3fecf0:   000001e451398846 000000003f800000
0x000000227b3fed00:   0000000000000000 0000000000000010
0x000000227b3fed10:   0000000000000000 0000000000000000
0x000000227b3fed20:   0000000710c0dcd8 000000227b3fed28
0x000000227b3fed30:   000001e4a313a657 0000000000000007
0x000000227b3fed40:   000001e4a313ecf0 000001e4a31762c8
0x000000227b3fed50:   00000007108db230 000001e4a313a6a0
0x000000227b3fed60:   000000227b3fecf8 000000227b3fed80
0x000000227b3fed70:   000000227b3fedf8 000001e451398846
0x000000227b3fed80:   000000003f800000 0000000000000000
0x000000227b3fed90:   0000000000000010 0000000000000000
0x000000227b3feda0:   0000000000000000 00000007108dc988
0x000000227b3fedb0:   000000227b3fedb0 000001e4a36cbde9
0x000000227b3fedc0:   0000000000000005 000001e4a36f0000
0x000000227b3fedd0:   0000000000000000 00000007103192e8
0x000000227b3fede0:   000001e4a36cbe28 000000227b3fed80
0x000000227b3fedf0:   000000227b3fee10 000000227b3fee70
0x000000227b3fee00:   000001e451398846 0000000000000000
0x000000227b3fee10:   0000000000000010 0000000000000000
0x000000227b3fee20:   0000000710257aa0 000000227b3fee28
0x000000227b3fee30:   000001e4a36d270e 0000000000000005
0x000000227b3fee40:   000001e4a36f0000 0000000000000000 

Instructions: (pc=0x00007ffed3503a97)
0x00007ffed3503997:   18 48 8b 4f 20 48 8b 57 08 48 89 4a 20 48 8d 8b
0x00007ffed35039a7:   98 03 00 00 e8 d0 69 aa ff 90 48 8b c6 48 8b 74
0x00007ffed35039b7:   24 38 c7 83 4c 04 00 00 04 00 00 00 48 8b 5c 24
0x00007ffed35039c7:   30 48 83 c4 20 5f c3 cc cc 48 89 5c 24 08 48 89
0x00007ffed35039d7:   74 24 10 57 48 83 ec 20 8b 81 b8 00 00 00 48 8d
0x00007ffed35039e7:   99 48 fc ff ff 05 53 21 ff ff 49 8b f1 49 8b f8
0x00007ffed35039f7:   83 f8 01 77 08 48 8b cb e8 1c ba b7 ff 80 3d 8e
0x00007ffed3503a07:   ef 41 00 00 c7 83 4c 04 00 00 06 00 00 00 75 06
0x00007ffed3503a17:   e8 a4 b9 e4 ff 90 48 8b 83 50 04 00 00 a8 01 74
0x00007ffed3503a27:   0d 45 33 c0 b2 01 48 8b cb e8 4b b7 eb ff 8b 83
0x00007ffed3503a37:   48 04 00 00 a8 0c 74 08 48 8b cb e8 89 cf b7 ff
0x00007ffed3503a47:   33 c9 c7 83 4c 04 00 00 06 00 00 00 48 85 ff 74
0x00007ffed3503a57:   33 48 8b c7 83 e0 03 48 83 f8 01 75 0f 48 8d 4f
0x00007ffed3503a67:   ff ff 15 62 1f 3b 00 48 8b c8 eb 18 48 83 f8 02
0x00007ffed3503a77:   75 0f 48 8d 4f fe ff 15 9d 95 3a 00 48 8b c8 eb
0x00007ffed3503a87:   03 48 8b 0f 48 8b 44 24 50 c6 83 78 04 00 00 01
0x00007ffed3503a97:   48 89 04 31 c6 83 78 04 00 00 00 48 8b bb 98 01
0x00007ffed3503aa7:   00 00 48 8b 47 10 48 83 38 00 74 08 48 8b cf e8
0x00007ffed3503ab7:   d5 e6 b2 ff 48 8b 4f 08 48 8b 47 10 48 89 41 10
0x00007ffed3503ac7:   48 8b 4f 08 48 8b 47 18 48 89 41 18 48 8b 4f 08
0x00007ffed3503ad7:   48 8b 47 20 48 89 41 20 48 8d 8b 98 03 00 00 e8
0x00007ffed3503ae7:   95 68 aa ff 48 8b 74 24 38 90 c7 83 4c 04 00 00
0x00007ffed3503af7:   04 00 00 00 48 8b 5c 24 30 48 83 c4 20 5f c3 cc
0x00007ffed3503b07:   cc cc cc cc cc cc cc cc cc 48 89 5c 24 08 48 89
0x00007ffed3503b17:   74 24 10 57 48 83 ec 30 8b 81 b8 00 00 00 48 8d
0x00007ffed3503b27:   99 48 fc ff ff 05 53 21 ff ff 0f 29 74 24 20 49
0x00007ffed3503b37:   8b f1 49 8b f8 83 f8 01 77 08 48 8b cb e8 d7 b8
0x00007ffed3503b47:   b7 ff 80 3d 49 ee 41 00 00 c7 83 4c 04 00 00 06
0x00007ffed3503b57:   00 00 00 75 06 e8 5f b8 e4 ff 90 48 8b 83 50 04
0x00007ffed3503b67:   00 00 a8 01 74 0d 45 33 c0 b2 01 48 8b cb e8 06
0x00007ffed3503b77:   b6 eb ff 8b 83 48 04 00 00 a8 0c 74 08 48 8b cb
0x00007ffed3503b87:   e8 44 ce b7 ff 33 c0 c7 83 4c 04 00 00 06 00 00 


Stack slot to memory mapping:

stack at sp + 0 slots: 0x000001e4619eb620 points into unknown readable memory: 0x0000000000000000 | 00 00 00 00 00 00 00 00
stack at sp + 1 slots: 0x000001e4a381a508 is pointing into metadata
stack at sp + 2 slots: 0x000001e4617dbdc8 points into unknown readable memory: 0x00007ffed3696c68 | 68 6c 69 d3 fe 7f 00 00
stack at sp + 3 slots: 0x000001e4616aacd0 points into unknown readable memory: 0x0000000000000000 | 00 00 00 00 00 00 00 00
stack at sp + 4 slots: 0x000000003f800000 is an unknown value
stack at sp + 5 slots: 0x000001e451b11ca7 is at entry_point+263 in (nmethod*)0x000001e451b11a10
Compiled method (n/a)    1016  690     n 0       jdk.internal.misc.Unsafe::putLong (native)
 total in heap  [0x000001e451b11a10,0x000001e451b11dd0] = 960
 relocation     [0x000001e451b11b70,0x000001e451b11ba0] = 48
 main code      [0x000001e451b11ba0,0x000001e451b11dcb] = 555
 stub code      [0x000001e451b11dcb,0x000001e451b11dd0] = 5
stack at sp + 6 slots: {method} {0x000001e4624479f0} 'putLong' '(Ljava/lang/Object;JJ)V' in 'jdk/internal/misc/Unsafe'
stack at sp + 7 slots: 0x0000000000000288 is an unknown value


Compiled method (n/a)    1023  690     n 0       jdk.internal.misc.Unsafe::putLong (native)
 total in heap  [0x000001e451b11a10,0x000001e451b11dd0] = 960
 relocation     [0x000001e451b11b70,0x000001e451b11ba0] = 48
 main code      [0x000001e451b11ba0,0x000001e451b11dcb] = 555
 stub code      [0x000001e451b11dcb,0x000001e451b11dd0] = 5

[Constant Pool (empty)]

[MachCode]
[Entry Point]
  # {method} {0x000001e4624479f0} 'putLong' '(Ljava/lang/Object;JJ)V' in 'jdk/internal/misc/Unsafe'
  # this:     rdx:rdx   = 'jdk/internal/misc/Unsafe'
  # parm0:    r8:r8     = 'java/lang/Object'
  # parm1:    r9:r9     = long
  # parm2:    rdi:rdi   = long
  #           [sp+0x70]  (sp of caller)
  0x000001e451b11ba0: 448b 5208 | 49bb 0000 | 0062 e401 | 0000 4d03 | d349 3bc2 | 0f84 0600 

  0x000001e451b11bb8: ;   {runtime_call ic_miss_stub}
  0x000001e451b11bb8: 0000 e9c1 | cb8c ff90 
[Verified Entry Point]
  0x000001e451b11bc0: 8984 2400 | 80ff ff55 | 488b ec48 | 83ec 6090 | 4181 7f20 | 0100 0000 

  0x000001e451b11bd8: ;   {runtime_call StubRoutines (final stubs)}
  0x000001e451b11bd8: 7405 e881 | 318b ff48 | 897c 2420 | 4c89 4424 | 3049 83f8 | 004c 8d44 | 2430 4c0f | 4444 2430 
  0x000001e451b11bf8: 4889 5424 | 2848 83fa | 0048 8d54 | 2428 480f | 4454 2428 

  0x000001e451b11c0c: ;   {internal_word}
  0x000001e451b11c0c: c5f8 7749 | ba0c 1cb1 | 51e4 0100 | 004d 8997 | a003 0000 | 4989 a798 

  0x000001e451b11c24: ;   {external_word}
  0x000001e451b11c24: 0300 0049 | bafa 2992 | d3fe 7f00 | 0041 803a | 000f 844e | 0000 0052 | 4150 4151 

  0x000001e451b11c40: ;   {metadata({method} {0x000001e4624479f0} 'putLong' '(Ljava/lang/Object;JJ)V' in 'jdk/internal/misc/Unsafe')}
  0x000001e451b11c40: 48ba e879 | 4462 e401 | 0000 498b | cf48 83ec | 2040 f6c4 | 0f0f 8419 | 0000 0048 

  0x000001e451b11c5c: ;   {runtime_call}
  0x000001e451b11c5c: 83ec 0848 | b840 433c | d3fe 7f00 | 00ff d048 | 83c4 08e9 | 0c00 0000 

  0x000001e451b11c74: ;   {runtime_call}
  0x000001e451b11c74: 48b8 4043 | 3cd3 fe7f | 0000 ffd0 | 4883 c420 | 4159 4158 | 5a49 8d8f | b803 0000 | 41c7 874c 
  0x000001e451b11c94: 0400 0004 

  0x000001e451b11c98: ;   {runtime_call}
  0x000001e451b11c98: 0000 0048 | b8d0 3950 | d3fe 7f00 | 00ff d0c5 | f877 41c7 | 874c 0400 | 0005 0000 | 00f0 8344 
  0x000001e451b11cb8: 24c0 0049 | 3baf 5004 | 0000 0f87 | 0e00 0000 | 4183 bf48 | 0400 0000 | 0f84 2300 | 0000 c5f8 
  0x000001e451b11cd8: 7749 8bcf | 4c8b e448 | 83ec 2048 

  0x000001e451b11ce4: ;   {runtime_call}
  0x000001e451b11ce4: 83e4 f048 | b890 f607 | d3fe 7f00 | 00ff d049 | 8be4 4d33 | e441 c787 | 4c04 0000 | 0800 0000 
  0x000001e451b11d04: 4183 bfc8 | 0400 0002 | 0f84 9400 

  0x000001e451b11d10: ;   {external_word}
  0x000001e451b11d10: 0000 49ba | fa29 92d3 | fe7f 0000 | 4180 3a00 | 0f84 4400 

  0x000001e451b11d24: ;   {metadata({method} {0x000001e4624479f0} 'putLong' '(Ljava/lang/Object;JJ)V' in 'jdk/internal/misc/Unsafe')}
  0x000001e451b11d24: 0000 48ba | e879 4462 | e401 0000 | 498b cf48 | 83ec 2040 | f6c4 0f0f | 8419 0000 | 0048 83ec 
  0x000001e451b11d44: ;   {runtime_call}
  0x000001e451b11d44: 0848 b840 | 433c d3fe | 7f00 00ff | d048 83c4 | 08e9 0c00 

  0x000001e451b11d58: ;   {runtime_call}
  0x000001e451b11d58: 0000 48b8 | 4043 3cd3 | fe7f 0000 | ffd0 4883 | c420 49c7 | 8798 0300 | 0000 0000 | 0049 c787 
  0x000001e451b11d78: a003 0000 | 0000 0000 | c5f8 7749 | 8b8f 2804 | 0000 c781 | 0001 0000 | 0000 0000 | c949 837f 
  0x000001e451b11d98: 0800 0f85 | 0100 0000 

  0x000001e451b11da0: ;   {runtime_call StubRoutines (initial stubs)}
  0x000001e451b11da0: c3e9 5af1 | 87ff c5f8 | 774c 8be4 | 4883 ec20 | 4883 e4f0 

  0x000001e451b11db4: ;   {runtime_call}
  0x000001e451b11db4: 48b8 707b | 3cd3 fe7f | 0000 ffd0 | 498b e44d | 33e4 e947 | ffff fff4 | f4f4 f4f4 
[/MachCode]


---------------  P R O C E S S  ---------------

Threads class SMR info:
_java_thread_list=0x000001e4a73a7060, length=13, elements={
0x000001e43f6cd540, 0x000001e4618054c0, 0x000001e461806590, 0x000001e46180b360,
0x000001e46180e060, 0x000001e46180f5c0, 0x000001e461812590, 0x000001e461816d80,
0x000001e461819d90, 0x000001e4619e9020, 0x000001e461b1efb0, 0x000001e461b23280,
0x000001e4a7117c10
}

Java Threads: ( => current thread )
=>0x000001e43f6cd540 JavaThread "main"                              [_thread_in_vm, id=36044, stack(0x000000227b300000,0x000000227b400000) (1024K)]
  0x000001e4618054c0 JavaThread "Reference Handler"          daemon [_thread_blocked, id=40324, stack(0x000000227bb00000,0x000000227bc00000) (1024K)]
  0x000001e461806590 JavaThread "Finalizer"                  daemon [_thread_blocked, id=34708, stack(0x000000227bc00000,0x000000227bd00000) (1024K)]
  0x000001e46180b360 JavaThread "Signal Dispatcher"          daemon [_thread_blocked, id=37068, stack(0x000000227bd00000,0x000000227be00000) (1024K)]
  0x000001e46180e060 JavaThread "Attach Listener"            daemon [_thread_blocked, id=20760, stack(0x000000227be00000,0x000000227bf00000) (1024K)]
  0x000001e46180f5c0 JavaThread "Service Thread"             daemon [_thread_blocked, id=16800, stack(0x000000227bf00000,0x000000227c000000) (1024K)]
  0x000001e461812590 JavaThread "Monitor Deflation Thread"   daemon [_thread_blocked, id=32252, stack(0x000000227c000000,0x000000227c100000) (1024K)]
  0x000001e461816d80 JavaThread "C2 CompilerThread0"         daemon [_thread_blocked, id=30616, stack(0x000000227c100000,0x000000227c200000) (1024K)]
  0x000001e461819d90 JavaThread "C1 CompilerThread0"         daemon [_thread_blocked, id=41220, stack(0x000000227c200000,0x000000227c300000) (1024K)]
  0x000001e4619e9020 JavaThread "C1 CompilerThread1"         daemon [_thread_blocked, id=12676, stack(0x000000227c300000,0x000000227c400000) (1024K)]
  0x000001e461b1efb0 JavaThread "Notification Thread"        daemon [_thread_blocked, id=39336, stack(0x000000227c400000,0x000000227c500000) (1024K)]
  0x000001e461b23280 JavaThread "Common-Cleaner"             daemon [_thread_blocked, id=23016, stack(0x000000227c500000,0x000000227c600000) (1024K)]
  0x000001e4a7117c10 JavaThread "C1 CompilerThread2"         daemon [_thread_blocked, id=33260, stack(0x000000227c700000,0x000000227c800000) (1024K)]
Total: 13

Other Threads:
  0x000001e4617e42f0 VMThread "VM Thread"                           [id=40188, stack(0x000000227ba00000,0x000000227bb00000) (1024K)]
  0x000001e4617cdfc0 WatcherThread "VM Periodic Task Thread"        [id=40980, stack(0x000000227b900000,0x000000227ba00000) (1024K)]
  0x000001e4418d4510 WorkerThread "GC Thread#0"                     [id=24844, stack(0x000000227b400000,0x000000227b500000) (1024K)]
  0x000001e4418e74e0 ConcurrentGCThread "G1 Main Marker"            [id=22748, stack(0x000000227b500000,0x000000227b600000) (1024K)]
  0x000001e4418ea6a0 WorkerThread "G1 Conc#0"                       [id=41136, stack(0x000000227b600000,0x000000227b700000) (1024K)]
  0x000001e44193e550 ConcurrentGCThread "G1 Refine#0"               [id=36664, stack(0x000000227b700000,0x000000227b800000) (1024K)]
  0x000001e461692d50 ConcurrentGCThread "G1 Service"                [id=10544, stack(0x000000227b800000,0x000000227b900000) (1024K)]
Total: 7

Threads with active compile tasks:
Total: 0

VM state: not at safepoint (normal execution)

VM Mutex/Monitor currently owned by a thread: None

Heap address: 0x0000000700e00000, size: 4082 MB, Compressed Oops mode: Zero based, Oop shift amount: 3

CDS archive(s) mapped at: [0x000001e462000000-0x000001e462c90000-0x000001e462c90000), size 13172736, SharedBaseAddress: 0x000001e462000000, ArchiveRelocationMode: 1.
Compressed class space mapped at: 0x000001e463000000-0x000001e4a3000000, reserved size: 1073741824
Narrow klass base: 0x000001e462000000, Narrow klass shift: 0, Narrow klass range: 0x100000000

GC Precious Log:
 CardTable entry size: 512
 Card Set container configuration: InlinePtr #cards 4 size 8 Array Of Cards #cards 16 size 48 Howl #buckets 8 coarsen threshold 3686 Howl Bitmap #cards 512 size 80 coarsen threshold 460 Card regions per heap region 1 cards per card region 4096
 CPUs: 16 total, 16 available
 Memory: 16321M
 Large Page Support: Disabled
 NUMA Support: Disabled
 Compressed Oops: Enabled (Zero based)
 Heap Region Size: 2M
 Heap Min Capacity: 8M
 Heap Initial Capacity: 256M
 Heap Max Capacity: 4082M
 Pre-touch: Disabled
 Parallel Workers: 13
 Concurrent Workers: 3
 Concurrent Refinement Workers: 13
 Periodic GC: Disabled

Heap:
 garbage-first heap   total 262144K, used 10240K [0x0000000700e00000, 0x0000000800000000)
  region size 2048K, 7 young (14336K), 0 survivors (0K)
 Metaspace       used 6104K, committed 6336K, reserved 1114112K
  class space    used 304K, committed 448K, reserved 1048576K

Heap Regions: E=young(eden), S=young(survivor), O=old, HS=humongous(starts), HC=humongous(continues), CS=collection set, F=free, TAMS=top-at-mark-start, PB=parsable bottom
|   0|0x0000000700e00000, 0x0000000700e00000, 0x0000000701000000|  0%| F|  |TAMS 0x0000000700e00000| PB 0x0000000700e00000| Untracked 
|   1|0x0000000701000000, 0x0000000701000000, 0x0000000701200000|  0%| F|  |TAMS 0x0000000701000000| PB 0x0000000701000000| Untracked 
|   2|0x0000000701200000, 0x0000000701200000, 0x0000000701400000|  0%| F|  |TAMS 0x0000000701200000| PB 0x0000000701200000| Untracked 
|   3|0x0000000701400000, 0x0000000701400000, 0x0000000701600000|  0%| F|  |TAMS 0x0000000701400000| PB 0x0000000701400000| Untracked 
|   4|0x0000000701600000, 0x0000000701600000, 0x0000000701800000|  0%| F|  |TAMS 0x0000000701600000| PB 0x0000000701600000| Untracked 
|   5|0x0000000701800000, 0x0000000701800000, 0x0000000701a00000|  0%| F|  |TAMS 0x0000000701800000| PB 0x0000000701800000| Untracked 
|   6|0x0000000701a00000, 0x0000000701a00000, 0x0000000701c00000|  0%| F|  |TAMS 0x0000000701a00000| PB 0x0000000701a00000| Untracked 
|   7|0x0000000701c00000, 0x0000000701c00000, 0x0000000701e00000|  0%| F|  |TAMS 0x0000000701c00000| PB 0x0000000701c00000| Untracked 
|   8|0x0000000701e00000, 0x0000000701e00000, 0x0000000702000000|  0%| F|  |TAMS 0x0000000701e00000| PB 0x0000000701e00000| Untracked 
|   9|0x0000000702000000, 0x0000000702000000, 0x0000000702200000|  0%| F|  |TAMS 0x0000000702000000| PB 0x0000000702000000| Untracked 
|  10|0x0000000702200000, 0x0000000702200000, 0x0000000702400000|  0%| F|  |TAMS 0x0000000702200000| PB 0x0000000702200000| Untracked 
|  11|0x0000000702400000, 0x0000000702400000, 0x0000000702600000|  0%| F|  |TAMS 0x0000000702400000| PB 0x0000000702400000| Untracked 
|  12|0x0000000702600000, 0x0000000702600000, 0x0000000702800000|  0%| F|  |TAMS 0x0000000702600000| PB 0x0000000702600000| Untracked 
|  13|0x0000000702800000, 0x0000000702800000, 0x0000000702a00000|  0%| F|  |TAMS 0x0000000702800000| PB 0x0000000702800000| Untracked 
|  14|0x0000000702a00000, 0x0000000702a00000, 0x0000000702c00000|  0%| F|  |TAMS 0x0000000702a00000| PB 0x0000000702a00000| Untracked 
|  15|0x0000000702c00000, 0x0000000702c00000, 0x0000000702e00000|  0%| F|  |TAMS 0x0000000702c00000| PB 0x0000000702c00000| Untracked 
|  16|0x0000000702e00000, 0x0000000702e00000, 0x0000000703000000|  0%| F|  |TAMS 0x0000000702e00000| PB 0x0000000702e00000| Untracked 
|  17|0x0000000703000000, 0x0000000703000000, 0x0000000703200000|  0%| F|  |TAMS 0x0000000703000000| PB 0x0000000703000000| Untracked 
|  18|0x0000000703200000, 0x0000000703200000, 0x0000000703400000|  0%| F|  |TAMS 0x0000000703200000| PB 0x0000000703200000| Untracked 
|  19|0x0000000703400000, 0x0000000703400000, 0x0000000703600000|  0%| F|  |TAMS 0x0000000703400000| PB 0x0000000703400000| Untracked 
|  20|0x0000000703600000, 0x0000000703600000, 0x0000000703800000|  0%| F|  |TAMS 0x0000000703600000| PB 0x0000000703600000| Untracked 
|  21|0x0000000703800000, 0x0000000703800000, 0x0000000703a00000|  0%| F|  |TAMS 0x0000000703800000| PB 0x0000000703800000| Untracked 
|  22|0x0000000703a00000, 0x0000000703a00000, 0x0000000703c00000|  0%| F|  |TAMS 0x0000000703a00000| PB 0x0000000703a00000| Untracked 
|  23|0x0000000703c00000, 0x0000000703c00000, 0x0000000703e00000|  0%| F|  |TAMS 0x0000000703c00000| PB 0x0000000703c00000| Untracked 
|  24|0x0000000703e00000, 0x0000000703e00000, 0x0000000704000000|  0%| F|  |TAMS 0x0000000703e00000| PB 0x0000000703e00000| Untracked 
|  25|0x0000000704000000, 0x0000000704000000, 0x0000000704200000|  0%| F|  |TAMS 0x0000000704000000| PB 0x0000000704000000| Untracked 
|  26|0x0000000704200000, 0x0000000704200000, 0x0000000704400000|  0%| F|  |TAMS 0x0000000704200000| PB 0x0000000704200000| Untracked 
|  27|0x0000000704400000, 0x0000000704400000, 0x0000000704600000|  0%| F|  |TAMS 0x0000000704400000| PB 0x0000000704400000| Untracked 
|  28|0x0000000704600000, 0x0000000704600000, 0x0000000704800000|  0%| F|  |TAMS 0x0000000704600000| PB 0x0000000704600000| Untracked 
|  29|0x0000000704800000, 0x0000000704800000, 0x0000000704a00000|  0%| F|  |TAMS 0x0000000704800000| PB 0x0000000704800000| Untracked 
|  30|0x0000000704a00000, 0x0000000704a00000, 0x0000000704c00000|  0%| F|  |TAMS 0x0000000704a00000| PB 0x0000000704a00000| Untracked 
|  31|0x0000000704c00000, 0x0000000704c00000, 0x0000000704e00000|  0%| F|  |TAMS 0x0000000704c00000| PB 0x0000000704c00000| Untracked 
|  32|0x0000000704e00000, 0x0000000704e00000, 0x0000000705000000|  0%| F|  |TAMS 0x0000000704e00000| PB 0x0000000704e00000| Untracked 
|  33|0x0000000705000000, 0x0000000705000000, 0x0000000705200000|  0%| F|  |TAMS 0x0000000705000000| PB 0x0000000705000000| Untracked 
|  34|0x0000000705200000, 0x0000000705200000, 0x0000000705400000|  0%| F|  |TAMS 0x0000000705200000| PB 0x0000000705200000| Untracked 
|  35|0x0000000705400000, 0x0000000705400000, 0x0000000705600000|  0%| F|  |TAMS 0x0000000705400000| PB 0x0000000705400000| Untracked 
|  36|0x0000000705600000, 0x0000000705600000, 0x0000000705800000|  0%| F|  |TAMS 0x0000000705600000| PB 0x0000000705600000| Untracked 
|  37|0x0000000705800000, 0x0000000705800000, 0x0000000705a00000|  0%| F|  |TAMS 0x0000000705800000| PB 0x0000000705800000| Untracked 
|  38|0x0000000705a00000, 0x0000000705a00000, 0x0000000705c00000|  0%| F|  |TAMS 0x0000000705a00000| PB 0x0000000705a00000| Untracked 
|  39|0x0000000705c00000, 0x0000000705c00000, 0x0000000705e00000|  0%| F|  |TAMS 0x0000000705c00000| PB 0x0000000705c00000| Untracked 
|  40|0x0000000705e00000, 0x0000000705e00000, 0x0000000706000000|  0%| F|  |TAMS 0x0000000705e00000| PB 0x0000000705e00000| Untracked 
|  41|0x0000000706000000, 0x0000000706000000, 0x0000000706200000|  0%| F|  |TAMS 0x0000000706000000| PB 0x0000000706000000| Untracked 
|  42|0x0000000706200000, 0x0000000706200000, 0x0000000706400000|  0%| F|  |TAMS 0x0000000706200000| PB 0x0000000706200000| Untracked 
|  43|0x0000000706400000, 0x0000000706400000, 0x0000000706600000|  0%| F|  |TAMS 0x0000000706400000| PB 0x0000000706400000| Untracked 
|  44|0x0000000706600000, 0x0000000706600000, 0x0000000706800000|  0%| F|  |TAMS 0x0000000706600000| PB 0x0000000706600000| Untracked 
|  45|0x0000000706800000, 0x0000000706800000, 0x0000000706a00000|  0%| F|  |TAMS 0x0000000706800000| PB 0x0000000706800000| Untracked 
|  46|0x0000000706a00000, 0x0000000706a00000, 0x0000000706c00000|  0%| F|  |TAMS 0x0000000706a00000| PB 0x0000000706a00000| Untracked 
|  47|0x0000000706c00000, 0x0000000706c00000, 0x0000000706e00000|  0%| F|  |TAMS 0x0000000706c00000| PB 0x0000000706c00000| Untracked 
|  48|0x0000000706e00000, 0x0000000706e00000, 0x0000000707000000|  0%| F|  |TAMS 0x0000000706e00000| PB 0x0000000706e00000| Untracked 
|  49|0x0000000707000000, 0x0000000707000000, 0x0000000707200000|  0%| F|  |TAMS 0x0000000707000000| PB 0x0000000707000000| Untracked 
|  50|0x0000000707200000, 0x0000000707200000, 0x0000000707400000|  0%| F|  |TAMS 0x0000000707200000| PB 0x0000000707200000| Untracked 
|  51|0x0000000707400000, 0x0000000707400000, 0x0000000707600000|  0%| F|  |TAMS 0x0000000707400000| PB 0x0000000707400000| Untracked 
|  52|0x0000000707600000, 0x0000000707600000, 0x0000000707800000|  0%| F|  |TAMS 0x0000000707600000| PB 0x0000000707600000| Untracked 
|  53|0x0000000707800000, 0x0000000707800000, 0x0000000707a00000|  0%| F|  |TAMS 0x0000000707800000| PB 0x0000000707800000| Untracked 
|  54|0x0000000707a00000, 0x0000000707a00000, 0x0000000707c00000|  0%| F|  |TAMS 0x0000000707a00000| PB 0x0000000707a00000| Untracked 
|  55|0x0000000707c00000, 0x0000000707c00000, 0x0000000707e00000|  0%| F|  |TAMS 0x0000000707c00000| PB 0x0000000707c00000| Untracked 
|  56|0x0000000707e00000, 0x0000000707e00000, 0x0000000708000000|  0%| F|  |TAMS 0x0000000707e00000| PB 0x0000000707e00000| Untracked 
|  57|0x0000000708000000, 0x0000000708000000, 0x0000000708200000|  0%| F|  |TAMS 0x0000000708000000| PB 0x0000000708000000| Untracked 
|  58|0x0000000708200000, 0x0000000708200000, 0x0000000708400000|  0%| F|  |TAMS 0x0000000708200000| PB 0x0000000708200000| Untracked 
|  59|0x0000000708400000, 0x0000000708400000, 0x0000000708600000|  0%| F|  |TAMS 0x0000000708400000| PB 0x0000000708400000| Untracked 
|  60|0x0000000708600000, 0x0000000708600000, 0x0000000708800000|  0%| F|  |TAMS 0x0000000708600000| PB 0x0000000708600000| Untracked 
|  61|0x0000000708800000, 0x0000000708800000, 0x0000000708a00000|  0%| F|  |TAMS 0x0000000708800000| PB 0x0000000708800000| Untracked 
|  62|0x0000000708a00000, 0x0000000708a00000, 0x0000000708c00000|  0%| F|  |TAMS 0x0000000708a00000| PB 0x0000000708a00000| Untracked 
|  63|0x0000000708c00000, 0x0000000708c00000, 0x0000000708e00000|  0%| F|  |TAMS 0x0000000708c00000| PB 0x0000000708c00000| Untracked 
|  64|0x0000000708e00000, 0x0000000708e00000, 0x0000000709000000|  0%| F|  |TAMS 0x0000000708e00000| PB 0x0000000708e00000| Untracked 
|  65|0x0000000709000000, 0x0000000709000000, 0x0000000709200000|  0%| F|  |TAMS 0x0000000709000000| PB 0x0000000709000000| Untracked 
|  66|0x0000000709200000, 0x0000000709200000, 0x0000000709400000|  0%| F|  |TAMS 0x0000000709200000| PB 0x0000000709200000| Untracked 
|  67|0x0000000709400000, 0x0000000709400000, 0x0000000709600000|  0%| F|  |TAMS 0x0000000709400000| PB 0x0000000709400000| Untracked 
|  68|0x0000000709600000, 0x0000000709600000, 0x0000000709800000|  0%| F|  |TAMS 0x0000000709600000| PB 0x0000000709600000| Untracked 
|  69|0x0000000709800000, 0x0000000709800000, 0x0000000709a00000|  0%| F|  |TAMS 0x0000000709800000| PB 0x0000000709800000| Untracked 
|  70|0x0000000709a00000, 0x0000000709a00000, 0x0000000709c00000|  0%| F|  |TAMS 0x0000000709a00000| PB 0x0000000709a00000| Untracked 
|  71|0x0000000709c00000, 0x0000000709c00000, 0x0000000709e00000|  0%| F|  |TAMS 0x0000000709c00000| PB 0x0000000709c00000| Untracked 
|  72|0x0000000709e00000, 0x0000000709e00000, 0x000000070a000000|  0%| F|  |TAMS 0x0000000709e00000| PB 0x0000000709e00000| Untracked 
|  73|0x000000070a000000, 0x000000070a000000, 0x000000070a200000|  0%| F|  |TAMS 0x000000070a000000| PB 0x000000070a000000| Untracked 
|  74|0x000000070a200000, 0x000000070a200000, 0x000000070a400000|  0%| F|  |TAMS 0x000000070a200000| PB 0x000000070a200000| Untracked 
|  75|0x000000070a400000, 0x000000070a400000, 0x000000070a600000|  0%| F|  |TAMS 0x000000070a400000| PB 0x000000070a400000| Untracked 
|  76|0x000000070a600000, 0x000000070a600000, 0x000000070a800000|  0%| F|  |TAMS 0x000000070a600000| PB 0x000000070a600000| Untracked 
|  77|0x000000070a800000, 0x000000070a800000, 0x000000070aa00000|  0%| F|  |TAMS 0x000000070a800000| PB 0x000000070a800000| Untracked 
|  78|0x000000070aa00000, 0x000000070aa00000, 0x000000070ac00000|  0%| F|  |TAMS 0x000000070aa00000| PB 0x000000070aa00000| Untracked 
|  79|0x000000070ac00000, 0x000000070ac00000, 0x000000070ae00000|  0%| F|  |TAMS 0x000000070ac00000| PB 0x000000070ac00000| Untracked 
|  80|0x000000070ae00000, 0x000000070ae00000, 0x000000070b000000|  0%| F|  |TAMS 0x000000070ae00000| PB 0x000000070ae00000| Untracked 
|  81|0x000000070b000000, 0x000000070b000000, 0x000000070b200000|  0%| F|  |TAMS 0x000000070b000000| PB 0x000000070b000000| Untracked 
|  82|0x000000070b200000, 0x000000070b200000, 0x000000070b400000|  0%| F|  |TAMS 0x000000070b200000| PB 0x000000070b200000| Untracked 
|  83|0x000000070b400000, 0x000000070b400000, 0x000000070b600000|  0%| F|  |TAMS 0x000000070b400000| PB 0x000000070b400000| Untracked 
|  84|0x000000070b600000, 0x000000070b600000, 0x000000070b800000|  0%| F|  |TAMS 0x000000070b600000| PB 0x000000070b600000| Untracked 
|  85|0x000000070b800000, 0x000000070b800000, 0x000000070ba00000|  0%| F|  |TAMS 0x000000070b800000| PB 0x000000070b800000| Untracked 
|  86|0x000000070ba00000, 0x000000070ba00000, 0x000000070bc00000|  0%| F|  |TAMS 0x000000070ba00000| PB 0x000000070ba00000| Untracked 
|  87|0x000000070bc00000, 0x000000070bc00000, 0x000000070be00000|  0%| F|  |TAMS 0x000000070bc00000| PB 0x000000070bc00000| Untracked 
|  88|0x000000070be00000, 0x000000070be00000, 0x000000070c000000|  0%| F|  |TAMS 0x000000070be00000| PB 0x000000070be00000| Untracked 
|  89|0x000000070c000000, 0x000000070c000000, 0x000000070c200000|  0%| F|  |TAMS 0x000000070c000000| PB 0x000000070c000000| Untracked 
|  90|0x000000070c200000, 0x000000070c200000, 0x000000070c400000|  0%| F|  |TAMS 0x000000070c200000| PB 0x000000070c200000| Untracked 
|  91|0x000000070c400000, 0x000000070c400000, 0x000000070c600000|  0%| F|  |TAMS 0x000000070c400000| PB 0x000000070c400000| Untracked 
|  92|0x000000070c600000, 0x000000070c600000, 0x000000070c800000|  0%| F|  |TAMS 0x000000070c600000| PB 0x000000070c600000| Untracked 
|  93|0x000000070c800000, 0x000000070c800000, 0x000000070ca00000|  0%| F|  |TAMS 0x000000070c800000| PB 0x000000070c800000| Untracked 
|  94|0x000000070ca00000, 0x000000070ca00000, 0x000000070cc00000|  0%| F|  |TAMS 0x000000070ca00000| PB 0x000000070ca00000| Untracked 
|  95|0x000000070cc00000, 0x000000070cc00000, 0x000000070ce00000|  0%| F|  |TAMS 0x000000070cc00000| PB 0x000000070cc00000| Untracked 
|  96|0x000000070ce00000, 0x000000070ce00000, 0x000000070d000000|  0%| F|  |TAMS 0x000000070ce00000| PB 0x000000070ce00000| Untracked 
|  97|0x000000070d000000, 0x000000070d000000, 0x000000070d200000|  0%| F|  |TAMS 0x000000070d000000| PB 0x000000070d000000| Untracked 
|  98|0x000000070d200000, 0x000000070d200000, 0x000000070d400000|  0%| F|  |TAMS 0x000000070d200000| PB 0x000000070d200000| Untracked 
|  99|0x000000070d400000, 0x000000070d400000, 0x000000070d600000|  0%| F|  |TAMS 0x000000070d400000| PB 0x000000070d400000| Untracked 
| 100|0x000000070d600000, 0x000000070d600000, 0x000000070d800000|  0%| F|  |TAMS 0x000000070d600000| PB 0x000000070d600000| Untracked 
| 101|0x000000070d800000, 0x000000070d800000, 0x000000070da00000|  0%| F|  |TAMS 0x000000070d800000| PB 0x000000070d800000| Untracked 
| 102|0x000000070da00000, 0x000000070da00000, 0x000000070dc00000|  0%| F|  |TAMS 0x000000070da00000| PB 0x000000070da00000| Untracked 
| 103|0x000000070dc00000, 0x000000070dc00000, 0x000000070de00000|  0%| F|  |TAMS 0x000000070dc00000| PB 0x000000070dc00000| Untracked 
| 104|0x000000070de00000, 0x000000070de00000, 0x000000070e000000|  0%| F|  |TAMS 0x000000070de00000| PB 0x000000070de00000| Untracked 
| 105|0x000000070e000000, 0x000000070e000000, 0x000000070e200000|  0%| F|  |TAMS 0x000000070e000000| PB 0x000000070e000000| Untracked 
| 106|0x000000070e200000, 0x000000070e200000, 0x000000070e400000|  0%| F|  |TAMS 0x000000070e200000| PB 0x000000070e200000| Untracked 
| 107|0x000000070e400000, 0x000000070e400000, 0x000000070e600000|  0%| F|  |TAMS 0x000000070e400000| PB 0x000000070e400000| Untracked 
| 108|0x000000070e600000, 0x000000070e600000, 0x000000070e800000|  0%| F|  |TAMS 0x000000070e600000| PB 0x000000070e600000| Untracked 
| 109|0x000000070e800000, 0x000000070e800000, 0x000000070ea00000|  0%| F|  |TAMS 0x000000070e800000| PB 0x000000070e800000| Untracked 
| 110|0x000000070ea00000, 0x000000070ea00000, 0x000000070ec00000|  0%| F|  |TAMS 0x000000070ea00000| PB 0x000000070ea00000| Untracked 
| 111|0x000000070ec00000, 0x000000070ec00000, 0x000000070ee00000|  0%| F|  |TAMS 0x000000070ec00000| PB 0x000000070ec00000| Untracked 
| 112|0x000000070ee00000, 0x000000070ee00000, 0x000000070f000000|  0%| F|  |TAMS 0x000000070ee00000| PB 0x000000070ee00000| Untracked 
| 113|0x000000070f000000, 0x000000070f000000, 0x000000070f200000|  0%| F|  |TAMS 0x000000070f000000| PB 0x000000070f000000| Untracked 
| 114|0x000000070f200000, 0x000000070f200000, 0x000000070f400000|  0%| F|  |TAMS 0x000000070f200000| PB 0x000000070f200000| Untracked 
| 115|0x000000070f400000, 0x000000070f400000, 0x000000070f600000|  0%| F|  |TAMS 0x000000070f400000| PB 0x000000070f400000| Untracked 
| 116|0x000000070f600000, 0x000000070f600000, 0x000000070f800000|  0%| F|  |TAMS 0x000000070f600000| PB 0x000000070f600000| Untracked 
| 117|0x000000070f800000, 0x000000070f800000, 0x000000070fa00000|  0%| F|  |TAMS 0x000000070f800000| PB 0x000000070f800000| Untracked 
| 118|0x000000070fa00000, 0x000000070fa00000, 0x000000070fc00000|  0%| F|  |TAMS 0x000000070fa00000| PB 0x000000070fa00000| Untracked 
| 119|0x000000070fc00000, 0x000000070fc00000, 0x000000070fe00000|  0%| F|  |TAMS 0x000000070fc00000| PB 0x000000070fc00000| Untracked 
| 120|0x000000070fe00000, 0x000000070fe00000, 0x0000000710000000|  0%| F|  |TAMS 0x000000070fe00000| PB 0x000000070fe00000| Untracked 
| 121|0x0000000710000000, 0x00000007101d49e0, 0x0000000710200000| 91%| E|  |TAMS 0x0000000710000000| PB 0x0000000710000000| Complete 
| 122|0x0000000710200000, 0x0000000710400000, 0x0000000710400000|100%| E|  |TAMS 0x0000000710200000| PB 0x0000000710200000| Complete 
| 123|0x0000000710400000, 0x0000000710600000, 0x0000000710600000|100%| E|CS|TAMS 0x0000000710400000| PB 0x0000000710400000| Complete 
| 124|0x0000000710600000, 0x0000000710800000, 0x0000000710800000|100%| E|CS|TAMS 0x0000000710600000| PB 0x0000000710600000| Complete 
| 125|0x0000000710800000, 0x0000000710a00000, 0x0000000710a00000|100%| E|CS|TAMS 0x0000000710800000| PB 0x0000000710800000| Complete 
| 126|0x0000000710a00000, 0x0000000710c00000, 0x0000000710c00000|100%| E|CS|TAMS 0x0000000710a00000| PB 0x0000000710a00000| Complete 
| 127|0x0000000710c00000, 0x0000000710e00000, 0x0000000710e00000|100%| E|CS|TAMS 0x0000000710c00000| PB 0x0000000710c00000| Complete 

Card table byte_map: [0x000001e459fc0000,0x000001e45a7c0000] _byte_map_base: 0x000001e4567b9000

Marking Bits: (CMBitMap*) 0x000001e4418d5b30
 Bits: [0x000001e45a7c0000, 0x000001e45e788000)

Polling page: 0x000001e43f7b0000

Metaspace:

Usage:
  Non-class:      5.66 MB used.
      Class:    304.87 KB used.
       Both:      5.96 MB used.

Virtual space:
  Non-class space:       64.00 MB reserved,       5.75 MB (  9%) committed,  1 nodes.
      Class space:        1.00 GB reserved,     448.00 KB ( <1%) committed,  1 nodes.
             Both:        1.06 GB reserved,       6.19 MB ( <1%) committed. 

Chunk freelists:
   Non-Class:  7.89 MB
       Class:  15.54 MB
        Both:  23.43 MB

MaxMetaspaceSize: unlimited
CompressedClassSpaceSize: 1.00 GB
Initial GC threshold: 21.00 MB
Current GC threshold: 21.00 MB
CDS: on
 - commit_granule_bytes: 65536.
 - commit_granule_words: 8192.
 - virtual_space_node_default_size: 8388608.
 - enlarge_chunks_in_place: 1.
 - use_allocation_guard: 0.


Internal statistics:

num_allocs_failed_limit: 0.
num_arena_births: 108.
num_arena_deaths: 0.
num_vsnodes_births: 2.
num_vsnodes_deaths: 0.
num_space_committed: 97.
num_space_uncommitted: 0.
num_chunks_returned_to_freelist: 0.
num_chunks_taken_from_freelist: 283.
num_chunk_merges: 0.
num_chunk_splits: 203.
num_chunks_enlarged: 149.
num_inconsistent_stats: 0.

CodeHeap 'non-profiled nmethods': size=119168Kb used=259Kb max_used=259Kb free=118908Kb
 bounds [0x000001e451ae0000, 0x000001e451d50000, 0x000001e458f40000]
CodeHeap 'profiled nmethods': size=119104Kb used=1405Kb max_used=1405Kb free=117698Kb
 bounds [0x000001e449f40000, 0x000001e44a1b0000, 0x000001e451390000]
CodeHeap 'non-nmethods': size=7488Kb used=3337Kb max_used=3337Kb free=4151Kb
 bounds [0x000001e451390000, 0x000001e4516e0000, 0x000001e451ae0000]
 total_blobs=2036 nmethods=874 adapters=1065
 compilation: enabled
              stopped_count=0, restarted_count=0
 full_count=0

Compilation events (20 events):
Event: 0.955 Thread 0x000001e4a7117c10  866       1       java.util.zip.ZipEntry::getCrc (5 bytes)
Event: 0.955 Thread 0x000001e4619e9020 nmethod 865 0x000001e451b20310 code [0x000001e451b204a0, 0x000001e451b20570]
Event: 0.955 Thread 0x000001e461819d90 nmethod 864 0x000001e451b20610 code [0x000001e451b207a0, 0x000001e451b20870]
Event: 0.955 Thread 0x000001e4a7117c10 nmethod 866 0x000001e451b20910 code [0x000001e451b20aa0, 0x000001e451b20b68]
Event: 0.957 Thread 0x000001e461819d90  867       3       java.io.WinNTFileSystem::prefixLength (91 bytes)
Event: 0.957 Thread 0x000001e4a7117c10  868       3       java.lang.ref.Cleaner::register (25 bytes)
Event: 0.957 Thread 0x000001e4619e9020  869       3       jdk.internal.ref.CleanerImpl$PhantomCleanableRef::<init> (12 bytes)
Event: 0.957 Thread 0x000001e4619e9020 nmethod 869 0x000001e44a09b590 code [0x000001e44a09b740, 0x000001e44a09b8f0]
Event: 0.957 Thread 0x000001e4a7117c10 nmethod 868 0x000001e44a09b990 code [0x000001e44a09bb80, 0x000001e44a09c0e8]
Event: 0.957 Thread 0x000001e461819d90 nmethod 867 0x000001e44a09c310 code [0x000001e44a09c620, 0x000001e44a09da50]
Event: 0.961 Thread 0x000001e4a7117c10  870       3       java.lang.ClassLoader::loadClass (7 bytes)
Event: 0.961 Thread 0x000001e461819d90  871       3       jdk.internal.loader.BuiltinClassLoader::loadClass (22 bytes)
Event: 0.961 Thread 0x000001e4619e9020  872       3       jdk.internal.loader.ClassLoaders$BootClassLoader::loadClassOrNull (10 bytes)
Event: 0.961 Thread 0x000001e4a7117c10 nmethod 870 0x000001e44a09e110 code [0x000001e44a09e2c0, 0x000001e44a09e498]
Event: 0.961 Thread 0x000001e4a7117c10  873       3       java.io.File::isInvalid (47 bytes)
Event: 0.961 Thread 0x000001e461819d90 nmethod 871 0x000001e44a09e510 code [0x000001e44a09e6e0, 0x000001e44a09e9a0]
Event: 0.961 Thread 0x000001e4619e9020 nmethod 872 0x000001e44a09ea90 code [0x000001e44a09ec60, 0x000001e44a09eef8]
Event: 0.961 Thread 0x000001e4a7117c10 nmethod 873 0x000001e44a09f010 code [0x000001e44a09f1e0, 0x000001e44a09f4a8]
Event: 0.963 Thread 0x000001e4a7117c10  874       1       java.lang.reflect.Method::getName (5 bytes)
Event: 0.963 Thread 0x000001e4a7117c10 nmethod 874 0x000001e451b20c10 code [0x000001e451b20da0, 0x000001e451b20e70]

GC Heap History (0 events):
No events

Dll operation events (9 events):
Event: 0.005 Loaded shared library C:\Program Files\Zulu\zulu-21\bin\java.dll
Event: 0.029 Loaded shared library C:\Program Files\Zulu\zulu-21\bin\jsvml.dll
Event: 0.052 Loaded shared library C:\Program Files\Zulu\zulu-21\bin\net.dll
Event: 0.054 Loaded shared library C:\Program Files\Zulu\zulu-21\bin\nio.dll
Event: 0.057 Loaded shared library C:\Program Files\Zulu\zulu-21\bin\zip.dll
Event: 0.100 Loaded shared library C:\Program Files\Zulu\zulu-21\bin\jimage.dll
Event: 0.118 Loaded shared library C:\Users\gabi0\AppData\Local\Temp\lwjgl_gabi0\3.3.6+1\x64\lwjgl.dll
Event: 0.487 Loaded shared library C:\Users\gabi0\AppData\Local\Temp\lwjgl_gabi0\3.3.6+1\x64\lwjgl_opengl.dll
Event: 0.773 Loaded shared library C:\Program Files\Zulu\zulu-21\bin\verify.dll

Deoptimization events (20 events):
Event: 0.494 Thread 0x000001e43f6cd540 DEOPT PACKING pc=0x000001e449fe613a sp=0x000000227b3fddd0
Event: 0.494 Thread 0x000001e43f6cd540 DEOPT UNPACKING pc=0x000001e4513e4e42 sp=0x000000227b3fd268 mode 0
Event: 0.494 Thread 0x000001e43f6cd540 DEOPT PACKING pc=0x000001e449fe6044 sp=0x000000227b3fddd0
Event: 0.494 Thread 0x000001e43f6cd540 DEOPT UNPACKING pc=0x000001e4513e4e42 sp=0x000000227b3fd268 mode 0
Event: 0.494 Thread 0x000001e43f6cd540 DEOPT PACKING pc=0x000001e449fe5eea sp=0x000000227b3fddd0
Event: 0.494 Thread 0x000001e43f6cd540 DEOPT UNPACKING pc=0x000001e4513e4e42 sp=0x000000227b3fd268 mode 0
Event: 0.494 Thread 0x000001e43f6cd540 DEOPT PACKING pc=0x000001e449fe5eea sp=0x000000227b3fddd0
Event: 0.494 Thread 0x000001e43f6cd540 DEOPT UNPACKING pc=0x000001e4513e4e42 sp=0x000000227b3fd268 mode 0
Event: 0.494 Thread 0x000001e43f6cd540 DEOPT PACKING pc=0x000001e449fe5eea sp=0x000000227b3fddd0
Event: 0.494 Thread 0x000001e43f6cd540 DEOPT UNPACKING pc=0x000001e4513e4e42 sp=0x000000227b3fd268 mode 0
Event: 0.494 Thread 0x000001e43f6cd540 DEOPT PACKING pc=0x000001e449fe5eea sp=0x000000227b3fddd0
Event: 0.494 Thread 0x000001e43f6cd540 DEOPT UNPACKING pc=0x000001e4513e4e42 sp=0x000000227b3fd268 mode 0
Event: 0.589 Thread 0x000001e43f6cd540 Uncommon trap: trap_request=0xffffff54 fr.pc=0x000001e451b1348c relative=0x000000000000006c
Event: 0.589 Thread 0x000001e43f6cd540 Uncommon trap: reason=speculate_null_assert action=make_not_entrant pc=0x000001e451b1348c method=sun.misc.Unsafe.getLong(Ljava/lang/Object;J)J @ 5 c2
Event: 0.589 Thread 0x000001e43f6cd540 DEOPT PACKING pc=0x000001e451b1348c sp=0x000000227b3febb0
Event: 0.589 Thread 0x000001e43f6cd540 DEOPT UNPACKING pc=0x000001e4513e46a2 sp=0x000000227b3feb38 mode 2
Event: 0.699 Thread 0x000001e43f6cd540 Uncommon trap: trap_request=0xffffff54 fr.pc=0x000001e451b14090 relative=0x0000000000000070
Event: 0.699 Thread 0x000001e43f6cd540 Uncommon trap: reason=speculate_null_assert action=make_not_entrant pc=0x000001e451b14090 method=sun.misc.Unsafe.putLong(Ljava/lang/Object;JJ)V @ 7 c2
Event: 0.699 Thread 0x000001e43f6cd540 DEOPT PACKING pc=0x000001e451b14090 sp=0x000000227b3feba0
Event: 0.699 Thread 0x000001e43f6cd540 DEOPT UNPACKING pc=0x000001e4513e46a2 sp=0x000000227b3feb18 mode 2

Classes loaded (20 events):
Event: 0.883 Loading class java/nio/HeapFloatBuffer
Event: 0.883 Loading class java/nio/HeapFloatBuffer done
Event: 0.891 Loading class jdk/internal/module/ModulePatcher$PatchedModuleReader
Event: 0.891 Loading class jdk/internal/module/ModulePatcher$PatchedModuleReader done
Event: 0.891 Loading class sun/net/www/protocol/jrt/Handler
Event: 0.891 Loading class sun/net/www/protocol/jrt/Handler done
Event: 0.894 Loading class sun/util/resources/LocaleData$CommonResourceBundleProvider
Event: 0.894 Loading class sun/util/resources/LocaleData$LocaleDataResourceBundleProvider
Event: 0.894 Loading class java/util/spi/ResourceBundleProvider
Event: 0.894 Loading class java/util/spi/ResourceBundleProvider done
Event: 0.894 Loading class sun/util/resources/LocaleData$LocaleDataResourceBundleProvider done
Event: 0.894 Loading class sun/util/resources/LocaleData$CommonResourceBundleProvider done
Event: 0.894 Loading class sun/util/resources/Bundles$2
Event: 0.894 Loading class sun/util/resources/Bundles$2 done
Event: 0.895 Loading class jdk/internal/foreign/MemorySessionImpl
Event: 0.895 Loading class java/lang/foreign/MemorySegment$Scope
Event: 0.895 Loading class java/lang/foreign/MemorySegment$Scope done
Event: 0.895 Loading class jdk/internal/foreign/MemorySessionImpl done
Event: 0.906 Loading class java/lang/SecurityException
Event: 0.906 Loading class java/lang/SecurityException done

Classes unloaded (0 events):
No events

Classes redefined (0 events):
No events

Internal exceptions (20 events):
Event: 0.171 Thread 0x000001e43f6cd540 Exception <a 'java/lang/NoSuchMethodError'{0x0000000710990f80}: 'java.lang.Object java.lang.invoke.Invokers$Holder.linkToTargetMethod(java.lang.Object, long, java.lang.Object)'> (0x0000000710990f80) 
thrown [s\src\hotspot\share\interpreter\linkResolver.cpp, line 773]
Event: 0.171 Thread 0x000001e43f6cd540 Exception <a 'java/lang/NoSuchMethodError'{0x0000000710997ed8}: 'int java.lang.invoke.DirectMethodHandle$Holder.invokeStaticInit(java.lang.Object, java.lang.Object, java.lang.Object, long)'> (0x0000000710997ed8) 
thrown [s\src\hotspot\share\interpreter\linkResolver.cpp, line 773]
Event: 0.186 Thread 0x000001e43f6cd540 Exception <a 'sun/nio/fs/WindowsException'{0x000000071063e2e8}> (0x000000071063e2e8) 
thrown [s\src\hotspot\share\prims\jni.cpp, line 520]
Event: 0.186 Thread 0x000001e43f6cd540 Exception <a 'sun/nio/fs/WindowsException'{0x000000071063e940}> (0x000000071063e940) 
thrown [s\src\hotspot\share\prims\jni.cpp, line 520]
Event: 0.186 Thread 0x000001e43f6cd540 Exception <a 'sun/nio/fs/WindowsException'{0x00000007106455c0}> (0x00000007106455c0) 
thrown [s\src\hotspot\share\prims\jni.cpp, line 520]
Event: 0.190 Thread 0x000001e43f6cd540 Exception <a 'sun/nio/fs/WindowsException'{0x000000071064a308}> (0x000000071064a308) 
thrown [s\src\hotspot\share\prims\jni.cpp, line 520]
Event: 0.190 Thread 0x000001e43f6cd540 Exception <a 'sun/nio/fs/WindowsException'{0x000000071064a668}> (0x000000071064a668) 
thrown [s\src\hotspot\share\prims\jni.cpp, line 520]
Event: 0.206 Thread 0x000001e43f6cd540 Exception <a 'java/lang/NoSuchMethodError'{0x000000071065f338}: 'int java.lang.invoke.Invokers$Holder.invokeExact_MT(java.lang.Object, java.lang.Object)'> (0x000000071065f338) 
thrown [s\src\hotspot\share\interpreter\linkResolver.cpp, line 773]
Event: 0.451 Thread 0x000001e43f6cd540 Exception <a 'java/lang/NoSuchMethodError'{0x00000007106b5d78}: 'void java.lang.invoke.DirectMethodHandle$Holder.invokeStaticInit(java.lang.Object, long, int, int, int)'> (0x00000007106b5d78) 
thrown [s\src\hotspot\share\interpreter\linkResolver.cpp, line 773]
Event: 0.453 Thread 0x000001e43f6cd540 Exception <a 'java/lang/NoSuchMethodError'{0x00000007106c38f0}: 'void java.lang.invoke.DirectMethodHandle$Holder.invokeStaticInit(java.lang.Object, long, double, double)'> (0x00000007106c38f0) 
thrown [s\src\hotspot\share\interpreter\linkResolver.cpp, line 773]
Event: 0.456 Thread 0x000001e43f6cd540 Exception <a 'java/lang/NoSuchMethodError'{0x00000007106d93b8}: 'void java.lang.invoke.DirectMethodHandle$Holder.invokeStaticInit(java.lang.Object, long, int, int, int, int)'> (0x00000007106d93b8) 
thrown [s\src\hotspot\share\interpreter\linkResolver.cpp, line 773]
Event: 0.482 Thread 0x000001e43f6cd540 Exception <a 'java/lang/NoSuchMethodError'{0x0000000710703da0}: 'void java.lang.System.load(java.lang.String, java.lang.Class)'> (0x0000000710703da0) 
thrown [s\src\hotspot\share\interpreter\linkResolver.cpp, line 773]
Event: 0.482 Thread 0x000001e43f6cd540 Exception <a 'java/lang/NoSuchMethodError'{0x0000000710706740}: 'void java.lang.System.loadLibrary(java.lang.String, java.lang.Class)'> (0x0000000710706740) 
thrown [s\src\hotspot\share\interpreter\linkResolver.cpp, line 773]
Event: 0.483 Thread 0x000001e43f6cd540 Exception <a 'sun/nio/fs/WindowsException'{0x000000071070a070}> (0x000000071070a070) 
thrown [s\src\hotspot\share\prims\jni.cpp, line 520]
Event: 0.483 Thread 0x000001e43f6cd540 Exception <a 'sun/nio/fs/WindowsException'{0x000000071070a6d8}> (0x000000071070a6d8) 
thrown [s\src\hotspot\share\prims\jni.cpp, line 520]
Event: 0.484 Thread 0x000001e43f6cd540 Exception <a 'sun/nio/fs/WindowsException'{0x0000000710711348}> (0x0000000710711348) 
thrown [s\src\hotspot\share\prims\jni.cpp, line 520]
Event: 0.486 Thread 0x000001e43f6cd540 Exception <a 'sun/nio/fs/WindowsException'{0x00000007107870f8}> (0x00000007107870f8) 
thrown [s\src\hotspot\share\prims\jni.cpp, line 520]
Event: 0.486 Thread 0x000001e43f6cd540 Exception <a 'sun/nio/fs/WindowsException'{0x0000000710787498}> (0x0000000710787498) 
thrown [s\src\hotspot\share\prims\jni.cpp, line 520]
Event: 0.496 Thread 0x000001e43f6cd540 Exception <a 'sun/nio/fs/WindowsException'{0x0000000710792248}> (0x0000000710792248) 
thrown [s\src\hotspot\share\prims\jni.cpp, line 520]
Event: 0.496 Thread 0x000001e43f6cd540 Exception <a 'sun/nio/fs/WindowsException'{0x0000000710792518}> (0x0000000710792518) 
thrown [s\src\hotspot\share\prims\jni.cpp, line 520]

ZGC Phase Switch (0 events):
No events

VM Operations (4 events):
Event: 0.057 Executing VM operation: HandshakeAllThreads (Deoptimize)
Event: 0.057 Executing VM operation: HandshakeAllThreads (Deoptimize) done
Event: 0.889 Executing VM operation: HandshakeAllThreads (Deoptimize)
Event: 0.889 Executing VM operation: HandshakeAllThreads (Deoptimize) done

Events (17 events):
Event: 0.017 Thread 0x000001e43f6cd540 Thread added: 0x000001e43f6cd540
Event: 0.027 Thread 0x000001e4618054c0 Thread added: 0x000001e4618054c0
Event: 0.027 Thread 0x000001e461806590 Thread added: 0x000001e461806590
Event: 0.027 Thread 0x000001e46180b360 Thread added: 0x000001e46180b360
Event: 0.027 Thread 0x000001e46180e060 Thread added: 0x000001e46180e060
Event: 0.027 Thread 0x000001e46180f5c0 Thread added: 0x000001e46180f5c0
Event: 0.028 Thread 0x000001e461812590 Thread added: 0x000001e461812590
Event: 0.028 Thread 0x000001e461816d80 Thread added: 0x000001e461816d80
Event: 0.028 Thread 0x000001e461819d90 Thread added: 0x000001e461819d90
Event: 0.032 Thread 0x000001e4619e9020 Thread added: 0x000001e4619e9020
Event: 0.046 Thread 0x000001e461b1efb0 Thread added: 0x000001e461b1efb0
Event: 0.048 Thread 0x000001e461b23280 Thread added: 0x000001e461b23280
Event: 0.165 Thread 0x000001e461d4b8f0 Thread added: 0x000001e461d4b8f0
Event: 0.209 Thread 0x000001e4a7117c10 Thread added: 0x000001e4a7117c10
Event: 0.450 Thread 0x000001e461d4b8f0 Thread exited: 0x000001e461d4b8f0
Event: 0.497 Thread 0x000001e461cfbad0 Thread added: 0x000001e461cfbad0
Event: 0.887 Thread 0x000001e461cfbad0 Thread exited: 0x000001e461cfbad0


Dynamic libraries:
0x00007ff75cd80000 - 0x00007ff75cd8e000 	C:\Program Files\Zulu\zulu-21\bin\java.exe
0x00007fff6fe10000 - 0x00007fff70008000 	C:\WINDOWS\SYSTEM32\ntdll.dll
0x00007fff6eee0000 - 0x00007fff6efa2000 	C:\WINDOWS\System32\KERNEL32.DLL
0x00007fff6d9c0000 - 0x00007fff6dcbf000 	C:\WINDOWS\System32\KERNELBASE.dll
0x00007fff6dcc0000 - 0x00007fff6ddc0000 	C:\WINDOWS\System32\ucrtbase.dll
0x00007fff629b0000 - 0x00007fff629c8000 	C:\Program Files\Zulu\zulu-21\bin\jli.dll
0x00007fff66c00000 - 0x00007fff66c1b000 	C:\Program Files\Zulu\zulu-21\bin\VCRUNTIME140.dll
0x00007fff6e110000 - 0x00007fff6e2ad000 	C:\WINDOWS\System32\USER32.dll
0x00007fff6d8e0000 - 0x00007fff6d902000 	C:\WINDOWS\System32\win32u.dll
0x00007fff5ff00000 - 0x00007fff6019a000 	C:\WINDOWS\WinSxS\amd64_microsoft.windows.common-controls_6595b64144ccf1df_6.0.19041.4355_none_60b8b9eb71f62e16\COMCTL32.dll
0x00007fff6f9f0000 - 0x00007fff6fa1b000 	C:\WINDOWS\System32\GDI32.dll
0x00007fff6fb20000 - 0x00007fff6fbbe000 	C:\WINDOWS\System32\msvcrt.dll
0x00007fff6d550000 - 0x00007fff6d66a000 	C:\WINDOWS\System32\gdi32full.dll
0x00007fff6d4b0000 - 0x00007fff6d54d000 	C:\WINDOWS\System32\msvcp_win.dll
0x00007fff6f240000 - 0x00007fff6f26f000 	C:\WINDOWS\System32\IMM32.DLL
0x00007fff69c50000 - 0x00007fff69c5c000 	C:\Program Files\Zulu\zulu-21\bin\vcruntime140_1.dll
0x00007fff42c30000 - 0x00007fff42cbe000 	C:\Program Files\Zulu\zulu-21\bin\msvcp140.dll
0x00007ffed2c90000 - 0x00007ffed3a1b000 	C:\Program Files\Zulu\zulu-21\bin\server\jvm.dll
0x00007fff6e610000 - 0x00007fff6e6bf000 	C:\WINDOWS\System32\ADVAPI32.dll
0x00007fff6f270000 - 0x00007fff6f30f000 	C:\WINDOWS\System32\sechost.dll
0x00007fff6de30000 - 0x00007fff6df53000 	C:\WINDOWS\System32\RPCRT4.dll
0x00007fff6d670000 - 0x00007fff6d697000 	C:\WINDOWS\System32\bcrypt.dll
0x00007fff6f1d0000 - 0x00007fff6f23b000 	C:\WINDOWS\System32\WS2_32.dll
0x00007fff6ca00000 - 0x00007fff6ca4b000 	C:\WINDOWS\SYSTEM32\POWRPROF.dll
0x00007fff686b0000 - 0x00007fff686ba000 	C:\WINDOWS\SYSTEM32\VERSION.dll
0x00007fff64a20000 - 0x00007fff64a47000 	C:\WINDOWS\SYSTEM32\WINMM.dll
0x00007fff6c870000 - 0x00007fff6c882000 	C:\WINDOWS\SYSTEM32\UMPDC.dll
0x00007fff6bca0000 - 0x00007fff6bcb2000 	C:\WINDOWS\SYSTEM32\kernel.appcore.dll
0x00007fff68ee0000 - 0x00007fff68eea000 	C:\Program Files\Zulu\zulu-21\bin\jimage.dll
0x00007fff6b160000 - 0x00007fff6b344000 	C:\WINDOWS\SYSTEM32\DBGHELP.DLL
0x00007fff5ef50000 - 0x00007fff5ef84000 	C:\WINDOWS\SYSTEM32\dbgcore.DLL
0x00007fff6d6a0000 - 0x00007fff6d722000 	C:\WINDOWS\System32\bcryptPrimitives.dll
0x00007fff5a380000 - 0x00007fff5a39f000 	C:\Program Files\Zulu\zulu-21\bin\java.dll
0x00007fff6e6c0000 - 0x00007fff6ee2d000 	C:\WINDOWS\System32\SHELL32.dll
0x00007fff6b4f0000 - 0x00007fff6bc94000 	C:\WINDOWS\SYSTEM32\windows.storage.dll
0x00007fff6e2b0000 - 0x00007fff6e605000 	C:\WINDOWS\System32\combase.dll
0x00007fff6cec0000 - 0x00007fff6ceef000 	C:\WINDOWS\SYSTEM32\Wldp.dll
0x00007fff6efc0000 - 0x00007fff6f08d000 	C:\WINDOWS\System32\OLEAUT32.dll
0x00007fff6ee30000 - 0x00007fff6eedd000 	C:\WINDOWS\System32\SHCORE.dll
0x00007fff6faa0000 - 0x00007fff6faf5000 	C:\WINDOWS\System32\shlwapi.dll
0x00007fff6d3e0000 - 0x00007fff6d404000 	C:\WINDOWS\SYSTEM32\profapi.dll
0x00007fff36cb0000 - 0x00007fff36d87000 	C:\Program Files\Zulu\zulu-21\bin\jsvml.dll
0x00007fff67440000 - 0x00007fff67450000 	C:\Program Files\Zulu\zulu-21\bin\net.dll
0x00007fff68ba0000 - 0x00007fff68caa000 	C:\WINDOWS\SYSTEM32\WINHTTP.dll
0x00007fff6cbe0000 - 0x00007fff6cc4c000 	C:\WINDOWS\system32\mswsock.dll
0x00007fff4c260000 - 0x00007fff4c276000 	C:\Program Files\Zulu\zulu-21\bin\nio.dll
0x00007fff4c280000 - 0x00007fff4c298000 	C:\Program Files\Zulu\zulu-21\bin\zip.dll
0x00007fff3f8c0000 - 0x00007fff3f93e000 	C:\Users\gabi0\AppData\Local\Temp\lwjgl_gabi0\3.3.6+1\x64\lwjgl.dll
0x00007fff36c20000 - 0x00007fff36ca9000 	C:\Users\gabi0\AppData\Local\Temp\lwjgl_gabi0\3.3.6+1\x64\glfw.dll
0x00007fff18130000 - 0x00007fff18175000 	C:\WINDOWS\SYSTEM32\dinput8.dll
0x00007fff5f0c0000 - 0x00007fff5f0d1000 	C:\WINDOWS\SYSTEM32\xinput1_4.dll
0x00007fff6d730000 - 0x00007fff6d77e000 	C:\WINDOWS\System32\cfgmgr32.dll
0x00007fff6d240000 - 0x00007fff6d273000 	C:\WINDOWS\SYSTEM32\DEVOBJ.dll
0x00007fff6ae50000 - 0x00007fff6ae7f000 	C:\WINDOWS\SYSTEM32\dwmapi.dll
0x00007fff4ac70000 - 0x00007fff4adc2000 	C:\WINDOWS\SYSTEM32\inputhost.dll
0x00007fff669c0000 - 0x00007fff66ab2000 	C:\WINDOWS\SYSTEM32\CoreMessaging.dll
0x00007fff689c0000 - 0x00007fff68b17000 	C:\WINDOWS\SYSTEM32\wintypes.dll
0x00007fff683c0000 - 0x00007fff684b6000 	C:\WINDOWS\SYSTEM32\PROPSYS.dll
0x00007fff66660000 - 0x00007fff669bb000 	C:\WINDOWS\SYSTEM32\CoreUIComponents.dll
0x00007fff6c700000 - 0x00007fff6c733000 	C:\WINDOWS\SYSTEM32\ntmarta.dll
0x00007fff6a7f0000 - 0x00007fff6a88e000 	C:\WINDOWS\system32\uxtheme.dll
0x00007fff6f790000 - 0x00007fff6f8a5000 	C:\WINDOWS\System32\MSCTF.dll
0x00007fff02b40000 - 0x00007fff02c68000 	C:\WINDOWS\SYSTEM32\opengl32.dll
0x00007fff4c230000 - 0x00007fff4c25c000 	C:\WINDOWS\SYSTEM32\GLU32.dll
0x00007fff6f120000 - 0x00007fff6f1c9000 	C:\WINDOWS\System32\clbcatq.dll
0x00007fff1eda0000 - 0x00007fff21388000 	C:\WINDOWS\System32\DriverStore\FileRepository\nvmd.inf_amd64_aa54f7a758543a0a\nvoglv64.dll
0x00007fff6f310000 - 0x00007fff6f781000 	C:\WINDOWS\System32\SETUPAPI.dll
0x00007fff6f8c0000 - 0x00007fff6f9eb000 	C:\WINDOWS\System32\ole32.dll
0x00007fff69780000 - 0x00007fff69794000 	C:\WINDOWS\SYSTEM32\WTSAPI32.dll
0x00007fff6d070000 - 0x00007fff6d082000 	C:\WINDOWS\SYSTEM32\msasn1.dll
0x00007fff68670000 - 0x00007fff686a1000 	C:\WINDOWS\SYSTEM32\cryptnet.dll
0x00007fff6d780000 - 0x00007fff6d8dc000 	C:\WINDOWS\System32\CRYPT32.dll
0x00007fff6cd70000 - 0x00007fff6cd7c000 	C:\WINDOWS\SYSTEM32\cryptbase.dll
0x00007fff68040000 - 0x00007fff68187000 	C:\WINDOWS\SYSTEM32\drvstore.dll
0x00007fff6ddc0000 - 0x00007fff6de29000 	C:\WINDOWS\System32\WINTRUST.dll
0x00007fff6fb00000 - 0x00007fff6fb1d000 	C:\WINDOWS\System32\imagehlp.dll
0x00007fff6ce10000 - 0x00007fff6ce28000 	C:\WINDOWS\SYSTEM32\CRYPTSP.dll
0x00007fff6c4b0000 - 0x00007fff6c4e4000 	C:\WINDOWS\system32\rsaenh.dll
0x00007fff5ba10000 - 0x00007fff5d9fe000 	C:\WINDOWS\System32\DriverStore\FileRepository\nvmd.inf_amd64_aa54f7a758543a0a\nvgpucomp64.dll
0x00007fff612e0000 - 0x00007fff6131b000 	C:\WINDOWS\SYSTEM32\dxcore.dll
0x00007fff28240000 - 0x00007fff28510000 	C:\WINDOWS\system32\nvspcap64.dll
0x00007fff6c130000 - 0x00007fff6c18b000 	C:\WINDOWS\SYSTEM32\WINSTA.dll
0x00007fff51410000 - 0x00007fff51509000 	C:\WINDOWS\SYSTEM32\textinputframework.dll
0x00007fff62a40000 - 0x00007fff62aa6000 	C:\WINDOWS\system32\Oleacc.dll
0x00007fff425e0000 - 0x00007fff4263d000 	C:\Users\gabi0\AppData\Local\Temp\lwjgl_gabi0\3.3.6+1\x64\lwjgl_opengl.dll
0x00007fff4df00000 - 0x00007fff4df10000 	C:\Program Files\Zulu\zulu-21\bin\verify.dll

dbghelp: loaded successfully - version: 4.0.5 - missing functions: none
symbol engine: initialized successfully - sym options: 0x614 - pdb path: .;C:\Program Files\Zulu\zulu-21\bin;C:\WINDOWS\SYSTEM32;C:\WINDOWS\WinSxS\amd64_microsoft.windows.common-controls_6595b64144ccf1df_6.0.19041.4355_none_60b8b9eb71f62e16;C:\Program Files\Zulu\zulu-21\bin\server;C:\Users\gabi0\AppData\Local\Temp\lwjgl_gabi0\3.3.6+1\x64;C:\WINDOWS\System32\DriverStore\FileRepository\nvmd.inf_amd64_aa54f7a758543a0a

VM Arguments:
jvm_args: -Dfile.encoding=windows-1252 -Duser.country=DK -Duser.language=da -Duser.variant 
java_command: org.example.Main
java_class_path (initial): C:\Users\gabi0\OneDrive\Skrivebord\GameEngine\build\classes\java\main;C:\Users\gabi0\OneDrive\Skrivebord\GameEngine\build\resources\main;C:\Users\gabi0\.gradle\caches\modules-2\files-2.1\org.lwjgl\lwjgl-glfw\3.3.6\7119f7d0eeb1e5502ff0ca71d2b4d47317da015\lwjgl-glfw-3.3.6.jar;C:\Users\gabi0\.gradle\caches\modules-2\files-2.1\org.lwjgl\lwjgl-glfw\3.3.6\99ef08056feb9627f90425a4d2a22cd9fae8e39b\lwjgl-glfw-3.3.6-natives-windows.jar;C:\Users\gabi0\.gradle\caches\modules-2\files-2.1\org.lwjgl\lwjgl-openal\3.3.6\ad313317ff399fd2a7f4dd74716a68cf3976c6ad\lwjgl-openal-3.3.6.jar;C:\Users\gabi0\.gradle\caches\modules-2\files-2.1\org.lwjgl\lwjgl-openal\3.3.6\9c2b9b660e085bb0b47a4453dc0e26f24a5475e4\lwjgl-openal-3.3.6-natives-windows.jar;C:\Users\gabi0\.gradle\caches\modules-2\files-2.1\org.lwjgl\lwjgl-opengl\3.3.6\ac2532612a4df374e9a9282bcf8ce2573018ebbb\lwjgl-opengl-3.3.6.jar;C:\Users\gabi0\.gradle\caches\modules-2\files-2.1\org.lwjgl\lwjgl-opengl\3.3.6\18dc639ebc94aa5202c2157f7490d28997b697c5\lwjgl-opengl-3.3.6-natives-windows.jar;C:\Users\gabi0\.gradle\caches\modules-2\files-2.1\org.lwjgl\lwjgl\3.3.6\ce7721d30cfaf47feaed10213e0c43eb55c49d68\lwjgl-3.3.6.jar;C:\Users\gabi0\.gradle\caches\modules-2\files-2.1\org.lwjgl\lwjgl\3.3.6\9a29b6a22fc5184604b8cb434ee5d5ecc4bfcbee\lwjgl-3.3.6-natives-windows.jar;C:\Users\gabi0\.gradle\caches\modules-2\files-2.1\org.joml\joml\1.10.7\f8c3f2e7db281bde099342dd36133de4bbba390c\joml-1.10.7.jar;C:\Users\gabi0\.gradle\caches\modules-2\files-2.1\org.jetbrains.kotlin\kotlin-stdlib-jdk8\1.8.20\73576ddf378c5b4f1f6b449fe6b119b8183fc078\kotlin-stdlib-jdk8-1.8.20.jar;C:\Users\gabi0\.gradle\caches\modules-2\files-2.1\org.jetbrains.kotlin\kotlin-stdlib-jdk7\1.8.20\3aa51faf20aae8b31e1a4bc54f8370673d7b7df4\kotlin-stdlib-jdk7-1.8.20.jar;C:\Users\gabi0\.gradle\caches\modules-2\files-2.1\org.jetbrains.kotlin\kotlin-stdlib\1.8.20\e72fc5e03ec6c064c678a6bd0d955c88d55b0c4a\kotlin-stdlib-1.8.20.jar;C:\Users\gabi0\.gradle\caches\modules-2\files-2.1\org.jetbrains.kotlin\kotlin-stdlib-common\1.8.20\5eddaaf234c8c49d03eebeb6a14feb7f90faca71\kotlin-stdlib-common-1.8.20.jar;C:\Users\gabi0\.gradle\caches\modules-2\files-2.1\org.jetbrains\annotations\13.0\919f0dfe192fb4e063e7dacadee7f8bb9a2672a9\annotations-13.0.jar
Launcher Type: SUN_STANDARD

[Global flags]
     intx CICompilerCount                          = 12                                        {product} {ergonomic}
     uint ConcGCThreads                            = 3                                         {product} {ergonomic}
     uint G1ConcRefinementThreads                  = 13                                        {product} {ergonomic}
   size_t G1HeapRegionSize                         = 2097152                                   {product} {ergonomic}
    uintx GCDrainStackTargetSize                   = 64                                        {product} {ergonomic}
   size_t InitialHeapSize                          = 268435456                                 {product} {ergonomic}
   size_t MarkStackSize                            = 4194304                                   {product} {ergonomic}
   size_t MaxHeapSize                              = 4280287232                                {product} {ergonomic}
   size_t MaxNewSize                               = 2566914048                                {product} {ergonomic}
   size_t MinHeapDeltaBytes                        = 2097152                                   {product} {ergonomic}
   size_t MinHeapSize                              = 8388608                                   {product} {ergonomic}
    uintx NonNMethodCodeHeapSize                   = 7602480                                {pd product} {ergonomic}
    uintx NonProfiledCodeHeapSize                  = 122027880                              {pd product} {ergonomic}
    uintx ProfiledCodeHeapSize                     = 122027880                              {pd product} {ergonomic}
    uintx ReservedCodeCacheSize                    = 251658240                              {pd product} {ergonomic}
     bool SegmentedCodeCache                       = true                                      {product} {ergonomic}
   size_t SoftMaxHeapSize                          = 4280287232                             {manageable} {ergonomic}
     bool UseCompressedOops                        = true                           {product lp64_product} {ergonomic}
     bool UseG1GC                                  = true                                      {product} {ergonomic}
     bool UseLargePagesIndividualAllocation        = false                                  {pd product} {ergonomic}

Logging:
Log output configuration:
 #0: stdout all=warning uptime,level,tags foldmultilines=false
 #1: stderr all=off uptime,level,tags foldmultilines=false

Environment Variables:
JAVA_HOME=C:\Program Files\Zulu\zulu-21
PATH=C:\Program Files\Zulu\zulu-21\bin\;C:\Program Files\Eclipse Adoptium\jdk-8.0.432.6-hotspot\bin;C:\Program Files\Common Files\Oracle\Java\javapath;C:\Program Files (x86)\Razer Chroma SDK\bin;C:\Program Files\Razer Chroma SDK\bin;C:\Program Files\Zulu\zulu-17\bin\;C:\Program Files (x86)\Razer\ChromaBroadcast\bin;C:\Program Files\Razer\ChromaBroadcast\bin;C:\WINDOWS\system32;C:\WINDOWS;C:\WINDOWS\System32\Wbem;C:\WINDOWS\System32\WindowsPowerShell\v1.0\;C:\WINDOWS\System32\OpenSSH\;C:\Program Files\NVIDIA Corporation\NVIDIA NvDLISR;C:\Program Files\RedHat\java-17-openjdk-17.0.8.1.1-2\bin;C:\WINDOWS\system32\config\systemprofile\AppData\Local\Microsoft\WindowsApps;C:\Users\gabi0\AppData\Local\Programs\Python\Python311\Scripts\;C:\Users\gabi0\AppData\Local\Programs\Python\Python311\;C:\Users\gabi0\AppData\Local\Microsoft\WindowsApps;C:\Users\gabi0\AppData\Local\Programs\Microsoft VS Code\bin;C:\Users\gabi0\AppData\Local\GitHubDesktop\bin;C:\Program Files\Git\cmd;C:\Program Files\nodejs\;C:\Program Files (x86)\NVIDIA Corporation\PhysX\Common;\MinGW\bin\;C:\Program Files\dotnet\;C:\Program Files (x86)\sbt\bin;C:\maven\apache-maven-3.9.9\bin;;C:\Program Files\Docker\Docker\resources\bin;C:\Users\gabi0\AppData\Local\Programs\Python\Python311\Scripts\;C:\Users\gabi0\AppData\Local\Programs\Python\Python311\;C:\Users\gabi0\AppData\Local\Microsoft\WindowsApps;C:\Users\gabi0\AppData\Local\Programs\Microsoft VS Code\bin;C:\Users\gabi0\AppData\Local\GitHubDesktop\bin;C:\Users\gabi0\flutter\bin;C:\Users\gabi0\AppData\Roaming\npm;C:\Users\gabi0\.dotnet\tools
USERNAME=gabi0
OS=Windows_NT
PROCESSOR_IDENTIFIER=Intel64 Family 6 Model 158 Stepping 12, GenuineIntel
TMP=C:\Users\gabi0\AppData\Local\Temp
TEMP=C:\Users\gabi0\AppData\Local\Temp




---------------  S Y S T E M  ---------------

OS:
 Windows 10 , 64 bit Build 19041 (10.0.19041.5438)
OS uptime: 2 days 22:59 hours
Hyper-V role detected

CPU: total 16 (initial active 16) (8 cores per cpu, 2 threads per core) family 6 model 158 stepping 12 microcode 0xde, cx8, cmov, fxsr, ht, mmx, 3dnowpref, sse, sse2, sse3, ssse3, sse4.1, sse4.2, popcnt, lzcnt, tsc, tscinvbit, avx, avx2, aes, erms, clmul, bmi1, bmi2, rtm, adx, fma, vzeroupper, clflush, clflushopt, hv, rdtscp, f16c
Processor Information for all 16 processors :
  Max Mhz: 3600, Current Mhz: 3600, Mhz Limit: 3600

Memory: 4k page, system-wide physical 16321M (4747M free)
TotalPageFile size 27585M (AvailPageFile size 8119M)
current process WorkingSet (physical memory assigned to process): 155M, peak: 155M
current process commit charge ("private bytes"): 493M, peak: 494M

vm_info: OpenJDK 64-Bit Server VM (21+35) for windows-amd64 JRE (21+35) (Zulu21.28+85-CA), built on 2023-08-25T12:37:36Z by "zulu_re" with MS VC++ 17.1 (VS2022)

END.
